***EXPERIMENT PLANS***

plan 1:
	trial 1: input = airmouse
	trial 2: input = airmouse
	trial 3: input = airmouse
	trial 4: input = airmouse
	trial 5: input = airmouse
	trial 6: input = airmouse
	trial 7: input = airmouse
	trial 8: input = airmouse
	trial 9: input = airmouse
	trial 10: input = airmouse
	trial 11: input = mouseringdouble
	trial 12: input = mouseringdouble
	trial 13: input = mouseringdouble
	trial 14: input = mouseringdouble
	trial 15: input = mouseringdouble
	trial 16: input = mouseringdouble
	trial 17: input = mouseringdouble
	trial 18: input = mouseringdouble
	trial 19: input = mouseringdouble
	trial 20: input = mouseringdouble
	trial 21: input = touchpad
	trial 22: input = touchpad
	trial 23: input = touchpad
	trial 24: input = touchpad
	trial 25: input = touchpad
	trial 26: input = touchpad
	trial 27: input = touchpad
	trial 28: input = touchpad
	trial 29: input = touchpad
	trial 30: input = touchpad
	trial 31: input = mouseringsingle
	trial 32: input = mouseringsingle
	trial 33: input = mouseringsingle
	trial 34: input = mouseringsingle
	trial 35: input = mouseringsingle
	trial 36: input = mouseringsingle
	trial 37: input = mouseringsingle
	trial 38: input = mouseringsingle
	trial 39: input = mouseringsingle
	trial 40: input = mouseringsingle
	trial 41: input = airmouse
	trial 42: input = airmouse
	trial 43: input = airmouse
	trial 44: input = airmouse
	trial 45: input = airmouse
	trial 46: input = airmouse
	trial 47: input = airmouse
	trial 48: input = airmouse
	trial 49: input = airmouse
	trial 50: input = airmouse
	trial 51: input = mouseringdouble
	trial 52: input = mouseringdouble
	trial 53: input = mouseringdouble
	trial 54: input = mouseringdouble
	trial 55: input = mouseringdouble
	trial 56: input = mouseringdouble
	trial 57: input = mouseringdouble
	trial 58: input = mouseringdouble
	trial 59: input = mouseringdouble
	trial 60: input = mouseringdouble
	trial 61: input = touchpad
	trial 62: input = touchpad
	trial 63: input = touchpad
	trial 64: input = touchpad
	trial 65: input = touchpad
	trial 66: input = touchpad
	trial 67: input = touchpad
	trial 68: input = touchpad
	trial 69: input = touchpad
	trial 70: input = touchpad
	trial 71: input = mouseringsingle
	trial 72: input = mouseringsingle
	trial 73: input = mouseringsingle
	trial 74: input = mouseringsingle
	trial 75: input = mouseringsingle
	trial 76: input = mouseringsingle
	trial 77: input = mouseringsingle
	trial 78: input = mouseringsingle
	trial 79: input = mouseringsingle
	trial 80: input = mouseringsingle
	trial 81: input = airmouse
	trial 82: input = airmouse
	trial 83: input = airmouse
	trial 84: input = airmouse
	trial 85: input = airmouse
	trial 86: input = airmouse
	trial 87: input = airmouse
	trial 88: input = airmouse
	trial 89: input = airmouse
	trial 90: input = airmouse
	trial 91: input = mouseringdouble
	trial 92: input = mouseringdouble
	trial 93: input = mouseringdouble
	trial 94: input = mouseringdouble
	trial 95: input = mouseringdouble
	trial 96: input = mouseringdouble
	trial 97: input = mouseringdouble
	trial 98: input = mouseringdouble
	trial 99: input = mouseringdouble
	trial 100: input = mouseringdouble
	trial 101: input = touchpad
	trial 102: input = touchpad
	trial 103: input = touchpad
	trial 104: input = touchpad
	trial 105: input = touchpad
	trial 106: input = touchpad
	trial 107: input = touchpad
	trial 108: input = touchpad
	trial 109: input = touchpad
	trial 110: input = touchpad
	trial 111: input = mouseringsingle
	trial 112: input = mouseringsingle
	trial 113: input = mouseringsingle
	trial 114: input = mouseringsingle
	trial 115: input = mouseringsingle
	trial 116: input = mouseringsingle
	trial 117: input = mouseringsingle
	trial 118: input = mouseringsingle
	trial 119: input = mouseringsingle
	trial 120: input = mouseringsingle
	trial 121: input = airmouse
	trial 122: input = airmouse
	trial 123: input = airmouse
	trial 124: input = airmouse
	trial 125: input = airmouse
	trial 126: input = airmouse
	trial 127: input = airmouse
	trial 128: input = airmouse
	trial 129: input = airmouse
	trial 130: input = airmouse
	trial 131: input = mouseringdouble
	trial 132: input = mouseringdouble
	trial 133: input = mouseringdouble
	trial 134: input = mouseringdouble
	trial 135: input = mouseringdouble
	trial 136: input = mouseringdouble
	trial 137: input = mouseringdouble
	trial 138: input = mouseringdouble
	trial 139: input = mouseringdouble
	trial 140: input = mouseringdouble
	trial 141: input = touchpad
	trial 142: input = touchpad
	trial 143: input = touchpad
	trial 144: input = touchpad
	trial 145: input = touchpad
	trial 146: input = touchpad
	trial 147: input = touchpad
	trial 148: input = touchpad
	trial 149: input = touchpad
	trial 150: input = touchpad
	trial 151: input = mouseringsingle
	trial 152: input = mouseringsingle
	trial 153: input = mouseringsingle
	trial 154: input = mouseringsingle
	trial 155: input = mouseringsingle
	trial 156: input = mouseringsingle
	trial 157: input = mouseringsingle
	trial 158: input = mouseringsingle
	trial 159: input = mouseringsingle
	trial 160: input = mouseringsingle
	trial 161: input = airmouse
	trial 162: input = airmouse
	trial 163: input = airmouse
	trial 164: input = airmouse
	trial 165: input = airmouse
	trial 166: input = airmouse
	trial 167: input = airmouse
	trial 168: input = airmouse
	trial 169: input = airmouse
	trial 170: input = airmouse
	trial 171: input = mouseringdouble
	trial 172: input = mouseringdouble
	trial 173: input = mouseringdouble
	trial 174: input = mouseringdouble
	trial 175: input = mouseringdouble
	trial 176: input = mouseringdouble
	trial 177: input = mouseringdouble
	trial 178: input = mouseringdouble
	trial 179: input = mouseringdouble
	trial 180: input = mouseringdouble
	trial 181: input = touchpad
	trial 182: input = touchpad
	trial 183: input = touchpad
	trial 184: input = touchpad
	trial 185: input = touchpad
	trial 186: input = touchpad
	trial 187: input = touchpad
	trial 188: input = touchpad
	trial 189: input = touchpad
	trial 190: input = touchpad
	trial 191: input = mouseringsingle
	trial 192: input = mouseringsingle
	trial 193: input = mouseringsingle
	trial 194: input = mouseringsingle
	trial 195: input = mouseringsingle
	trial 196: input = mouseringsingle
	trial 197: input = mouseringsingle
	trial 198: input = mouseringsingle
	trial 199: input = mouseringsingle
	trial 200: input = mouseringsingle
plan 2:
	trial 1: input = touchpad
	trial 2: input = touchpad
	trial 3: input = touchpad
	trial 4: input = touchpad
	trial 5: input = touchpad
	trial 6: input = touchpad
	trial 7: input = touchpad
	trial 8: input = touchpad
	trial 9: input = touchpad
	trial 10: input = touchpad
	trial 11: input = airmouse
	trial 12: input = airmouse
	trial 13: input = airmouse
	trial 14: input = airmouse
	trial 15: input = airmouse
	trial 16: input = airmouse
	trial 17: input = airmouse
	trial 18: input = airmouse
	trial 19: input = airmouse
	trial 20: input = airmouse
	trial 21: input = mouseringdouble
	trial 22: input = mouseringdouble
	trial 23: input = mouseringdouble
	trial 24: input = mouseringdouble
	trial 25: input = mouseringdouble
	trial 26: input = mouseringdouble
	trial 27: input = mouseringdouble
	trial 28: input = mouseringdouble
	trial 29: input = mouseringdouble
	trial 30: input = mouseringdouble
	trial 31: input = mouseringsingle
	trial 32: input = mouseringsingle
	trial 33: input = mouseringsingle
	trial 34: input = mouseringsingle
	trial 35: input = mouseringsingle
	trial 36: input = mouseringsingle
	trial 37: input = mouseringsingle
	trial 38: input = mouseringsingle
	trial 39: input = mouseringsingle
	trial 40: input = mouseringsingle
	trial 41: input = touchpad
	trial 42: input = touchpad
	trial 43: input = touchpad
	trial 44: input = touchpad
	trial 45: input = touchpad
	trial 46: input = touchpad
	trial 47: input = touchpad
	trial 48: input = touchpad
	trial 49: input = touchpad
	trial 50: input = touchpad
	trial 51: input = airmouse
	trial 52: input = airmouse
	trial 53: input = airmouse
	trial 54: input = airmouse
	trial 55: input = airmouse
	trial 56: input = airmouse
	trial 57: input = airmouse
	trial 58: input = airmouse
	trial 59: input = airmouse
	trial 60: input = airmouse
	trial 61: input = mouseringdouble
	trial 62: input = mouseringdouble
	trial 63: input = mouseringdouble
	trial 64: input = mouseringdouble
	trial 65: input = mouseringdouble
	trial 66: input = mouseringdouble
	trial 67: input = mouseringdouble
	trial 68: input = mouseringdouble
	trial 69: input = mouseringdouble
	trial 70: input = mouseringdouble
	trial 71: input = mouseringsingle
	trial 72: input = mouseringsingle
	trial 73: input = mouseringsingle
	trial 74: input = mouseringsingle
	trial 75: input = mouseringsingle
	trial 76: input = mouseringsingle
	trial 77: input = mouseringsingle
	trial 78: input = mouseringsingle
	trial 79: input = mouseringsingle
	trial 80: input = mouseringsingle
	trial 81: input = touchpad
	trial 82: input = touchpad
	trial 83: input = touchpad
	trial 84: input = touchpad
	trial 85: input = touchpad
	trial 86: input = touchpad
	trial 87: input = touchpad
	trial 88: input = touchpad
	trial 89: input = touchpad
	trial 90: input = touchpad
	trial 91: input = airmouse
	trial 92: input = airmouse
	trial 93: input = airmouse
	trial 94: input = airmouse
	trial 95: input = airmouse
	trial 96: input = airmouse
	trial 97: input = airmouse
	trial 98: input = airmouse
	trial 99: input = airmouse
	trial 100: input = airmouse
	trial 101: input = mouseringdouble
	trial 102: input = mouseringdouble
	trial 103: input = mouseringdouble
	trial 104: input = mouseringdouble
	trial 105: input = mouseringdouble
	trial 106: input = mouseringdouble
	trial 107: input = mouseringdouble
	trial 108: input = mouseringdouble
	trial 109: input = mouseringdouble
	trial 110: input = mouseringdouble
	trial 111: input = mouseringsingle
	trial 112: input = mouseringsingle
	trial 113: input = mouseringsingle
	trial 114: input = mouseringsingle
	trial 115: input = mouseringsingle
	trial 116: input = mouseringsingle
	trial 117: input = mouseringsingle
	trial 118: input = mouseringsingle
	trial 119: input = mouseringsingle
	trial 120: input = mouseringsingle
	trial 121: input = touchpad
	trial 122: input = touchpad
	trial 123: input = touchpad
	trial 124: input = touchpad
	trial 125: input = touchpad
	trial 126: input = touchpad
	trial 127: input = touchpad
	trial 128: input = touchpad
	trial 129: input = touchpad
	trial 130: input = touchpad
	trial 131: input = airmouse
	trial 132: input = airmouse
	trial 133: input = airmouse
	trial 134: input = airmouse
	trial 135: input = airmouse
	trial 136: input = airmouse
	trial 137: input = airmouse
	trial 138: input = airmouse
	trial 139: input = airmouse
	trial 140: input = airmouse
	trial 141: input = mouseringdouble
	trial 142: input = mouseringdouble
	trial 143: input = mouseringdouble
	trial 144: input = mouseringdouble
	trial 145: input = mouseringdouble
	trial 146: input = mouseringdouble
	trial 147: input = mouseringdouble
	trial 148: input = mouseringdouble
	trial 149: input = mouseringdouble
	trial 150: input = mouseringdouble
	trial 151: input = mouseringsingle
	trial 152: input = mouseringsingle
	trial 153: input = mouseringsingle
	trial 154: input = mouseringsingle
	trial 155: input = mouseringsingle
	trial 156: input = mouseringsingle
	trial 157: input = mouseringsingle
	trial 158: input = mouseringsingle
	trial 159: input = mouseringsingle
	trial 160: input = mouseringsingle
	trial 161: input = touchpad
	trial 162: input = touchpad
	trial 163: input = touchpad
	trial 164: input = touchpad
	trial 165: input = touchpad
	trial 166: input = touchpad
	trial 167: input = touchpad
	trial 168: input = touchpad
	trial 169: input = touchpad
	trial 170: input = touchpad
	trial 171: input = airmouse
	trial 172: input = airmouse
	trial 173: input = airmouse
	trial 174: input = airmouse
	trial 175: input = airmouse
	trial 176: input = airmouse
	trial 177: input = airmouse
	trial 178: input = airmouse
	trial 179: input = airmouse
	trial 180: input = airmouse
	trial 181: input = mouseringdouble
	trial 182: input = mouseringdouble
	trial 183: input = mouseringdouble
	trial 184: input = mouseringdouble
	trial 185: input = mouseringdouble
	trial 186: input = mouseringdouble
	trial 187: input = mouseringdouble
	trial 188: input = mouseringdouble
	trial 189: input = mouseringdouble
	trial 190: input = mouseringdouble
	trial 191: input = mouseringsingle
	trial 192: input = mouseringsingle
	trial 193: input = mouseringsingle
	trial 194: input = mouseringsingle
	trial 195: input = mouseringsingle
	trial 196: input = mouseringsingle
	trial 197: input = mouseringsingle
	trial 198: input = mouseringsingle
	trial 199: input = mouseringsingle
	trial 200: input = mouseringsingle
plan 3:
	trial 1: input = touchpad
	trial 2: input = touchpad
	trial 3: input = touchpad
	trial 4: input = touchpad
	trial 5: input = touchpad
	trial 6: input = touchpad
	trial 7: input = touchpad
	trial 8: input = touchpad
	trial 9: input = touchpad
	trial 10: input = touchpad
	trial 11: input = mouseringdouble
	trial 12: input = mouseringdouble
	trial 13: input = mouseringdouble
	trial 14: input = mouseringdouble
	trial 15: input = mouseringdouble
	trial 16: input = mouseringdouble
	trial 17: input = mouseringdouble
	trial 18: input = mouseringdouble
	trial 19: input = mouseringdouble
	trial 20: input = mouseringdouble
	trial 21: input = airmouse
	trial 22: input = airmouse
	trial 23: input = airmouse
	trial 24: input = airmouse
	trial 25: input = airmouse
	trial 26: input = airmouse
	trial 27: input = airmouse
	trial 28: input = airmouse
	trial 29: input = airmouse
	trial 30: input = airmouse
	trial 31: input = mouseringsingle
	trial 32: input = mouseringsingle
	trial 33: input = mouseringsingle
	trial 34: input = mouseringsingle
	trial 35: input = mouseringsingle
	trial 36: input = mouseringsingle
	trial 37: input = mouseringsingle
	trial 38: input = mouseringsingle
	trial 39: input = mouseringsingle
	trial 40: input = mouseringsingle
	trial 41: input = touchpad
	trial 42: input = touchpad
	trial 43: input = touchpad
	trial 44: input = touchpad
	trial 45: input = touchpad
	trial 46: input = touchpad
	trial 47: input = touchpad
	trial 48: input = touchpad
	trial 49: input = touchpad
	trial 50: input = touchpad
	trial 51: input = mouseringdouble
	trial 52: input = mouseringdouble
	trial 53: input = mouseringdouble
	trial 54: input = mouseringdouble
	trial 55: input = mouseringdouble
	trial 56: input = mouseringdouble
	trial 57: input = mouseringdouble
	trial 58: input = mouseringdouble
	trial 59: input = mouseringdouble
	trial 60: input = mouseringdouble
	trial 61: input = airmouse
	trial 62: input = airmouse
	trial 63: input = airmouse
	trial 64: input = airmouse
	trial 65: input = airmouse
	trial 66: input = airmouse
	trial 67: input = airmouse
	trial 68: input = airmouse
	trial 69: input = airmouse
	trial 70: input = airmouse
	trial 71: input = mouseringsingle
	trial 72: input = mouseringsingle
	trial 73: input = mouseringsingle
	trial 74: input = mouseringsingle
	trial 75: input = mouseringsingle
	trial 76: input = mouseringsingle
	trial 77: input = mouseringsingle
	trial 78: input = mouseringsingle
	trial 79: input = mouseringsingle
	trial 80: input = mouseringsingle
	trial 81: input = touchpad
	trial 82: input = touchpad
	trial 83: input = touchpad
	trial 84: input = touchpad
	trial 85: input = touchpad
	trial 86: input = touchpad
	trial 87: input = touchpad
	trial 88: input = touchpad
	trial 89: input = touchpad
	trial 90: input = touchpad
	trial 91: input = mouseringdouble
	trial 92: input = mouseringdouble
	trial 93: input = mouseringdouble
	trial 94: input = mouseringdouble
	trial 95: input = mouseringdouble
	trial 96: input = mouseringdouble
	trial 97: input = mouseringdouble
	trial 98: input = mouseringdouble
	trial 99: input = mouseringdouble
	trial 100: input = mouseringdouble
	trial 101: input = airmouse
	trial 102: input = airmouse
	trial 103: input = airmouse
	trial 104: input = airmouse
	trial 105: input = airmouse
	trial 106: input = airmouse
	trial 107: input = airmouse
	trial 108: input = airmouse
	trial 109: input = airmouse
	trial 110: input = airmouse
	trial 111: input = mouseringsingle
	trial 112: input = mouseringsingle
	trial 113: input = mouseringsingle
	trial 114: input = mouseringsingle
	trial 115: input = mouseringsingle
	trial 116: input = mouseringsingle
	trial 117: input = mouseringsingle
	trial 118: input = mouseringsingle
	trial 119: input = mouseringsingle
	trial 120: input = mouseringsingle
	trial 121: input = touchpad
	trial 122: input = touchpad
	trial 123: input = touchpad
	trial 124: input = touchpad
	trial 125: input = touchpad
	trial 126: input = touchpad
	trial 127: input = touchpad
	trial 128: input = touchpad
	trial 129: input = touchpad
	trial 130: input = touchpad
	trial 131: input = mouseringdouble
	trial 132: input = mouseringdouble
	trial 133: input = mouseringdouble
	trial 134: input = mouseringdouble
	trial 135: input = mouseringdouble
	trial 136: input = mouseringdouble
	trial 137: input = mouseringdouble
	trial 138: input = mouseringdouble
	trial 139: input = mouseringdouble
	trial 140: input = mouseringdouble
	trial 141: input = airmouse
	trial 142: input = airmouse
	trial 143: input = airmouse
	trial 144: input = airmouse
	trial 145: input = airmouse
	trial 146: input = airmouse
	trial 147: input = airmouse
	trial 148: input = airmouse
	trial 149: input = airmouse
	trial 150: input = airmouse
	trial 151: input = mouseringsingle
	trial 152: input = mouseringsingle
	trial 153: input = mouseringsingle
	trial 154: input = mouseringsingle
	trial 155: input = mouseringsingle
	trial 156: input = mouseringsingle
	trial 157: input = mouseringsingle
	trial 158: input = mouseringsingle
	trial 159: input = mouseringsingle
	trial 160: input = mouseringsingle
	trial 161: input = touchpad
	trial 162: input = touchpad
	trial 163: input = touchpad
	trial 164: input = touchpad
	trial 165: input = touchpad
	trial 166: input = touchpad
	trial 167: input = touchpad
	trial 168: input = touchpad
	trial 169: input = touchpad
	trial 170: input = touchpad
	trial 171: input = mouseringdouble
	trial 172: input = mouseringdouble
	trial 173: input = mouseringdouble
	trial 174: input = mouseringdouble
	trial 175: input = mouseringdouble
	trial 176: input = mouseringdouble
	trial 177: input = mouseringdouble
	trial 178: input = mouseringdouble
	trial 179: input = mouseringdouble
	trial 180: input = mouseringdouble
	trial 181: input = airmouse
	trial 182: input = airmouse
	trial 183: input = airmouse
	trial 184: input = airmouse
	trial 185: input = airmouse
	trial 186: input = airmouse
	trial 187: input = airmouse
	trial 188: input = airmouse
	trial 189: input = airmouse
	trial 190: input = airmouse
	trial 191: input = mouseringsingle
	trial 192: input = mouseringsingle
	trial 193: input = mouseringsingle
	trial 194: input = mouseringsingle
	trial 195: input = mouseringsingle
	trial 196: input = mouseringsingle
	trial 197: input = mouseringsingle
	trial 198: input = mouseringsingle
	trial 199: input = mouseringsingle
	trial 200: input = mouseringsingle
plan 4:
	trial 1: input = mouseringdouble
	trial 2: input = mouseringdouble
	trial 3: input = mouseringdouble
	trial 4: input = mouseringdouble
	trial 5: input = mouseringdouble
	trial 6: input = mouseringdouble
	trial 7: input = mouseringdouble
	trial 8: input = mouseringdouble
	trial 9: input = mouseringdouble
	trial 10: input = mouseringdouble
	trial 11: input = airmouse
	trial 12: input = airmouse
	trial 13: input = airmouse
	trial 14: input = airmouse
	trial 15: input = airmouse
	trial 16: input = airmouse
	trial 17: input = airmouse
	trial 18: input = airmouse
	trial 19: input = airmouse
	trial 20: input = airmouse
	trial 21: input = mouseringsingle
	trial 22: input = mouseringsingle
	trial 23: input = mouseringsingle
	trial 24: input = mouseringsingle
	trial 25: input = mouseringsingle
	trial 26: input = mouseringsingle
	trial 27: input = mouseringsingle
	trial 28: input = mouseringsingle
	trial 29: input = mouseringsingle
	trial 30: input = mouseringsingle
	trial 31: input = touchpad
	trial 32: input = touchpad
	trial 33: input = touchpad
	trial 34: input = touchpad
	trial 35: input = touchpad
	trial 36: input = touchpad
	trial 37: input = touchpad
	trial 38: input = touchpad
	trial 39: input = touchpad
	trial 40: input = touchpad
	trial 41: input = mouseringdouble
	trial 42: input = mouseringdouble
	trial 43: input = mouseringdouble
	trial 44: input = mouseringdouble
	trial 45: input = mouseringdouble
	trial 46: input = mouseringdouble
	trial 47: input = mouseringdouble
	trial 48: input = mouseringdouble
	trial 49: input = mouseringdouble
	trial 50: input = mouseringdouble
	trial 51: input = airmouse
	trial 52: input = airmouse
	trial 53: input = airmouse
	trial 54: input = airmouse
	trial 55: input = airmouse
	trial 56: input = airmouse
	trial 57: input = airmouse
	trial 58: input = airmouse
	trial 59: input = airmouse
	trial 60: input = airmouse
	trial 61: input = mouseringsingle
	trial 62: input = mouseringsingle
	trial 63: input = mouseringsingle
	trial 64: input = mouseringsingle
	trial 65: input = mouseringsingle
	trial 66: input = mouseringsingle
	trial 67: input = mouseringsingle
	trial 68: input = mouseringsingle
	trial 69: input = mouseringsingle
	trial 70: input = mouseringsingle
	trial 71: input = touchpad
	trial 72: input = touchpad
	trial 73: input = touchpad
	trial 74: input = touchpad
	trial 75: input = touchpad
	trial 76: input = touchpad
	trial 77: input = touchpad
	trial 78: input = touchpad
	trial 79: input = touchpad
	trial 80: input = touchpad
	trial 81: input = mouseringdouble
	trial 82: input = mouseringdouble
	trial 83: input = mouseringdouble
	trial 84: input = mouseringdouble
	trial 85: input = mouseringdouble
	trial 86: input = mouseringdouble
	trial 87: input = mouseringdouble
	trial 88: input = mouseringdouble
	trial 89: input = mouseringdouble
	trial 90: input = mouseringdouble
	trial 91: input = airmouse
	trial 92: input = airmouse
	trial 93: input = airmouse
	trial 94: input = airmouse
	trial 95: input = airmouse
	trial 96: input = airmouse
	trial 97: input = airmouse
	trial 98: input = airmouse
	trial 99: input = airmouse
	trial 100: input = airmouse
	trial 101: input = mouseringsingle
	trial 102: input = mouseringsingle
	trial 103: input = mouseringsingle
	trial 104: input = mouseringsingle
	trial 105: input = mouseringsingle
	trial 106: input = mouseringsingle
	trial 107: input = mouseringsingle
	trial 108: input = mouseringsingle
	trial 109: input = mouseringsingle
	trial 110: input = mouseringsingle
	trial 111: input = touchpad
	trial 112: input = touchpad
	trial 113: input = touchpad
	trial 114: input = touchpad
	trial 115: input = touchpad
	trial 116: input = touchpad
	trial 117: input = touchpad
	trial 118: input = touchpad
	trial 119: input = touchpad
	trial 120: input = touchpad
	trial 121: input = mouseringdouble
	trial 122: input = mouseringdouble
	trial 123: input = mouseringdouble
	trial 124: input = mouseringdouble
	trial 125: input = mouseringdouble
	trial 126: input = mouseringdouble
	trial 127: input = mouseringdouble
	trial 128: input = mouseringdouble
	trial 129: input = mouseringdouble
	trial 130: input = mouseringdouble
	trial 131: input = airmouse
	trial 132: input = airmouse
	trial 133: input = airmouse
	trial 134: input = airmouse
	trial 135: input = airmouse
	trial 136: input = airmouse
	trial 137: input = airmouse
	trial 138: input = airmouse
	trial 139: input = airmouse
	trial 140: input = airmouse
	trial 141: input = mouseringsingle
	trial 142: input = mouseringsingle
	trial 143: input = mouseringsingle
	trial 144: input = mouseringsingle
	trial 145: input = mouseringsingle
	trial 146: input = mouseringsingle
	trial 147: input = mouseringsingle
	trial 148: input = mouseringsingle
	trial 149: input = mouseringsingle
	trial 150: input = mouseringsingle
	trial 151: input = touchpad
	trial 152: input = touchpad
	trial 153: input = touchpad
	trial 154: input = touchpad
	trial 155: input = touchpad
	trial 156: input = touchpad
	trial 157: input = touchpad
	trial 158: input = touchpad
	trial 159: input = touchpad
	trial 160: input = touchpad
	trial 161: input = mouseringdouble
	trial 162: input = mouseringdouble
	trial 163: input = mouseringdouble
	trial 164: input = mouseringdouble
	trial 165: input = mouseringdouble
	trial 166: input = mouseringdouble
	trial 167: input = mouseringdouble
	trial 168: input = mouseringdouble
	trial 169: input = mouseringdouble
	trial 170: input = mouseringdouble
	trial 171: input = airmouse
	trial 172: input = airmouse
	trial 173: input = airmouse
	trial 174: input = airmouse
	trial 175: input = airmouse
	trial 176: input = airmouse
	trial 177: input = airmouse
	trial 178: input = airmouse
	trial 179: input = airmouse
	trial 180: input = airmouse
	trial 181: input = mouseringsingle
	trial 182: input = mouseringsingle
	trial 183: input = mouseringsingle
	trial 184: input = mouseringsingle
	trial 185: input = mouseringsingle
	trial 186: input = mouseringsingle
	trial 187: input = mouseringsingle
	trial 188: input = mouseringsingle
	trial 189: input = mouseringsingle
	trial 190: input = mouseringsingle
	trial 191: input = touchpad
	trial 192: input = touchpad
	trial 193: input = touchpad
	trial 194: input = touchpad
	trial 195: input = touchpad
	trial 196: input = touchpad
	trial 197: input = touchpad
	trial 198: input = touchpad
	trial 199: input = touchpad
	trial 200: input = touchpad
plan 5:
	trial 1: input = airmouse
	trial 2: input = airmouse
	trial 3: input = airmouse
	trial 4: input = airmouse
	trial 5: input = airmouse
	trial 6: input = airmouse
	trial 7: input = airmouse
	trial 8: input = airmouse
	trial 9: input = airmouse
	trial 10: input = airmouse
	trial 11: input = mouseringsingle
	trial 12: input = mouseringsingle
	trial 13: input = mouseringsingle
	trial 14: input = mouseringsingle
	trial 15: input = mouseringsingle
	trial 16: input = mouseringsingle
	trial 17: input = mouseringsingle
	trial 18: input = mouseringsingle
	trial 19: input = mouseringsingle
	trial 20: input = mouseringsingle
	trial 21: input = touchpad
	trial 22: input = touchpad
	trial 23: input = touchpad
	trial 24: input = touchpad
	trial 25: input = touchpad
	trial 26: input = touchpad
	trial 27: input = touchpad
	trial 28: input = touchpad
	trial 29: input = touchpad
	trial 30: input = touchpad
	trial 31: input = mouseringdouble
	trial 32: input = mouseringdouble
	trial 33: input = mouseringdouble
	trial 34: input = mouseringdouble
	trial 35: input = mouseringdouble
	trial 36: input = mouseringdouble
	trial 37: input = mouseringdouble
	trial 38: input = mouseringdouble
	trial 39: input = mouseringdouble
	trial 40: input = mouseringdouble
	trial 41: input = airmouse
	trial 42: input = airmouse
	trial 43: input = airmouse
	trial 44: input = airmouse
	trial 45: input = airmouse
	trial 46: input = airmouse
	trial 47: input = airmouse
	trial 48: input = airmouse
	trial 49: input = airmouse
	trial 50: input = airmouse
	trial 51: input = mouseringsingle
	trial 52: input = mouseringsingle
	trial 53: input = mouseringsingle
	trial 54: input = mouseringsingle
	trial 55: input = mouseringsingle
	trial 56: input = mouseringsingle
	trial 57: input = mouseringsingle
	trial 58: input = mouseringsingle
	trial 59: input = mouseringsingle
	trial 60: input = mouseringsingle
	trial 61: input = touchpad
	trial 62: input = touchpad
	trial 63: input = touchpad
	trial 64: input = touchpad
	trial 65: input = touchpad
	trial 66: input = touchpad
	trial 67: input = touchpad
	trial 68: input = touchpad
	trial 69: input = touchpad
	trial 70: input = touchpad
	trial 71: input = mouseringdouble
	trial 72: input = mouseringdouble
	trial 73: input = mouseringdouble
	trial 74: input = mouseringdouble
	trial 75: input = mouseringdouble
	trial 76: input = mouseringdouble
	trial 77: input = mouseringdouble
	trial 78: input = mouseringdouble
	trial 79: input = mouseringdouble
	trial 80: input = mouseringdouble
	trial 81: input = airmouse
	trial 82: input = airmouse
	trial 83: input = airmouse
	trial 84: input = airmouse
	trial 85: input = airmouse
	trial 86: input = airmouse
	trial 87: input = airmouse
	trial 88: input = airmouse
	trial 89: input = airmouse
	trial 90: input = airmouse
	trial 91: input = mouseringsingle
	trial 92: input = mouseringsingle
	trial 93: input = mouseringsingle
	trial 94: input = mouseringsingle
	trial 95: input = mouseringsingle
	trial 96: input = mouseringsingle
	trial 97: input = mouseringsingle
	trial 98: input = mouseringsingle
	trial 99: input = mouseringsingle
	trial 100: input = mouseringsingle
	trial 101: input = touchpad
	trial 102: input = touchpad
	trial 103: input = touchpad
	trial 104: input = touchpad
	trial 105: input = touchpad
	trial 106: input = touchpad
	trial 107: input = touchpad
	trial 108: input = touchpad
	trial 109: input = touchpad
	trial 110: input = touchpad
	trial 111: input = mouseringdouble
	trial 112: input = mouseringdouble
	trial 113: input = mouseringdouble
	trial 114: input = mouseringdouble
	trial 115: input = mouseringdouble
	trial 116: input = mouseringdouble
	trial 117: input = mouseringdouble
	trial 118: input = mouseringdouble
	trial 119: input = mouseringdouble
	trial 120: input = mouseringdouble
	trial 121: input = airmouse
	trial 122: input = airmouse
	trial 123: input = airmouse
	trial 124: input = airmouse
	trial 125: input = airmouse
	trial 126: input = airmouse
	trial 127: input = airmouse
	trial 128: input = airmouse
	trial 129: input = airmouse
	trial 130: input = airmouse
	trial 131: input = mouseringsingle
	trial 132: input = mouseringsingle
	trial 133: input = mouseringsingle
	trial 134: input = mouseringsingle
	trial 135: input = mouseringsingle
	trial 136: input = mouseringsingle
	trial 137: input = mouseringsingle
	trial 138: input = mouseringsingle
	trial 139: input = mouseringsingle
	trial 140: input = mouseringsingle
	trial 141: input = touchpad
	trial 142: input = touchpad
	trial 143: input = touchpad
	trial 144: input = touchpad
	trial 145: input = touchpad
	trial 146: input = touchpad
	trial 147: input = touchpad
	trial 148: input = touchpad
	trial 149: input = touchpad
	trial 150: input = touchpad
	trial 151: input = mouseringdouble
	trial 152: input = mouseringdouble
	trial 153: input = mouseringdouble
	trial 154: input = mouseringdouble
	trial 155: input = mouseringdouble
	trial 156: input = mouseringdouble
	trial 157: input = mouseringdouble
	trial 158: input = mouseringdouble
	trial 159: input = mouseringdouble
	trial 160: input = mouseringdouble
	trial 161: input = airmouse
	trial 162: input = airmouse
	trial 163: input = airmouse
	trial 164: input = airmouse
	trial 165: input = airmouse
	trial 166: input = airmouse
	trial 167: input = airmouse
	trial 168: input = airmouse
	trial 169: input = airmouse
	trial 170: input = airmouse
	trial 171: input = mouseringsingle
	trial 172: input = mouseringsingle
	trial 173: input = mouseringsingle
	trial 174: input = mouseringsingle
	trial 175: input = mouseringsingle
	trial 176: input = mouseringsingle
	trial 177: input = mouseringsingle
	trial 178: input = mouseringsingle
	trial 179: input = mouseringsingle
	trial 180: input = mouseringsingle
	trial 181: input = touchpad
	trial 182: input = touchpad
	trial 183: input = touchpad
	trial 184: input = touchpad
	trial 185: input = touchpad
	trial 186: input = touchpad
	trial 187: input = touchpad
	trial 188: input = touchpad
	trial 189: input = touchpad
	trial 190: input = touchpad
	trial 191: input = mouseringdouble
	trial 192: input = mouseringdouble
	trial 193: input = mouseringdouble
	trial 194: input = mouseringdouble
	trial 195: input = mouseringdouble
	trial 196: input = mouseringdouble
	trial 197: input = mouseringdouble
	trial 198: input = mouseringdouble
	trial 199: input = mouseringdouble
	trial 200: input = mouseringdouble
plan 6:
	trial 1: input = mouseringsingle
	trial 2: input = mouseringsingle
	trial 3: input = mouseringsingle
	trial 4: input = mouseringsingle
	trial 5: input = mouseringsingle
	trial 6: input = mouseringsingle
	trial 7: input = mouseringsingle
	trial 8: input = mouseringsingle
	trial 9: input = mouseringsingle
	trial 10: input = mouseringsingle
	trial 11: input = airmouse
	trial 12: input = airmouse
	trial 13: input = airmouse
	trial 14: input = airmouse
	trial 15: input = airmouse
	trial 16: input = airmouse
	trial 17: input = airmouse
	trial 18: input = airmouse
	trial 19: input = airmouse
	trial 20: input = airmouse
	trial 21: input = mouseringdouble
	trial 22: input = mouseringdouble
	trial 23: input = mouseringdouble
	trial 24: input = mouseringdouble
	trial 25: input = mouseringdouble
	trial 26: input = mouseringdouble
	trial 27: input = mouseringdouble
	trial 28: input = mouseringdouble
	trial 29: input = mouseringdouble
	trial 30: input = mouseringdouble
	trial 31: input = touchpad
	trial 32: input = touchpad
	trial 33: input = touchpad
	trial 34: input = touchpad
	trial 35: input = touchpad
	trial 36: input = touchpad
	trial 37: input = touchpad
	trial 38: input = touchpad
	trial 39: input = touchpad
	trial 40: input = touchpad
	trial 41: input = mouseringsingle
	trial 42: input = mouseringsingle
	trial 43: input = mouseringsingle
	trial 44: input = mouseringsingle
	trial 45: input = mouseringsingle
	trial 46: input = mouseringsingle
	trial 47: input = mouseringsingle
	trial 48: input = mouseringsingle
	trial 49: input = mouseringsingle
	trial 50: input = mouseringsingle
	trial 51: input = airmouse
	trial 52: input = airmouse
	trial 53: input = airmouse
	trial 54: input = airmouse
	trial 55: input = airmouse
	trial 56: input = airmouse
	trial 57: input = airmouse
	trial 58: input = airmouse
	trial 59: input = airmouse
	trial 60: input = airmouse
	trial 61: input = mouseringdouble
	trial 62: input = mouseringdouble
	trial 63: input = mouseringdouble
	trial 64: input = mouseringdouble
	trial 65: input = mouseringdouble
	trial 66: input = mouseringdouble
	trial 67: input = mouseringdouble
	trial 68: input = mouseringdouble
	trial 69: input = mouseringdouble
	trial 70: input = mouseringdouble
	trial 71: input = touchpad
	trial 72: input = touchpad
	trial 73: input = touchpad
	trial 74: input = touchpad
	trial 75: input = touchpad
	trial 76: input = touchpad
	trial 77: input = touchpad
	trial 78: input = touchpad
	trial 79: input = touchpad
	trial 80: input = touchpad
	trial 81: input = mouseringsingle
	trial 82: input = mouseringsingle
	trial 83: input = mouseringsingle
	trial 84: input = mouseringsingle
	trial 85: input = mouseringsingle
	trial 86: input = mouseringsingle
	trial 87: input = mouseringsingle
	trial 88: input = mouseringsingle
	trial 89: input = mouseringsingle
	trial 90: input = mouseringsingle
	trial 91: input = airmouse
	trial 92: input = airmouse
	trial 93: input = airmouse
	trial 94: input = airmouse
	trial 95: input = airmouse
	trial 96: input = airmouse
	trial 97: input = airmouse
	trial 98: input = airmouse
	trial 99: input = airmouse
	trial 100: input = airmouse
	trial 101: input = mouseringdouble
	trial 102: input = mouseringdouble
	trial 103: input = mouseringdouble
	trial 104: input = mouseringdouble
	trial 105: input = mouseringdouble
	trial 106: input = mouseringdouble
	trial 107: input = mouseringdouble
	trial 108: input = mouseringdouble
	trial 109: input = mouseringdouble
	trial 110: input = mouseringdouble
	trial 111: input = touchpad
	trial 112: input = touchpad
	trial 113: input = touchpad
	trial 114: input = touchpad
	trial 115: input = touchpad
	trial 116: input = touchpad
	trial 117: input = touchpad
	trial 118: input = touchpad
	trial 119: input = touchpad
	trial 120: input = touchpad
	trial 121: input = mouseringsingle
	trial 122: input = mouseringsingle
	trial 123: input = mouseringsingle
	trial 124: input = mouseringsingle
	trial 125: input = mouseringsingle
	trial 126: input = mouseringsingle
	trial 127: input = mouseringsingle
	trial 128: input = mouseringsingle
	trial 129: input = mouseringsingle
	trial 130: input = mouseringsingle
	trial 131: input = airmouse
	trial 132: input = airmouse
	trial 133: input = airmouse
	trial 134: input = airmouse
	trial 135: input = airmouse
	trial 136: input = airmouse
	trial 137: input = airmouse
	trial 138: input = airmouse
	trial 139: input = airmouse
	trial 140: input = airmouse
	trial 141: input = mouseringdouble
	trial 142: input = mouseringdouble
	trial 143: input = mouseringdouble
	trial 144: input = mouseringdouble
	trial 145: input = mouseringdouble
	trial 146: input = mouseringdouble
	trial 147: input = mouseringdouble
	trial 148: input = mouseringdouble
	trial 149: input = mouseringdouble
	trial 150: input = mouseringdouble
	trial 151: input = touchpad
	trial 152: input = touchpad
	trial 153: input = touchpad
	trial 154: input = touchpad
	trial 155: input = touchpad
	trial 156: input = touchpad
	trial 157: input = touchpad
	trial 158: input = touchpad
	trial 159: input = touchpad
	trial 160: input = touchpad
	trial 161: input = mouseringsingle
	trial 162: input = mouseringsingle
	trial 163: input = mouseringsingle
	trial 164: input = mouseringsingle
	trial 165: input = mouseringsingle
	trial 166: input = mouseringsingle
	trial 167: input = mouseringsingle
	trial 168: input = mouseringsingle
	trial 169: input = mouseringsingle
	trial 170: input = mouseringsingle
	trial 171: input = airmouse
	trial 172: input = airmouse
	trial 173: input = airmouse
	trial 174: input = airmouse
	trial 175: input = airmouse
	trial 176: input = airmouse
	trial 177: input = airmouse
	trial 178: input = airmouse
	trial 179: input = airmouse
	trial 180: input = airmouse
	trial 181: input = mouseringdouble
	trial 182: input = mouseringdouble
	trial 183: input = mouseringdouble
	trial 184: input = mouseringdouble
	trial 185: input = mouseringdouble
	trial 186: input = mouseringdouble
	trial 187: input = mouseringdouble
	trial 188: input = mouseringdouble
	trial 189: input = mouseringdouble
	trial 190: input = mouseringdouble
	trial 191: input = touchpad
	trial 192: input = touchpad
	trial 193: input = touchpad
	trial 194: input = touchpad
	trial 195: input = touchpad
	trial 196: input = touchpad
	trial 197: input = touchpad
	trial 198: input = touchpad
	trial 199: input = touchpad
	trial 200: input = touchpad
plan 7:
	trial 1: input = mouseringdouble
	trial 2: input = mouseringdouble
	trial 3: input = mouseringdouble
	trial 4: input = mouseringdouble
	trial 5: input = mouseringdouble
	trial 6: input = mouseringdouble
	trial 7: input = mouseringdouble
	trial 8: input = mouseringdouble
	trial 9: input = mouseringdouble
	trial 10: input = mouseringdouble
	trial 11: input = mouseringsingle
	trial 12: input = mouseringsingle
	trial 13: input = mouseringsingle
	trial 14: input = mouseringsingle
	trial 15: input = mouseringsingle
	trial 16: input = mouseringsingle
	trial 17: input = mouseringsingle
	trial 18: input = mouseringsingle
	trial 19: input = mouseringsingle
	trial 20: input = mouseringsingle
	trial 21: input = airmouse
	trial 22: input = airmouse
	trial 23: input = airmouse
	trial 24: input = airmouse
	trial 25: input = airmouse
	trial 26: input = airmouse
	trial 27: input = airmouse
	trial 28: input = airmouse
	trial 29: input = airmouse
	trial 30: input = airmouse
	trial 31: input = touchpad
	trial 32: input = touchpad
	trial 33: input = touchpad
	trial 34: input = touchpad
	trial 35: input = touchpad
	trial 36: input = touchpad
	trial 37: input = touchpad
	trial 38: input = touchpad
	trial 39: input = touchpad
	trial 40: input = touchpad
	trial 41: input = mouseringdouble
	trial 42: input = mouseringdouble
	trial 43: input = mouseringdouble
	trial 44: input = mouseringdouble
	trial 45: input = mouseringdouble
	trial 46: input = mouseringdouble
	trial 47: input = mouseringdouble
	trial 48: input = mouseringdouble
	trial 49: input = mouseringdouble
	trial 50: input = mouseringdouble
	trial 51: input = mouseringsingle
	trial 52: input = mouseringsingle
	trial 53: input = mouseringsingle
	trial 54: input = mouseringsingle
	trial 55: input = mouseringsingle
	trial 56: input = mouseringsingle
	trial 57: input = mouseringsingle
	trial 58: input = mouseringsingle
	trial 59: input = mouseringsingle
	trial 60: input = mouseringsingle
	trial 61: input = airmouse
	trial 62: input = airmouse
	trial 63: input = airmouse
	trial 64: input = airmouse
	trial 65: input = airmouse
	trial 66: input = airmouse
	trial 67: input = airmouse
	trial 68: input = airmouse
	trial 69: input = airmouse
	trial 70: input = airmouse
	trial 71: input = touchpad
	trial 72: input = touchpad
	trial 73: input = touchpad
	trial 74: input = touchpad
	trial 75: input = touchpad
	trial 76: input = touchpad
	trial 77: input = touchpad
	trial 78: input = touchpad
	trial 79: input = touchpad
	trial 80: input = touchpad
	trial 81: input = mouseringdouble
	trial 82: input = mouseringdouble
	trial 83: input = mouseringdouble
	trial 84: input = mouseringdouble
	trial 85: input = mouseringdouble
	trial 86: input = mouseringdouble
	trial 87: input = mouseringdouble
	trial 88: input = mouseringdouble
	trial 89: input = mouseringdouble
	trial 90: input = mouseringdouble
	trial 91: input = mouseringsingle
	trial 92: input = mouseringsingle
	trial 93: input = mouseringsingle
	trial 94: input = mouseringsingle
	trial 95: input = mouseringsingle
	trial 96: input = mouseringsingle
	trial 97: input = mouseringsingle
	trial 98: input = mouseringsingle
	trial 99: input = mouseringsingle
	trial 100: input = mouseringsingle
	trial 101: input = airmouse
	trial 102: input = airmouse
	trial 103: input = airmouse
	trial 104: input = airmouse
	trial 105: input = airmouse
	trial 106: input = airmouse
	trial 107: input = airmouse
	trial 108: input = airmouse
	trial 109: input = airmouse
	trial 110: input = airmouse
	trial 111: input = touchpad
	trial 112: input = touchpad
	trial 113: input = touchpad
	trial 114: input = touchpad
	trial 115: input = touchpad
	trial 116: input = touchpad
	trial 117: input = touchpad
	trial 118: input = touchpad
	trial 119: input = touchpad
	trial 120: input = touchpad
	trial 121: input = mouseringdouble
	trial 122: input = mouseringdouble
	trial 123: input = mouseringdouble
	trial 124: input = mouseringdouble
	trial 125: input = mouseringdouble
	trial 126: input = mouseringdouble
	trial 127: input = mouseringdouble
	trial 128: input = mouseringdouble
	trial 129: input = mouseringdouble
	trial 130: input = mouseringdouble
	trial 131: input = mouseringsingle
	trial 132: input = mouseringsingle
	trial 133: input = mouseringsingle
	trial 134: input = mouseringsingle
	trial 135: input = mouseringsingle
	trial 136: input = mouseringsingle
	trial 137: input = mouseringsingle
	trial 138: input = mouseringsingle
	trial 139: input = mouseringsingle
	trial 140: input = mouseringsingle
	trial 141: input = airmouse
	trial 142: input = airmouse
	trial 143: input = airmouse
	trial 144: input = airmouse
	trial 145: input = airmouse
	trial 146: input = airmouse
	trial 147: input = airmouse
	trial 148: input = airmouse
	trial 149: input = airmouse
	trial 150: input = airmouse
	trial 151: input = touchpad
	trial 152: input = touchpad
	trial 153: input = touchpad
	trial 154: input = touchpad
	trial 155: input = touchpad
	trial 156: input = touchpad
	trial 157: input = touchpad
	trial 158: input = touchpad
	trial 159: input = touchpad
	trial 160: input = touchpad
	trial 161: input = mouseringdouble
	trial 162: input = mouseringdouble
	trial 163: input = mouseringdouble
	trial 164: input = mouseringdouble
	trial 165: input = mouseringdouble
	trial 166: input = mouseringdouble
	trial 167: input = mouseringdouble
	trial 168: input = mouseringdouble
	trial 169: input = mouseringdouble
	trial 170: input = mouseringdouble
	trial 171: input = mouseringsingle
	trial 172: input = mouseringsingle
	trial 173: input = mouseringsingle
	trial 174: input = mouseringsingle
	trial 175: input = mouseringsingle
	trial 176: input = mouseringsingle
	trial 177: input = mouseringsingle
	trial 178: input = mouseringsingle
	trial 179: input = mouseringsingle
	trial 180: input = mouseringsingle
	trial 181: input = airmouse
	trial 182: input = airmouse
	trial 183: input = airmouse
	trial 184: input = airmouse
	trial 185: input = airmouse
	trial 186: input = airmouse
	trial 187: input = airmouse
	trial 188: input = airmouse
	trial 189: input = airmouse
	trial 190: input = airmouse
	trial 191: input = touchpad
	trial 192: input = touchpad
	trial 193: input = touchpad
	trial 194: input = touchpad
	trial 195: input = touchpad
	trial 196: input = touchpad
	trial 197: input = touchpad
	trial 198: input = touchpad
	trial 199: input = touchpad
	trial 200: input = touchpad
plan 8:
	trial 1: input = mouseringsingle
	trial 2: input = mouseringsingle
	trial 3: input = mouseringsingle
	trial 4: input = mouseringsingle
	trial 5: input = mouseringsingle
	trial 6: input = mouseringsingle
	trial 7: input = mouseringsingle
	trial 8: input = mouseringsingle
	trial 9: input = mouseringsingle
	trial 10: input = mouseringsingle
	trial 11: input = touchpad
	trial 12: input = touchpad
	trial 13: input = touchpad
	trial 14: input = touchpad
	trial 15: input = touchpad
	trial 16: input = touchpad
	trial 17: input = touchpad
	trial 18: input = touchpad
	trial 19: input = touchpad
	trial 20: input = touchpad
	trial 21: input = mouseringdouble
	trial 22: input = mouseringdouble
	trial 23: input = mouseringdouble
	trial 24: input = mouseringdouble
	trial 25: input = mouseringdouble
	trial 26: input = mouseringdouble
	trial 27: input = mouseringdouble
	trial 28: input = mouseringdouble
	trial 29: input = mouseringdouble
	trial 30: input = mouseringdouble
	trial 31: input = airmouse
	trial 32: input = airmouse
	trial 33: input = airmouse
	trial 34: input = airmouse
	trial 35: input = airmouse
	trial 36: input = airmouse
	trial 37: input = airmouse
	trial 38: input = airmouse
	trial 39: input = airmouse
	trial 40: input = airmouse
	trial 41: input = mouseringsingle
	trial 42: input = mouseringsingle
	trial 43: input = mouseringsingle
	trial 44: input = mouseringsingle
	trial 45: input = mouseringsingle
	trial 46: input = mouseringsingle
	trial 47: input = mouseringsingle
	trial 48: input = mouseringsingle
	trial 49: input = mouseringsingle
	trial 50: input = mouseringsingle
	trial 51: input = touchpad
	trial 52: input = touchpad
	trial 53: input = touchpad
	trial 54: input = touchpad
	trial 55: input = touchpad
	trial 56: input = touchpad
	trial 57: input = touchpad
	trial 58: input = touchpad
	trial 59: input = touchpad
	trial 60: input = touchpad
	trial 61: input = mouseringdouble
	trial 62: input = mouseringdouble
	trial 63: input = mouseringdouble
	trial 64: input = mouseringdouble
	trial 65: input = mouseringdouble
	trial 66: input = mouseringdouble
	trial 67: input = mouseringdouble
	trial 68: input = mouseringdouble
	trial 69: input = mouseringdouble
	trial 70: input = mouseringdouble
	trial 71: input = airmouse
	trial 72: input = airmouse
	trial 73: input = airmouse
	trial 74: input = airmouse
	trial 75: input = airmouse
	trial 76: input = airmouse
	trial 77: input = airmouse
	trial 78: input = airmouse
	trial 79: input = airmouse
	trial 80: input = airmouse
	trial 81: input = mouseringsingle
	trial 82: input = mouseringsingle
	trial 83: input = mouseringsingle
	trial 84: input = mouseringsingle
	trial 85: input = mouseringsingle
	trial 86: input = mouseringsingle
	trial 87: input = mouseringsingle
	trial 88: input = mouseringsingle
	trial 89: input = mouseringsingle
	trial 90: input = mouseringsingle
	trial 91: input = touchpad
	trial 92: input = touchpad
	trial 93: input = touchpad
	trial 94: input = touchpad
	trial 95: input = touchpad
	trial 96: input = touchpad
	trial 97: input = touchpad
	trial 98: input = touchpad
	trial 99: input = touchpad
	trial 100: input = touchpad
	trial 101: input = mouseringdouble
	trial 102: input = mouseringdouble
	trial 103: input = mouseringdouble
	trial 104: input = mouseringdouble
	trial 105: input = mouseringdouble
	trial 106: input = mouseringdouble
	trial 107: input = mouseringdouble
	trial 108: input = mouseringdouble
	trial 109: input = mouseringdouble
	trial 110: input = mouseringdouble
	trial 111: input = airmouse
	trial 112: input = airmouse
	trial 113: input = airmouse
	trial 114: input = airmouse
	trial 115: input = airmouse
	trial 116: input = airmouse
	trial 117: input = airmouse
	trial 118: input = airmouse
	trial 119: input = airmouse
	trial 120: input = airmouse
	trial 121: input = mouseringsingle
	trial 122: input = mouseringsingle
	trial 123: input = mouseringsingle
	trial 124: input = mouseringsingle
	trial 125: input = mouseringsingle
	trial 126: input = mouseringsingle
	trial 127: input = mouseringsingle
	trial 128: input = mouseringsingle
	trial 129: input = mouseringsingle
	trial 130: input = mouseringsingle
	trial 131: input = touchpad
	trial 132: input = touchpad
	trial 133: input = touchpad
	trial 134: input = touchpad
	trial 135: input = touchpad
	trial 136: input = touchpad
	trial 137: input = touchpad
	trial 138: input = touchpad
	trial 139: input = touchpad
	trial 140: input = touchpad
	trial 141: input = mouseringdouble
	trial 142: input = mouseringdouble
	trial 143: input = mouseringdouble
	trial 144: input = mouseringdouble
	trial 145: input = mouseringdouble
	trial 146: input = mouseringdouble
	trial 147: input = mouseringdouble
	trial 148: input = mouseringdouble
	trial 149: input = mouseringdouble
	trial 150: input = mouseringdouble
	trial 151: input = airmouse
	trial 152: input = airmouse
	trial 153: input = airmouse
	trial 154: input = airmouse
	trial 155: input = airmouse
	trial 156: input = airmouse
	trial 157: input = airmouse
	trial 158: input = airmouse
	trial 159: input = airmouse
	trial 160: input = airmouse
	trial 161: input = mouseringsingle
	trial 162: input = mouseringsingle
	trial 163: input = mouseringsingle
	trial 164: input = mouseringsingle
	trial 165: input = mouseringsingle
	trial 166: input = mouseringsingle
	trial 167: input = mouseringsingle
	trial 168: input = mouseringsingle
	trial 169: input = mouseringsingle
	trial 170: input = mouseringsingle
	trial 171: input = touchpad
	trial 172: input = touchpad
	trial 173: input = touchpad
	trial 174: input = touchpad
	trial 175: input = touchpad
	trial 176: input = touchpad
	trial 177: input = touchpad
	trial 178: input = touchpad
	trial 179: input = touchpad
	trial 180: input = touchpad
	trial 181: input = mouseringdouble
	trial 182: input = mouseringdouble
	trial 183: input = mouseringdouble
	trial 184: input = mouseringdouble
	trial 185: input = mouseringdouble
	trial 186: input = mouseringdouble
	trial 187: input = mouseringdouble
	trial 188: input = mouseringdouble
	trial 189: input = mouseringdouble
	trial 190: input = mouseringdouble
	trial 191: input = airmouse
	trial 192: input = airmouse
	trial 193: input = airmouse
	trial 194: input = airmouse
	trial 195: input = airmouse
	trial 196: input = airmouse
	trial 197: input = airmouse
	trial 198: input = airmouse
	trial 199: input = airmouse
	trial 200: input = airmouse
plan 9:
	trial 1: input = mouseringsingle
	trial 2: input = mouseringsingle
	trial 3: input = mouseringsingle
	trial 4: input = mouseringsingle
	trial 5: input = mouseringsingle
	trial 6: input = mouseringsingle
	trial 7: input = mouseringsingle
	trial 8: input = mouseringsingle
	trial 9: input = mouseringsingle
	trial 10: input = mouseringsingle
	trial 11: input = touchpad
	trial 12: input = touchpad
	trial 13: input = touchpad
	trial 14: input = touchpad
	trial 15: input = touchpad
	trial 16: input = touchpad
	trial 17: input = touchpad
	trial 18: input = touchpad
	trial 19: input = touchpad
	trial 20: input = touchpad
	trial 21: input = airmouse
	trial 22: input = airmouse
	trial 23: input = airmouse
	trial 24: input = airmouse
	trial 25: input = airmouse
	trial 26: input = airmouse
	trial 27: input = airmouse
	trial 28: input = airmouse
	trial 29: input = airmouse
	trial 30: input = airmouse
	trial 31: input = mouseringdouble
	trial 32: input = mouseringdouble
	trial 33: input = mouseringdouble
	trial 34: input = mouseringdouble
	trial 35: input = mouseringdouble
	trial 36: input = mouseringdouble
	trial 37: input = mouseringdouble
	trial 38: input = mouseringdouble
	trial 39: input = mouseringdouble
	trial 40: input = mouseringdouble
	trial 41: input = mouseringsingle
	trial 42: input = mouseringsingle
	trial 43: input = mouseringsingle
	trial 44: input = mouseringsingle
	trial 45: input = mouseringsingle
	trial 46: input = mouseringsingle
	trial 47: input = mouseringsingle
	trial 48: input = mouseringsingle
	trial 49: input = mouseringsingle
	trial 50: input = mouseringsingle
	trial 51: input = touchpad
	trial 52: input = touchpad
	trial 53: input = touchpad
	trial 54: input = touchpad
	trial 55: input = touchpad
	trial 56: input = touchpad
	trial 57: input = touchpad
	trial 58: input = touchpad
	trial 59: input = touchpad
	trial 60: input = touchpad
	trial 61: input = airmouse
	trial 62: input = airmouse
	trial 63: input = airmouse
	trial 64: input = airmouse
	trial 65: input = airmouse
	trial 66: input = airmouse
	trial 67: input = airmouse
	trial 68: input = airmouse
	trial 69: input = airmouse
	trial 70: input = airmouse
	trial 71: input = mouseringdouble
	trial 72: input = mouseringdouble
	trial 73: input = mouseringdouble
	trial 74: input = mouseringdouble
	trial 75: input = mouseringdouble
	trial 76: input = mouseringdouble
	trial 77: input = mouseringdouble
	trial 78: input = mouseringdouble
	trial 79: input = mouseringdouble
	trial 80: input = mouseringdouble
	trial 81: input = mouseringsingle
	trial 82: input = mouseringsingle
	trial 83: input = mouseringsingle
	trial 84: input = mouseringsingle
	trial 85: input = mouseringsingle
	trial 86: input = mouseringsingle
	trial 87: input = mouseringsingle
	trial 88: input = mouseringsingle
	trial 89: input = mouseringsingle
	trial 90: input = mouseringsingle
	trial 91: input = touchpad
	trial 92: input = touchpad
	trial 93: input = touchpad
	trial 94: input = touchpad
	trial 95: input = touchpad
	trial 96: input = touchpad
	trial 97: input = touchpad
	trial 98: input = touchpad
	trial 99: input = touchpad
	trial 100: input = touchpad
	trial 101: input = airmouse
	trial 102: input = airmouse
	trial 103: input = airmouse
	trial 104: input = airmouse
	trial 105: input = airmouse
	trial 106: input = airmouse
	trial 107: input = airmouse
	trial 108: input = airmouse
	trial 109: input = airmouse
	trial 110: input = airmouse
	trial 111: input = mouseringdouble
	trial 112: input = mouseringdouble
	trial 113: input = mouseringdouble
	trial 114: input = mouseringdouble
	trial 115: input = mouseringdouble
	trial 116: input = mouseringdouble
	trial 117: input = mouseringdouble
	trial 118: input = mouseringdouble
	trial 119: input = mouseringdouble
	trial 120: input = mouseringdouble
	trial 121: input = mouseringsingle
	trial 122: input = mouseringsingle
	trial 123: input = mouseringsingle
	trial 124: input = mouseringsingle
	trial 125: input = mouseringsingle
	trial 126: input = mouseringsingle
	trial 127: input = mouseringsingle
	trial 128: input = mouseringsingle
	trial 129: input = mouseringsingle
	trial 130: input = mouseringsingle
	trial 131: input = touchpad
	trial 132: input = touchpad
	trial 133: input = touchpad
	trial 134: input = touchpad
	trial 135: input = touchpad
	trial 136: input = touchpad
	trial 137: input = touchpad
	trial 138: input = touchpad
	trial 139: input = touchpad
	trial 140: input = touchpad
	trial 141: input = airmouse
	trial 142: input = airmouse
	trial 143: input = airmouse
	trial 144: input = airmouse
	trial 145: input = airmouse
	trial 146: input = airmouse
	trial 147: input = airmouse
	trial 148: input = airmouse
	trial 149: input = airmouse
	trial 150: input = airmouse
	trial 151: input = mouseringdouble
	trial 152: input = mouseringdouble
	trial 153: input = mouseringdouble
	trial 154: input = mouseringdouble
	trial 155: input = mouseringdouble
	trial 156: input = mouseringdouble
	trial 157: input = mouseringdouble
	trial 158: input = mouseringdouble
	trial 159: input = mouseringdouble
	trial 160: input = mouseringdouble
	trial 161: input = mouseringsingle
	trial 162: input = mouseringsingle
	trial 163: input = mouseringsingle
	trial 164: input = mouseringsingle
	trial 165: input = mouseringsingle
	trial 166: input = mouseringsingle
	trial 167: input = mouseringsingle
	trial 168: input = mouseringsingle
	trial 169: input = mouseringsingle
	trial 170: input = mouseringsingle
	trial 171: input = touchpad
	trial 172: input = touchpad
	trial 173: input = touchpad
	trial 174: input = touchpad
	trial 175: input = touchpad
	trial 176: input = touchpad
	trial 177: input = touchpad
	trial 178: input = touchpad
	trial 179: input = touchpad
	trial 180: input = touchpad
	trial 181: input = airmouse
	trial 182: input = airmouse
	trial 183: input = airmouse
	trial 184: input = airmouse
	trial 185: input = airmouse
	trial 186: input = airmouse
	trial 187: input = airmouse
	trial 188: input = airmouse
	trial 189: input = airmouse
	trial 190: input = airmouse
	trial 191: input = mouseringdouble
	trial 192: input = mouseringdouble
	trial 193: input = mouseringdouble
	trial 194: input = mouseringdouble
	trial 195: input = mouseringdouble
	trial 196: input = mouseringdouble
	trial 197: input = mouseringdouble
	trial 198: input = mouseringdouble
	trial 199: input = mouseringdouble
	trial 200: input = mouseringdouble
plan 10:
	trial 1: input = airmouse
	trial 2: input = airmouse
	trial 3: input = airmouse
	trial 4: input = airmouse
	trial 5: input = airmouse
	trial 6: input = airmouse
	trial 7: input = airmouse
	trial 8: input = airmouse
	trial 9: input = airmouse
	trial 10: input = airmouse
	trial 11: input = touchpad
	trial 12: input = touchpad
	trial 13: input = touchpad
	trial 14: input = touchpad
	trial 15: input = touchpad
	trial 16: input = touchpad
	trial 17: input = touchpad
	trial 18: input = touchpad
	trial 19: input = touchpad
	trial 20: input = touchpad
	trial 21: input = mouseringsingle
	trial 22: input = mouseringsingle
	trial 23: input = mouseringsingle
	trial 24: input = mouseringsingle
	trial 25: input = mouseringsingle
	trial 26: input = mouseringsingle
	trial 27: input = mouseringsingle
	trial 28: input = mouseringsingle
	trial 29: input = mouseringsingle
	trial 30: input = mouseringsingle
	trial 31: input = mouseringdouble
	trial 32: input = mouseringdouble
	trial 33: input = mouseringdouble
	trial 34: input = mouseringdouble
	trial 35: input = mouseringdouble
	trial 36: input = mouseringdouble
	trial 37: input = mouseringdouble
	trial 38: input = mouseringdouble
	trial 39: input = mouseringdouble
	trial 40: input = mouseringdouble
	trial 41: input = airmouse
	trial 42: input = airmouse
	trial 43: input = airmouse
	trial 44: input = airmouse
	trial 45: input = airmouse
	trial 46: input = airmouse
	trial 47: input = airmouse
	trial 48: input = airmouse
	trial 49: input = airmouse
	trial 50: input = airmouse
	trial 51: input = touchpad
	trial 52: input = touchpad
	trial 53: input = touchpad
	trial 54: input = touchpad
	trial 55: input = touchpad
	trial 56: input = touchpad
	trial 57: input = touchpad
	trial 58: input = touchpad
	trial 59: input = touchpad
	trial 60: input = touchpad
	trial 61: input = mouseringsingle
	trial 62: input = mouseringsingle
	trial 63: input = mouseringsingle
	trial 64: input = mouseringsingle
	trial 65: input = mouseringsingle
	trial 66: input = mouseringsingle
	trial 67: input = mouseringsingle
	trial 68: input = mouseringsingle
	trial 69: input = mouseringsingle
	trial 70: input = mouseringsingle
	trial 71: input = mouseringdouble
	trial 72: input = mouseringdouble
	trial 73: input = mouseringdouble
	trial 74: input = mouseringdouble
	trial 75: input = mouseringdouble
	trial 76: input = mouseringdouble
	trial 77: input = mouseringdouble
	trial 78: input = mouseringdouble
	trial 79: input = mouseringdouble
	trial 80: input = mouseringdouble
	trial 81: input = airmouse
	trial 82: input = airmouse
	trial 83: input = airmouse
	trial 84: input = airmouse
	trial 85: input = airmouse
	trial 86: input = airmouse
	trial 87: input = airmouse
	trial 88: input = airmouse
	trial 89: input = airmouse
	trial 90: input = airmouse
	trial 91: input = touchpad
	trial 92: input = touchpad
	trial 93: input = touchpad
	trial 94: input = touchpad
	trial 95: input = touchpad
	trial 96: input = touchpad
	trial 97: input = touchpad
	trial 98: input = touchpad
	trial 99: input = touchpad
	trial 100: input = touchpad
	trial 101: input = mouseringsingle
	trial 102: input = mouseringsingle
	trial 103: input = mouseringsingle
	trial 104: input = mouseringsingle
	trial 105: input = mouseringsingle
	trial 106: input = mouseringsingle
	trial 107: input = mouseringsingle
	trial 108: input = mouseringsingle
	trial 109: input = mouseringsingle
	trial 110: input = mouseringsingle
	trial 111: input = mouseringdouble
	trial 112: input = mouseringdouble
	trial 113: input = mouseringdouble
	trial 114: input = mouseringdouble
	trial 115: input = mouseringdouble
	trial 116: input = mouseringdouble
	trial 117: input = mouseringdouble
	trial 118: input = mouseringdouble
	trial 119: input = mouseringdouble
	trial 120: input = mouseringdouble
	trial 121: input = airmouse
	trial 122: input = airmouse
	trial 123: input = airmouse
	trial 124: input = airmouse
	trial 125: input = airmouse
	trial 126: input = airmouse
	trial 127: input = airmouse
	trial 128: input = airmouse
	trial 129: input = airmouse
	trial 130: input = airmouse
	trial 131: input = touchpad
	trial 132: input = touchpad
	trial 133: input = touchpad
	trial 134: input = touchpad
	trial 135: input = touchpad
	trial 136: input = touchpad
	trial 137: input = touchpad
	trial 138: input = touchpad
	trial 139: input = touchpad
	trial 140: input = touchpad
	trial 141: input = mouseringsingle
	trial 142: input = mouseringsingle
	trial 143: input = mouseringsingle
	trial 144: input = mouseringsingle
	trial 145: input = mouseringsingle
	trial 146: input = mouseringsingle
	trial 147: input = mouseringsingle
	trial 148: input = mouseringsingle
	trial 149: input = mouseringsingle
	trial 150: input = mouseringsingle
	trial 151: input = mouseringdouble
	trial 152: input = mouseringdouble
	trial 153: input = mouseringdouble
	trial 154: input = mouseringdouble
	trial 155: input = mouseringdouble
	trial 156: input = mouseringdouble
	trial 157: input = mouseringdouble
	trial 158: input = mouseringdouble
	trial 159: input = mouseringdouble
	trial 160: input = mouseringdouble
	trial 161: input = airmouse
	trial 162: input = airmouse
	trial 163: input = airmouse
	trial 164: input = airmouse
	trial 165: input = airmouse
	trial 166: input = airmouse
	trial 167: input = airmouse
	trial 168: input = airmouse
	trial 169: input = airmouse
	trial 170: input = airmouse
	trial 171: input = touchpad
	trial 172: input = touchpad
	trial 173: input = touchpad
	trial 174: input = touchpad
	trial 175: input = touchpad
	trial 176: input = touchpad
	trial 177: input = touchpad
	trial 178: input = touchpad
	trial 179: input = touchpad
	trial 180: input = touchpad
	trial 181: input = mouseringsingle
	trial 182: input = mouseringsingle
	trial 183: input = mouseringsingle
	trial 184: input = mouseringsingle
	trial 185: input = mouseringsingle
	trial 186: input = mouseringsingle
	trial 187: input = mouseringsingle
	trial 188: input = mouseringsingle
	trial 189: input = mouseringsingle
	trial 190: input = mouseringsingle
	trial 191: input = mouseringdouble
	trial 192: input = mouseringdouble
	trial 193: input = mouseringdouble
	trial 194: input = mouseringdouble
	trial 195: input = mouseringdouble
	trial 196: input = mouseringdouble
	trial 197: input = mouseringdouble
	trial 198: input = mouseringdouble
	trial 199: input = mouseringdouble
	trial 200: input = mouseringdouble
plan 11:
	trial 1: input = touchpad
	trial 2: input = touchpad
	trial 3: input = touchpad
	trial 4: input = touchpad
	trial 5: input = touchpad
	trial 6: input = touchpad
	trial 7: input = touchpad
	trial 8: input = touchpad
	trial 9: input = touchpad
	trial 10: input = touchpad
	trial 11: input = mouseringdouble
	trial 12: input = mouseringdouble
	trial 13: input = mouseringdouble
	trial 14: input = mouseringdouble
	trial 15: input = mouseringdouble
	trial 16: input = mouseringdouble
	trial 17: input = mouseringdouble
	trial 18: input = mouseringdouble
	trial 19: input = mouseringdouble
	trial 20: input = mouseringdouble
	trial 21: input = mouseringsingle
	trial 22: input = mouseringsingle
	trial 23: input = mouseringsingle
	trial 24: input = mouseringsingle
	trial 25: input = mouseringsingle
	trial 26: input = mouseringsingle
	trial 27: input = mouseringsingle
	trial 28: input = mouseringsingle
	trial 29: input = mouseringsingle
	trial 30: input = mouseringsingle
	trial 31: input = airmouse
	trial 32: input = airmouse
	trial 33: input = airmouse
	trial 34: input = airmouse
	trial 35: input = airmouse
	trial 36: input = airmouse
	trial 37: input = airmouse
	trial 38: input = airmouse
	trial 39: input = airmouse
	trial 40: input = airmouse
	trial 41: input = touchpad
	trial 42: input = touchpad
	trial 43: input = touchpad
	trial 44: input = touchpad
	trial 45: input = touchpad
	trial 46: input = touchpad
	trial 47: input = touchpad
	trial 48: input = touchpad
	trial 49: input = touchpad
	trial 50: input = touchpad
	trial 51: input = mouseringdouble
	trial 52: input = mouseringdouble
	trial 53: input = mouseringdouble
	trial 54: input = mouseringdouble
	trial 55: input = mouseringdouble
	trial 56: input = mouseringdouble
	trial 57: input = mouseringdouble
	trial 58: input = mouseringdouble
	trial 59: input = mouseringdouble
	trial 60: input = mouseringdouble
	trial 61: input = mouseringsingle
	trial 62: input = mouseringsingle
	trial 63: input = mouseringsingle
	trial 64: input = mouseringsingle
	trial 65: input = mouseringsingle
	trial 66: input = mouseringsingle
	trial 67: input = mouseringsingle
	trial 68: input = mouseringsingle
	trial 69: input = mouseringsingle
	trial 70: input = mouseringsingle
	trial 71: input = airmouse
	trial 72: input = airmouse
	trial 73: input = airmouse
	trial 74: input = airmouse
	trial 75: input = airmouse
	trial 76: input = airmouse
	trial 77: input = airmouse
	trial 78: input = airmouse
	trial 79: input = airmouse
	trial 80: input = airmouse
	trial 81: input = touchpad
	trial 82: input = touchpad
	trial 83: input = touchpad
	trial 84: input = touchpad
	trial 85: input = touchpad
	trial 86: input = touchpad
	trial 87: input = touchpad
	trial 88: input = touchpad
	trial 89: input = touchpad
	trial 90: input = touchpad
	trial 91: input = mouseringdouble
	trial 92: input = mouseringdouble
	trial 93: input = mouseringdouble
	trial 94: input = mouseringdouble
	trial 95: input = mouseringdouble
	trial 96: input = mouseringdouble
	trial 97: input = mouseringdouble
	trial 98: input = mouseringdouble
	trial 99: input = mouseringdouble
	trial 100: input = mouseringdouble
	trial 101: input = mouseringsingle
	trial 102: input = mouseringsingle
	trial 103: input = mouseringsingle
	trial 104: input = mouseringsingle
	trial 105: input = mouseringsingle
	trial 106: input = mouseringsingle
	trial 107: input = mouseringsingle
	trial 108: input = mouseringsingle
	trial 109: input = mouseringsingle
	trial 110: input = mouseringsingle
	trial 111: input = airmouse
	trial 112: input = airmouse
	trial 113: input = airmouse
	trial 114: input = airmouse
	trial 115: input = airmouse
	trial 116: input = airmouse
	trial 117: input = airmouse
	trial 118: input = airmouse
	trial 119: input = airmouse
	trial 120: input = airmouse
	trial 121: input = touchpad
	trial 122: input = touchpad
	trial 123: input = touchpad
	trial 124: input = touchpad
	trial 125: input = touchpad
	trial 126: input = touchpad
	trial 127: input = touchpad
	trial 128: input = touchpad
	trial 129: input = touchpad
	trial 130: input = touchpad
	trial 131: input = mouseringdouble
	trial 132: input = mouseringdouble
	trial 133: input = mouseringdouble
	trial 134: input = mouseringdouble
	trial 135: input = mouseringdouble
	trial 136: input = mouseringdouble
	trial 137: input = mouseringdouble
	trial 138: input = mouseringdouble
	trial 139: input = mouseringdouble
	trial 140: input = mouseringdouble
	trial 141: input = mouseringsingle
	trial 142: input = mouseringsingle
	trial 143: input = mouseringsingle
	trial 144: input = mouseringsingle
	trial 145: input = mouseringsingle
	trial 146: input = mouseringsingle
	trial 147: input = mouseringsingle
	trial 148: input = mouseringsingle
	trial 149: input = mouseringsingle
	trial 150: input = mouseringsingle
	trial 151: input = airmouse
	trial 152: input = airmouse
	trial 153: input = airmouse
	trial 154: input = airmouse
	trial 155: input = airmouse
	trial 156: input = airmouse
	trial 157: input = airmouse
	trial 158: input = airmouse
	trial 159: input = airmouse
	trial 160: input = airmouse
	trial 161: input = touchpad
	trial 162: input = touchpad
	trial 163: input = touchpad
	trial 164: input = touchpad
	trial 165: input = touchpad
	trial 166: input = touchpad
	trial 167: input = touchpad
	trial 168: input = touchpad
	trial 169: input = touchpad
	trial 170: input = touchpad
	trial 171: input = mouseringdouble
	trial 172: input = mouseringdouble
	trial 173: input = mouseringdouble
	trial 174: input = mouseringdouble
	trial 175: input = mouseringdouble
	trial 176: input = mouseringdouble
	trial 177: input = mouseringdouble
	trial 178: input = mouseringdouble
	trial 179: input = mouseringdouble
	trial 180: input = mouseringdouble
	trial 181: input = mouseringsingle
	trial 182: input = mouseringsingle
	trial 183: input = mouseringsingle
	trial 184: input = mouseringsingle
	trial 185: input = mouseringsingle
	trial 186: input = mouseringsingle
	trial 187: input = mouseringsingle
	trial 188: input = mouseringsingle
	trial 189: input = mouseringsingle
	trial 190: input = mouseringsingle
	trial 191: input = airmouse
	trial 192: input = airmouse
	trial 193: input = airmouse
	trial 194: input = airmouse
	trial 195: input = airmouse
	trial 196: input = airmouse
	trial 197: input = airmouse
	trial 198: input = airmouse
	trial 199: input = airmouse
	trial 200: input = airmouse
plan 12:
	trial 1: input = mouseringdouble
	trial 2: input = mouseringdouble
	trial 3: input = mouseringdouble
	trial 4: input = mouseringdouble
	trial 5: input = mouseringdouble
	trial 6: input = mouseringdouble
	trial 7: input = mouseringdouble
	trial 8: input = mouseringdouble
	trial 9: input = mouseringdouble
	trial 10: input = mouseringdouble
	trial 11: input = mouseringsingle
	trial 12: input = mouseringsingle
	trial 13: input = mouseringsingle
	trial 14: input = mouseringsingle
	trial 15: input = mouseringsingle
	trial 16: input = mouseringsingle
	trial 17: input = mouseringsingle
	trial 18: input = mouseringsingle
	trial 19: input = mouseringsingle
	trial 20: input = mouseringsingle
	trial 21: input = touchpad
	trial 22: input = touchpad
	trial 23: input = touchpad
	trial 24: input = touchpad
	trial 25: input = touchpad
	trial 26: input = touchpad
	trial 27: input = touchpad
	trial 28: input = touchpad
	trial 29: input = touchpad
	trial 30: input = touchpad
	trial 31: input = airmouse
	trial 32: input = airmouse
	trial 33: input = airmouse
	trial 34: input = airmouse
	trial 35: input = airmouse
	trial 36: input = airmouse
	trial 37: input = airmouse
	trial 38: input = airmouse
	trial 39: input = airmouse
	trial 40: input = airmouse
	trial 41: input = mouseringdouble
	trial 42: input = mouseringdouble
	trial 43: input = mouseringdouble
	trial 44: input = mouseringdouble
	trial 45: input = mouseringdouble
	trial 46: input = mouseringdouble
	trial 47: input = mouseringdouble
	trial 48: input = mouseringdouble
	trial 49: input = mouseringdouble
	trial 50: input = mouseringdouble
	trial 51: input = mouseringsingle
	trial 52: input = mouseringsingle
	trial 53: input = mouseringsingle
	trial 54: input = mouseringsingle
	trial 55: input = mouseringsingle
	trial 56: input = mouseringsingle
	trial 57: input = mouseringsingle
	trial 58: input = mouseringsingle
	trial 59: input = mouseringsingle
	trial 60: input = mouseringsingle
	trial 61: input = touchpad
	trial 62: input = touchpad
	trial 63: input = touchpad
	trial 64: input = touchpad
	trial 65: input = touchpad
	trial 66: input = touchpad
	trial 67: input = touchpad
	trial 68: input = touchpad
	trial 69: input = touchpad
	trial 70: input = touchpad
	trial 71: input = airmouse
	trial 72: input = airmouse
	trial 73: input = airmouse
	trial 74: input = airmouse
	trial 75: input = airmouse
	trial 76: input = airmouse
	trial 77: input = airmouse
	trial 78: input = airmouse
	trial 79: input = airmouse
	trial 80: input = airmouse
	trial 81: input = mouseringdouble
	trial 82: input = mouseringdouble
	trial 83: input = mouseringdouble
	trial 84: input = mouseringdouble
	trial 85: input = mouseringdouble
	trial 86: input = mouseringdouble
	trial 87: input = mouseringdouble
	trial 88: input = mouseringdouble
	trial 89: input = mouseringdouble
	trial 90: input = mouseringdouble
	trial 91: input = mouseringsingle
	trial 92: input = mouseringsingle
	trial 93: input = mouseringsingle
	trial 94: input = mouseringsingle
	trial 95: input = mouseringsingle
	trial 96: input = mouseringsingle
	trial 97: input = mouseringsingle
	trial 98: input = mouseringsingle
	trial 99: input = mouseringsingle
	trial 100: input = mouseringsingle
	trial 101: input = touchpad
	trial 102: input = touchpad
	trial 103: input = touchpad
	trial 104: input = touchpad
	trial 105: input = touchpad
	trial 106: input = touchpad
	trial 107: input = touchpad
	trial 108: input = touchpad
	trial 109: input = touchpad
	trial 110: input = touchpad
	trial 111: input = airmouse
	trial 112: input = airmouse
	trial 113: input = airmouse
	trial 114: input = airmouse
	trial 115: input = airmouse
	trial 116: input = airmouse
	trial 117: input = airmouse
	trial 118: input = airmouse
	trial 119: input = airmouse
	trial 120: input = airmouse
	trial 121: input = mouseringdouble
	trial 122: input = mouseringdouble
	trial 123: input = mouseringdouble
	trial 124: input = mouseringdouble
	trial 125: input = mouseringdouble
	trial 126: input = mouseringdouble
	trial 127: input = mouseringdouble
	trial 128: input = mouseringdouble
	trial 129: input = mouseringdouble
	trial 130: input = mouseringdouble
	trial 131: input = mouseringsingle
	trial 132: input = mouseringsingle
	trial 133: input = mouseringsingle
	trial 134: input = mouseringsingle
	trial 135: input = mouseringsingle
	trial 136: input = mouseringsingle
	trial 137: input = mouseringsingle
	trial 138: input = mouseringsingle
	trial 139: input = mouseringsingle
	trial 140: input = mouseringsingle
	trial 141: input = touchpad
	trial 142: input = touchpad
	trial 143: input = touchpad
	trial 144: input = touchpad
	trial 145: input = touchpad
	trial 146: input = touchpad
	trial 147: input = touchpad
	trial 148: input = touchpad
	trial 149: input = touchpad
	trial 150: input = touchpad
	trial 151: input = airmouse
	trial 152: input = airmouse
	trial 153: input = airmouse
	trial 154: input = airmouse
	trial 155: input = airmouse
	trial 156: input = airmouse
	trial 157: input = airmouse
	trial 158: input = airmouse
	trial 159: input = airmouse
	trial 160: input = airmouse
	trial 161: input = mouseringdouble
	trial 162: input = mouseringdouble
	trial 163: input = mouseringdouble
	trial 164: input = mouseringdouble
	trial 165: input = mouseringdouble
	trial 166: input = mouseringdouble
	trial 167: input = mouseringdouble
	trial 168: input = mouseringdouble
	trial 169: input = mouseringdouble
	trial 170: input = mouseringdouble
	trial 171: input = mouseringsingle
	trial 172: input = mouseringsingle
	trial 173: input = mouseringsingle
	trial 174: input = mouseringsingle
	trial 175: input = mouseringsingle
	trial 176: input = mouseringsingle
	trial 177: input = mouseringsingle
	trial 178: input = mouseringsingle
	trial 179: input = mouseringsingle
	trial 180: input = mouseringsingle
	trial 181: input = touchpad
	trial 182: input = touchpad
	trial 183: input = touchpad
	trial 184: input = touchpad
	trial 185: input = touchpad
	trial 186: input = touchpad
	trial 187: input = touchpad
	trial 188: input = touchpad
	trial 189: input = touchpad
	trial 190: input = touchpad
	trial 191: input = airmouse
	trial 192: input = airmouse
	trial 193: input = airmouse
	trial 194: input = airmouse
	trial 195: input = airmouse
	trial 196: input = airmouse
	trial 197: input = airmouse
	trial 198: input = airmouse
	trial 199: input = airmouse
	trial 200: input = airmouse
 

***ASSIGNMENT***

    pid  plan
0     1     3
1     2     1
2     3    11
3     4     8
4     5     6
5     6     9
6     7     2
7     8     5
8     9     0
9    10     4
10   11     7
11   12    10
