***EXPERIMENT PLANS***

plan 1:
	trial 1: Number of Grains = 9, Electrode Conditions = 9
	trial 2: Number of Grains = 39, Electrode Conditions = 9
	trial 3: Number of Grains = 39, Electrode Conditions = 6
	trial 4: Number of Grains = 9, Electrode Conditions = 6
	trial 5: Number of Grains = 19, Electrode Conditions = 6
	trial 6: Number of Grains = 9, Electrode Conditions = 4
	trial 7: Number of Grains = 9, Electrode Conditions = 0
	trial 8: Number of Grains = 19, Electrode Conditions = 9
	trial 9: Number of Grains = 19, Electrode Conditions = 4
	trial 10: Number of Grains = 39, Electrode Conditions = 4
	trial 11: Number of Grains = 19, Electrode Conditions = 0
	trial 12: Number of Grains = 39, Electrode Conditions = 0
	trial 13: Number of Grains = 9, Electrode Conditions = 9
	trial 14: Number of Grains = 39, Electrode Conditions = 9
	trial 15: Number of Grains = 39, Electrode Conditions = 6
	trial 16: Number of Grains = 9, Electrode Conditions = 6
	trial 17: Number of Grains = 19, Electrode Conditions = 6
	trial 18: Number of Grains = 9, Electrode Conditions = 4
	trial 19: Number of Grains = 9, Electrode Conditions = 0
	trial 20: Number of Grains = 19, Electrode Conditions = 9
	trial 21: Number of Grains = 19, Electrode Conditions = 4
	trial 22: Number of Grains = 39, Electrode Conditions = 4
	trial 23: Number of Grains = 19, Electrode Conditions = 0
	trial 24: Number of Grains = 39, Electrode Conditions = 0
	trial 25: Number of Grains = 9, Electrode Conditions = 9
	trial 26: Number of Grains = 39, Electrode Conditions = 9
	trial 27: Number of Grains = 39, Electrode Conditions = 6
	trial 28: Number of Grains = 9, Electrode Conditions = 6
	trial 29: Number of Grains = 19, Electrode Conditions = 6
	trial 30: Number of Grains = 9, Electrode Conditions = 4
	trial 31: Number of Grains = 9, Electrode Conditions = 0
	trial 32: Number of Grains = 19, Electrode Conditions = 9
	trial 33: Number of Grains = 19, Electrode Conditions = 4
	trial 34: Number of Grains = 39, Electrode Conditions = 4
	trial 35: Number of Grains = 19, Electrode Conditions = 0
	trial 36: Number of Grains = 39, Electrode Conditions = 0
plan 2:
	trial 1: Number of Grains = 19, Electrode Conditions = 9
	trial 2: Number of Grains = 39, Electrode Conditions = 0
	trial 3: Number of Grains = 19, Electrode Conditions = 0
	trial 4: Number of Grains = 19, Electrode Conditions = 6
	trial 5: Number of Grains = 39, Electrode Conditions = 9
	trial 6: Number of Grains = 9, Electrode Conditions = 0
	trial 7: Number of Grains = 9, Electrode Conditions = 6
	trial 8: Number of Grains = 9, Electrode Conditions = 9
	trial 9: Number of Grains = 39, Electrode Conditions = 6
	trial 10: Number of Grains = 9, Electrode Conditions = 4
	trial 11: Number of Grains = 39, Electrode Conditions = 4
	trial 12: Number of Grains = 19, Electrode Conditions = 4
	trial 13: Number of Grains = 19, Electrode Conditions = 9
	trial 14: Number of Grains = 39, Electrode Conditions = 0
	trial 15: Number of Grains = 19, Electrode Conditions = 0
	trial 16: Number of Grains = 19, Electrode Conditions = 6
	trial 17: Number of Grains = 39, Electrode Conditions = 9
	trial 18: Number of Grains = 9, Electrode Conditions = 0
	trial 19: Number of Grains = 9, Electrode Conditions = 6
	trial 20: Number of Grains = 9, Electrode Conditions = 9
	trial 21: Number of Grains = 39, Electrode Conditions = 6
	trial 22: Number of Grains = 9, Electrode Conditions = 4
	trial 23: Number of Grains = 39, Electrode Conditions = 4
	trial 24: Number of Grains = 19, Electrode Conditions = 4
	trial 25: Number of Grains = 19, Electrode Conditions = 9
	trial 26: Number of Grains = 39, Electrode Conditions = 0
	trial 27: Number of Grains = 19, Electrode Conditions = 0
	trial 28: Number of Grains = 19, Electrode Conditions = 6
	trial 29: Number of Grains = 39, Electrode Conditions = 9
	trial 30: Number of Grains = 9, Electrode Conditions = 0
	trial 31: Number of Grains = 9, Electrode Conditions = 6
	trial 32: Number of Grains = 9, Electrode Conditions = 9
	trial 33: Number of Grains = 39, Electrode Conditions = 6
	trial 34: Number of Grains = 9, Electrode Conditions = 4
	trial 35: Number of Grains = 39, Electrode Conditions = 4
	trial 36: Number of Grains = 19, Electrode Conditions = 4
plan 3:
	trial 1: Number of Grains = 39, Electrode Conditions = 0
	trial 2: Number of Grains = 9, Electrode Conditions = 0
	trial 3: Number of Grains = 19, Electrode Conditions = 6
	trial 4: Number of Grains = 19, Electrode Conditions = 9
	trial 5: Number of Grains = 9, Electrode Conditions = 6
	trial 6: Number of Grains = 9, Electrode Conditions = 9
	trial 7: Number of Grains = 19, Electrode Conditions = 4
	trial 8: Number of Grains = 19, Electrode Conditions = 0
	trial 9: Number of Grains = 39, Electrode Conditions = 4
	trial 10: Number of Grains = 39, Electrode Conditions = 6
	trial 11: Number of Grains = 9, Electrode Conditions = 4
	trial 12: Number of Grains = 39, Electrode Conditions = 9
	trial 13: Number of Grains = 39, Electrode Conditions = 0
	trial 14: Number of Grains = 9, Electrode Conditions = 0
	trial 15: Number of Grains = 19, Electrode Conditions = 6
	trial 16: Number of Grains = 19, Electrode Conditions = 9
	trial 17: Number of Grains = 9, Electrode Conditions = 6
	trial 18: Number of Grains = 9, Electrode Conditions = 9
	trial 19: Number of Grains = 19, Electrode Conditions = 4
	trial 20: Number of Grains = 19, Electrode Conditions = 0
	trial 21: Number of Grains = 39, Electrode Conditions = 4
	trial 22: Number of Grains = 39, Electrode Conditions = 6
	trial 23: Number of Grains = 9, Electrode Conditions = 4
	trial 24: Number of Grains = 39, Electrode Conditions = 9
	trial 25: Number of Grains = 39, Electrode Conditions = 0
	trial 26: Number of Grains = 9, Electrode Conditions = 0
	trial 27: Number of Grains = 19, Electrode Conditions = 6
	trial 28: Number of Grains = 19, Electrode Conditions = 9
	trial 29: Number of Grains = 9, Electrode Conditions = 6
	trial 30: Number of Grains = 9, Electrode Conditions = 9
	trial 31: Number of Grains = 19, Electrode Conditions = 4
	trial 32: Number of Grains = 19, Electrode Conditions = 0
	trial 33: Number of Grains = 39, Electrode Conditions = 4
	trial 34: Number of Grains = 39, Electrode Conditions = 6
	trial 35: Number of Grains = 9, Electrode Conditions = 4
	trial 36: Number of Grains = 39, Electrode Conditions = 9
plan 4:
	trial 1: Number of Grains = 9, Electrode Conditions = 6
	trial 2: Number of Grains = 39, Electrode Conditions = 6
	trial 3: Number of Grains = 19, Electrode Conditions = 4
	trial 4: Number of Grains = 9, Electrode Conditions = 0
	trial 5: Number of Grains = 9, Electrode Conditions = 4
	trial 6: Number of Grains = 39, Electrode Conditions = 9
	trial 7: Number of Grains = 9, Electrode Conditions = 9
	trial 8: Number of Grains = 39, Electrode Conditions = 4
	trial 9: Number of Grains = 19, Electrode Conditions = 0
	trial 10: Number of Grains = 39, Electrode Conditions = 0
	trial 11: Number of Grains = 19, Electrode Conditions = 9
	trial 12: Number of Grains = 19, Electrode Conditions = 6
	trial 13: Number of Grains = 9, Electrode Conditions = 6
	trial 14: Number of Grains = 39, Electrode Conditions = 6
	trial 15: Number of Grains = 19, Electrode Conditions = 4
	trial 16: Number of Grains = 9, Electrode Conditions = 0
	trial 17: Number of Grains = 9, Electrode Conditions = 4
	trial 18: Number of Grains = 39, Electrode Conditions = 9
	trial 19: Number of Grains = 9, Electrode Conditions = 9
	trial 20: Number of Grains = 39, Electrode Conditions = 4
	trial 21: Number of Grains = 19, Electrode Conditions = 0
	trial 22: Number of Grains = 39, Electrode Conditions = 0
	trial 23: Number of Grains = 19, Electrode Conditions = 9
	trial 24: Number of Grains = 19, Electrode Conditions = 6
	trial 25: Number of Grains = 9, Electrode Conditions = 6
	trial 26: Number of Grains = 39, Electrode Conditions = 6
	trial 27: Number of Grains = 19, Electrode Conditions = 4
	trial 28: Number of Grains = 9, Electrode Conditions = 0
	trial 29: Number of Grains = 9, Electrode Conditions = 4
	trial 30: Number of Grains = 39, Electrode Conditions = 9
	trial 31: Number of Grains = 9, Electrode Conditions = 9
	trial 32: Number of Grains = 39, Electrode Conditions = 4
	trial 33: Number of Grains = 19, Electrode Conditions = 0
	trial 34: Number of Grains = 39, Electrode Conditions = 0
	trial 35: Number of Grains = 19, Electrode Conditions = 9
	trial 36: Number of Grains = 19, Electrode Conditions = 6
plan 5:
	trial 1: Number of Grains = 9, Electrode Conditions = 0
	trial 2: Number of Grains = 9, Electrode Conditions = 9
	trial 3: Number of Grains = 39, Electrode Conditions = 0
	trial 4: Number of Grains = 9, Electrode Conditions = 4
	trial 5: Number of Grains = 19, Electrode Conditions = 9
	trial 6: Number of Grains = 19, Electrode Conditions = 0
	trial 7: Number of Grains = 39, Electrode Conditions = 6
	trial 8: Number of Grains = 39, Electrode Conditions = 9
	trial 9: Number of Grains = 19, Electrode Conditions = 6
	trial 10: Number of Grains = 9, Electrode Conditions = 6
	trial 11: Number of Grains = 19, Electrode Conditions = 4
	trial 12: Number of Grains = 39, Electrode Conditions = 4
	trial 13: Number of Grains = 9, Electrode Conditions = 0
	trial 14: Number of Grains = 9, Electrode Conditions = 9
	trial 15: Number of Grains = 39, Electrode Conditions = 0
	trial 16: Number of Grains = 9, Electrode Conditions = 4
	trial 17: Number of Grains = 19, Electrode Conditions = 9
	trial 18: Number of Grains = 19, Electrode Conditions = 0
	trial 19: Number of Grains = 39, Electrode Conditions = 6
	trial 20: Number of Grains = 39, Electrode Conditions = 9
	trial 21: Number of Grains = 19, Electrode Conditions = 6
	trial 22: Number of Grains = 9, Electrode Conditions = 6
	trial 23: Number of Grains = 19, Electrode Conditions = 4
	trial 24: Number of Grains = 39, Electrode Conditions = 4
	trial 25: Number of Grains = 9, Electrode Conditions = 0
	trial 26: Number of Grains = 9, Electrode Conditions = 9
	trial 27: Number of Grains = 39, Electrode Conditions = 0
	trial 28: Number of Grains = 9, Electrode Conditions = 4
	trial 29: Number of Grains = 19, Electrode Conditions = 9
	trial 30: Number of Grains = 19, Electrode Conditions = 0
	trial 31: Number of Grains = 39, Electrode Conditions = 6
	trial 32: Number of Grains = 39, Electrode Conditions = 9
	trial 33: Number of Grains = 19, Electrode Conditions = 6
	trial 34: Number of Grains = 9, Electrode Conditions = 6
	trial 35: Number of Grains = 19, Electrode Conditions = 4
	trial 36: Number of Grains = 39, Electrode Conditions = 4
plan 6:
	trial 1: Number of Grains = 39, Electrode Conditions = 6
	trial 2: Number of Grains = 19, Electrode Conditions = 0
	trial 3: Number of Grains = 9, Electrode Conditions = 4
	trial 4: Number of Grains = 9, Electrode Conditions = 9
	trial 5: Number of Grains = 19, Electrode Conditions = 4
	trial 6: Number of Grains = 39, Electrode Conditions = 4
	trial 7: Number of Grains = 19, Electrode Conditions = 6
	trial 8: Number of Grains = 39, Electrode Conditions = 0
	trial 9: Number of Grains = 19, Electrode Conditions = 9
	trial 10: Number of Grains = 39, Electrode Conditions = 9
	trial 11: Number of Grains = 9, Electrode Conditions = 6
	trial 12: Number of Grains = 9, Electrode Conditions = 0
	trial 13: Number of Grains = 39, Electrode Conditions = 6
	trial 14: Number of Grains = 19, Electrode Conditions = 0
	trial 15: Number of Grains = 9, Electrode Conditions = 4
	trial 16: Number of Grains = 9, Electrode Conditions = 9
	trial 17: Number of Grains = 19, Electrode Conditions = 4
	trial 18: Number of Grains = 39, Electrode Conditions = 4
	trial 19: Number of Grains = 19, Electrode Conditions = 6
	trial 20: Number of Grains = 39, Electrode Conditions = 0
	trial 21: Number of Grains = 19, Electrode Conditions = 9
	trial 22: Number of Grains = 39, Electrode Conditions = 9
	trial 23: Number of Grains = 9, Electrode Conditions = 6
	trial 24: Number of Grains = 9, Electrode Conditions = 0
	trial 25: Number of Grains = 39, Electrode Conditions = 6
	trial 26: Number of Grains = 19, Electrode Conditions = 0
	trial 27: Number of Grains = 9, Electrode Conditions = 4
	trial 28: Number of Grains = 9, Electrode Conditions = 9
	trial 29: Number of Grains = 19, Electrode Conditions = 4
	trial 30: Number of Grains = 39, Electrode Conditions = 4
	trial 31: Number of Grains = 19, Electrode Conditions = 6
	trial 32: Number of Grains = 39, Electrode Conditions = 0
	trial 33: Number of Grains = 19, Electrode Conditions = 9
	trial 34: Number of Grains = 39, Electrode Conditions = 9
	trial 35: Number of Grains = 9, Electrode Conditions = 6
	trial 36: Number of Grains = 9, Electrode Conditions = 0
plan 7:
	trial 1: Number of Grains = 19, Electrode Conditions = 6
	trial 2: Number of Grains = 19, Electrode Conditions = 9
	trial 3: Number of Grains = 39, Electrode Conditions = 9
	trial 4: Number of Grains = 39, Electrode Conditions = 4
	trial 5: Number of Grains = 9, Electrode Conditions = 9
	trial 6: Number of Grains = 19, Electrode Conditions = 4
	trial 7: Number of Grains = 39, Electrode Conditions = 0
	trial 8: Number of Grains = 9, Electrode Conditions = 4
	trial 9: Number of Grains = 9, Electrode Conditions = 0
	trial 10: Number of Grains = 19, Electrode Conditions = 0
	trial 11: Number of Grains = 39, Electrode Conditions = 6
	trial 12: Number of Grains = 9, Electrode Conditions = 6
	trial 13: Number of Grains = 19, Electrode Conditions = 6
	trial 14: Number of Grains = 19, Electrode Conditions = 9
	trial 15: Number of Grains = 39, Electrode Conditions = 9
	trial 16: Number of Grains = 39, Electrode Conditions = 4
	trial 17: Number of Grains = 9, Electrode Conditions = 9
	trial 18: Number of Grains = 19, Electrode Conditions = 4
	trial 19: Number of Grains = 39, Electrode Conditions = 0
	trial 20: Number of Grains = 9, Electrode Conditions = 4
	trial 21: Number of Grains = 9, Electrode Conditions = 0
	trial 22: Number of Grains = 19, Electrode Conditions = 0
	trial 23: Number of Grains = 39, Electrode Conditions = 6
	trial 24: Number of Grains = 9, Electrode Conditions = 6
	trial 25: Number of Grains = 19, Electrode Conditions = 6
	trial 26: Number of Grains = 19, Electrode Conditions = 9
	trial 27: Number of Grains = 39, Electrode Conditions = 9
	trial 28: Number of Grains = 39, Electrode Conditions = 4
	trial 29: Number of Grains = 9, Electrode Conditions = 9
	trial 30: Number of Grains = 19, Electrode Conditions = 4
	trial 31: Number of Grains = 39, Electrode Conditions = 0
	trial 32: Number of Grains = 9, Electrode Conditions = 4
	trial 33: Number of Grains = 9, Electrode Conditions = 0
	trial 34: Number of Grains = 19, Electrode Conditions = 0
	trial 35: Number of Grains = 39, Electrode Conditions = 6
	trial 36: Number of Grains = 9, Electrode Conditions = 6
plan 8:
	trial 1: Number of Grains = 19, Electrode Conditions = 0
	trial 2: Number of Grains = 19, Electrode Conditions = 6
	trial 3: Number of Grains = 39, Electrode Conditions = 4
	trial 4: Number of Grains = 39, Electrode Conditions = 0
	trial 5: Number of Grains = 9, Electrode Conditions = 0
	trial 6: Number of Grains = 9, Electrode Conditions = 6
	trial 7: Number of Grains = 19, Electrode Conditions = 9
	trial 8: Number of Grains = 39, Electrode Conditions = 6
	trial 9: Number of Grains = 39, Electrode Conditions = 9
	trial 10: Number of Grains = 19, Electrode Conditions = 4
	trial 11: Number of Grains = 9, Electrode Conditions = 9
	trial 12: Number of Grains = 9, Electrode Conditions = 4
	trial 13: Number of Grains = 19, Electrode Conditions = 0
	trial 14: Number of Grains = 19, Electrode Conditions = 6
	trial 15: Number of Grains = 39, Electrode Conditions = 4
	trial 16: Number of Grains = 39, Electrode Conditions = 0
	trial 17: Number of Grains = 9, Electrode Conditions = 0
	trial 18: Number of Grains = 9, Electrode Conditions = 6
	trial 19: Number of Grains = 19, Electrode Conditions = 9
	trial 20: Number of Grains = 39, Electrode Conditions = 6
	trial 21: Number of Grains = 39, Electrode Conditions = 9
	trial 22: Number of Grains = 19, Electrode Conditions = 4
	trial 23: Number of Grains = 9, Electrode Conditions = 9
	trial 24: Number of Grains = 9, Electrode Conditions = 4
	trial 25: Number of Grains = 19, Electrode Conditions = 0
	trial 26: Number of Grains = 19, Electrode Conditions = 6
	trial 27: Number of Grains = 39, Electrode Conditions = 4
	trial 28: Number of Grains = 39, Electrode Conditions = 0
	trial 29: Number of Grains = 9, Electrode Conditions = 0
	trial 30: Number of Grains = 9, Electrode Conditions = 6
	trial 31: Number of Grains = 19, Electrode Conditions = 9
	trial 32: Number of Grains = 39, Electrode Conditions = 6
	trial 33: Number of Grains = 39, Electrode Conditions = 9
	trial 34: Number of Grains = 19, Electrode Conditions = 4
	trial 35: Number of Grains = 9, Electrode Conditions = 9
	trial 36: Number of Grains = 9, Electrode Conditions = 4
plan 9:
	trial 1: Number of Grains = 9, Electrode Conditions = 4
	trial 2: Number of Grains = 19, Electrode Conditions = 4
	trial 3: Number of Grains = 9, Electrode Conditions = 0
	trial 4: Number of Grains = 19, Electrode Conditions = 0
	trial 5: Number of Grains = 39, Electrode Conditions = 4
	trial 6: Number of Grains = 39, Electrode Conditions = 6
	trial 7: Number of Grains = 39, Electrode Conditions = 9
	trial 8: Number of Grains = 19, Electrode Conditions = 6
	trial 9: Number of Grains = 9, Electrode Conditions = 6
	trial 10: Number of Grains = 9, Electrode Conditions = 9
	trial 11: Number of Grains = 39, Electrode Conditions = 0
	trial 12: Number of Grains = 19, Electrode Conditions = 9
	trial 13: Number of Grains = 9, Electrode Conditions = 4
	trial 14: Number of Grains = 19, Electrode Conditions = 4
	trial 15: Number of Grains = 9, Electrode Conditions = 0
	trial 16: Number of Grains = 19, Electrode Conditions = 0
	trial 17: Number of Grains = 39, Electrode Conditions = 4
	trial 18: Number of Grains = 39, Electrode Conditions = 6
	trial 19: Number of Grains = 39, Electrode Conditions = 9
	trial 20: Number of Grains = 19, Electrode Conditions = 6
	trial 21: Number of Grains = 9, Electrode Conditions = 6
	trial 22: Number of Grains = 9, Electrode Conditions = 9
	trial 23: Number of Grains = 39, Electrode Conditions = 0
	trial 24: Number of Grains = 19, Electrode Conditions = 9
	trial 25: Number of Grains = 9, Electrode Conditions = 4
	trial 26: Number of Grains = 19, Electrode Conditions = 4
	trial 27: Number of Grains = 9, Electrode Conditions = 0
	trial 28: Number of Grains = 19, Electrode Conditions = 0
	trial 29: Number of Grains = 39, Electrode Conditions = 4
	trial 30: Number of Grains = 39, Electrode Conditions = 6
	trial 31: Number of Grains = 39, Electrode Conditions = 9
	trial 32: Number of Grains = 19, Electrode Conditions = 6
	trial 33: Number of Grains = 9, Electrode Conditions = 6
	trial 34: Number of Grains = 9, Electrode Conditions = 9
	trial 35: Number of Grains = 39, Electrode Conditions = 0
	trial 36: Number of Grains = 19, Electrode Conditions = 9
plan 10:
	trial 1: Number of Grains = 19, Electrode Conditions = 4
	trial 2: Number of Grains = 39, Electrode Conditions = 4
	trial 3: Number of Grains = 9, Electrode Conditions = 6
	trial 4: Number of Grains = 39, Electrode Conditions = 6
	trial 5: Number of Grains = 39, Electrode Conditions = 0
	trial 6: Number of Grains = 19, Electrode Conditions = 9
	trial 7: Number of Grains = 19, Electrode Conditions = 0
	trial 8: Number of Grains = 9, Electrode Conditions = 0
	trial 9: Number of Grains = 9, Electrode Conditions = 4
	trial 10: Number of Grains = 19, Electrode Conditions = 6
	trial 11: Number of Grains = 39, Electrode Conditions = 9
	trial 12: Number of Grains = 9, Electrode Conditions = 9
	trial 13: Number of Grains = 19, Electrode Conditions = 4
	trial 14: Number of Grains = 39, Electrode Conditions = 4
	trial 15: Number of Grains = 9, Electrode Conditions = 6
	trial 16: Number of Grains = 39, Electrode Conditions = 6
	trial 17: Number of Grains = 39, Electrode Conditions = 0
	trial 18: Number of Grains = 19, Electrode Conditions = 9
	trial 19: Number of Grains = 19, Electrode Conditions = 0
	trial 20: Number of Grains = 9, Electrode Conditions = 0
	trial 21: Number of Grains = 9, Electrode Conditions = 4
	trial 22: Number of Grains = 19, Electrode Conditions = 6
	trial 23: Number of Grains = 39, Electrode Conditions = 9
	trial 24: Number of Grains = 9, Electrode Conditions = 9
	trial 25: Number of Grains = 19, Electrode Conditions = 4
	trial 26: Number of Grains = 39, Electrode Conditions = 4
	trial 27: Number of Grains = 9, Electrode Conditions = 6
	trial 28: Number of Grains = 39, Electrode Conditions = 6
	trial 29: Number of Grains = 39, Electrode Conditions = 0
	trial 30: Number of Grains = 19, Electrode Conditions = 9
	trial 31: Number of Grains = 19, Electrode Conditions = 0
	trial 32: Number of Grains = 9, Electrode Conditions = 0
	trial 33: Number of Grains = 9, Electrode Conditions = 4
	trial 34: Number of Grains = 19, Electrode Conditions = 6
	trial 35: Number of Grains = 39, Electrode Conditions = 9
	trial 36: Number of Grains = 9, Electrode Conditions = 9
plan 11:
	trial 1: Number of Grains = 39, Electrode Conditions = 9
	trial 2: Number of Grains = 9, Electrode Conditions = 4
	trial 3: Number of Grains = 19, Electrode Conditions = 9
	trial 4: Number of Grains = 19, Electrode Conditions = 4
	trial 5: Number of Grains = 19, Electrode Conditions = 0
	trial 6: Number of Grains = 39, Electrode Conditions = 0
	trial 7: Number of Grains = 39, Electrode Conditions = 4
	trial 8: Number of Grains = 9, Electrode Conditions = 6
	trial 9: Number of Grains = 9, Electrode Conditions = 9
	trial 10: Number of Grains = 9, Electrode Conditions = 0
	trial 11: Number of Grains = 19, Electrode Conditions = 6
	trial 12: Number of Grains = 39, Electrode Conditions = 6
	trial 13: Number of Grains = 39, Electrode Conditions = 9
	trial 14: Number of Grains = 9, Electrode Conditions = 4
	trial 15: Number of Grains = 19, Electrode Conditions = 9
	trial 16: Number of Grains = 19, Electrode Conditions = 4
	trial 17: Number of Grains = 19, Electrode Conditions = 0
	trial 18: Number of Grains = 39, Electrode Conditions = 0
	trial 19: Number of Grains = 39, Electrode Conditions = 4
	trial 20: Number of Grains = 9, Electrode Conditions = 6
	trial 21: Number of Grains = 9, Electrode Conditions = 9
	trial 22: Number of Grains = 9, Electrode Conditions = 0
	trial 23: Number of Grains = 19, Electrode Conditions = 6
	trial 24: Number of Grains = 39, Electrode Conditions = 6
	trial 25: Number of Grains = 39, Electrode Conditions = 9
	trial 26: Number of Grains = 9, Electrode Conditions = 4
	trial 27: Number of Grains = 19, Electrode Conditions = 9
	trial 28: Number of Grains = 19, Electrode Conditions = 4
	trial 29: Number of Grains = 19, Electrode Conditions = 0
	trial 30: Number of Grains = 39, Electrode Conditions = 0
	trial 31: Number of Grains = 39, Electrode Conditions = 4
	trial 32: Number of Grains = 9, Electrode Conditions = 6
	trial 33: Number of Grains = 9, Electrode Conditions = 9
	trial 34: Number of Grains = 9, Electrode Conditions = 0
	trial 35: Number of Grains = 19, Electrode Conditions = 6
	trial 36: Number of Grains = 39, Electrode Conditions = 6
plan 12:
	trial 1: Number of Grains = 39, Electrode Conditions = 4
	trial 2: Number of Grains = 9, Electrode Conditions = 6
	trial 3: Number of Grains = 9, Electrode Conditions = 9
	trial 4: Number of Grains = 39, Electrode Conditions = 9
	trial 5: Number of Grains = 39, Electrode Conditions = 6
	trial 6: Number of Grains = 19, Electrode Conditions = 6
	trial 7: Number of Grains = 9, Electrode Conditions = 4
	trial 8: Number of Grains = 19, Electrode Conditions = 4
	trial 9: Number of Grains = 39, Electrode Conditions = 0
	trial 10: Number of Grains = 19, Electrode Conditions = 9
	trial 11: Number of Grains = 9, Electrode Conditions = 0
	trial 12: Number of Grains = 19, Electrode Conditions = 0
	trial 13: Number of Grains = 39, Electrode Conditions = 4
	trial 14: Number of Grains = 9, Electrode Conditions = 6
	trial 15: Number of Grains = 9, Electrode Conditions = 9
	trial 16: Number of Grains = 39, Electrode Conditions = 9
	trial 17: Number of Grains = 39, Electrode Conditions = 6
	trial 18: Number of Grains = 19, Electrode Conditions = 6
	trial 19: Number of Grains = 9, Electrode Conditions = 4
	trial 20: Number of Grains = 19, Electrode Conditions = 4
	trial 21: Number of Grains = 39, Electrode Conditions = 0
	trial 22: Number of Grains = 19, Electrode Conditions = 9
	trial 23: Number of Grains = 9, Electrode Conditions = 0
	trial 24: Number of Grains = 19, Electrode Conditions = 0
	trial 25: Number of Grains = 39, Electrode Conditions = 4
	trial 26: Number of Grains = 9, Electrode Conditions = 6
	trial 27: Number of Grains = 9, Electrode Conditions = 9
	trial 28: Number of Grains = 39, Electrode Conditions = 9
	trial 29: Number of Grains = 39, Electrode Conditions = 6
	trial 30: Number of Grains = 19, Electrode Conditions = 6
	trial 31: Number of Grains = 9, Electrode Conditions = 4
	trial 32: Number of Grains = 19, Electrode Conditions = 4
	trial 33: Number of Grains = 39, Electrode Conditions = 0
	trial 34: Number of Grains = 19, Electrode Conditions = 9
	trial 35: Number of Grains = 9, Electrode Conditions = 0
	trial 36: Number of Grains = 19, Electrode Conditions = 0
 

***ASSIGNMENT***

    pid  plan
0     1    11
1     2     6
2     3     2
3     4     4
4     5     5
5     6     3
6     7     7
7     8     1
8     9     9
9    10     0
10   11     8
11   12    10
