***EXPERIMENT PLANS***

plan 1:
	trial 1: pronouns = jibun
	trial 2: pronouns = atashi
	trial 3: pronouns = boku
	trial 4: pronouns = watakushi
	trial 5: pronouns = uchi
	trial 6: pronouns = watashikanji
	trial 7: pronouns = atakushi
	trial 8: pronouns = watashi
	trial 9: pronouns = ore
	trial 10: pronouns = washi
plan 2:
	trial 1: pronouns = watashikanji
	trial 2: pronouns = washi
	trial 3: pronouns = jibun
	trial 4: pronouns = boku
	trial 5: pronouns = watakushi
	trial 6: pronouns = atakushi
	trial 7: pronouns = watashi
	trial 8: pronouns = atashi
	trial 9: pronouns = uchi
	trial 10: pronouns = ore
plan 3:
	trial 1: pronouns = atakushi
	trial 2: pronouns = ore
	trial 3: pronouns = watashikanji
	trial 4: pronouns = watashi
	trial 5: pronouns = uchi
	trial 6: pronouns = boku
	trial 7: pronouns = watakushi
	trial 8: pronouns = washi
	trial 9: pronouns = atashi
	trial 10: pronouns = jibun
plan 4:
	trial 1: pronouns = watakushi
	trial 2: pronouns = watashikanji
	trial 3: pronouns = atashi
	trial 4: pronouns = watashi
	trial 5: pronouns = ore
	trial 6: pronouns = jibun
	trial 7: pronouns = boku
	trial 8: pronouns = atakushi
	trial 9: pronouns = uchi
	trial 10: pronouns = washi
plan 5:
	trial 1: pronouns = atakushi
	trial 2: pronouns = jibun
	trial 3: pronouns = boku
	trial 4: pronouns = ore
	trial 5: pronouns = atashi
	trial 6: pronouns = uchi
	trial 7: pronouns = washi
	trial 8: pronouns = watashikanji
	trial 9: pronouns = watashi
	trial 10: pronouns = watakushi
plan 6:
	trial 1: pronouns = ore
	trial 2: pronouns = watashi
	trial 3: pronouns = watakushi
	trial 4: pronouns = watashikanji
	trial 5: pronouns = uchi
	trial 6: pronouns = washi
	trial 7: pronouns = atashi
	trial 8: pronouns = boku
	trial 9: pronouns = atakushi
	trial 10: pronouns = jibun
plan 7:
	trial 1: pronouns = watakushi
	trial 2: pronouns = jibun
	trial 3: pronouns = atashi
	trial 4: pronouns = atakushi
	trial 5: pronouns = washi
	trial 6: pronouns = uchi
	trial 7: pronouns = watashikanji
	trial 8: pronouns = watashi
	trial 9: pronouns = ore
	trial 10: pronouns = boku
plan 8:
	trial 1: pronouns = watakushi
	trial 2: pronouns = ore
	trial 3: pronouns = watashikanji
	trial 4: pronouns = washi
	trial 5: pronouns = jibun
	trial 6: pronouns = atakushi
	trial 7: pronouns = watashi
	trial 8: pronouns = atashi
	trial 9: pronouns = boku
	trial 10: pronouns = uchi
plan 9:
	trial 1: pronouns = ore
	trial 2: pronouns = watashikanji
	trial 3: pronouns = watashi
	trial 4: pronouns = uchi
	trial 5: pronouns = atakushi
	trial 6: pronouns = atashi
	trial 7: pronouns = boku
	trial 8: pronouns = jibun
	trial 9: pronouns = washi
	trial 10: pronouns = watakushi
plan 10:
	trial 1: pronouns = atashi
	trial 2: pronouns = jibun
	trial 3: pronouns = uchi
	trial 4: pronouns = washi
	trial 5: pronouns = watashikanji
	trial 6: pronouns = watakushi
	trial 7: pronouns = boku
	trial 8: pronouns = ore
	trial 9: pronouns = watashi
	trial 10: pronouns = atakushi
plan 11:
	trial 1: pronouns = uchi
	trial 2: pronouns = boku
	trial 3: pronouns = atashi
	trial 4: pronouns = watashikanji
	trial 5: pronouns = watashi
	trial 6: pronouns = ore
	trial 7: pronouns = watakushi
	trial 8: pronouns = atakushi
	trial 9: pronouns = washi
	trial 10: pronouns = jibun
plan 12:
	trial 1: pronouns = watashi
	trial 2: pronouns = watashikanji
	trial 3: pronouns = atashi
	trial 4: pronouns = atakushi
	trial 5: pronouns = jibun
	trial 6: pronouns = uchi
	trial 7: pronouns = watakushi
	trial 8: pronouns = boku
	trial 9: pronouns = washi
	trial 10: pronouns = ore
plan 13:
	trial 1: pronouns = watashi
	trial 2: pronouns = jibun
	trial 3: pronouns = ore
	trial 4: pronouns = watakushi
	trial 5: pronouns = boku
	trial 6: pronouns = uchi
	trial 7: pronouns = washi
	trial 8: pronouns = atashi
	trial 9: pronouns = watashikanji
	trial 10: pronouns = atakushi
plan 14:
	trial 1: pronouns = atakushi
	trial 2: pronouns = jibun
	trial 3: pronouns = atashi
	trial 4: pronouns = watakushi
	trial 5: pronouns = washi
	trial 6: pronouns = watashi
	trial 7: pronouns = ore
	trial 8: pronouns = uchi
	trial 9: pronouns = boku
	trial 10: pronouns = watashikanji
plan 15:
	trial 1: pronouns = atashi
	trial 2: pronouns = atakushi
	trial 3: pronouns = uchi
	trial 4: pronouns = boku
	trial 5: pronouns = watashi
	trial 6: pronouns = watakushi
	trial 7: pronouns = jibun
	trial 8: pronouns = ore
	trial 9: pronouns = washi
	trial 10: pronouns = watashikanji
plan 16:
	trial 1: pronouns = jibun
	trial 2: pronouns = ore
	trial 3: pronouns = atashi
	trial 4: pronouns = watashikanji
	trial 5: pronouns = watashi
	trial 6: pronouns = boku
	trial 7: pronouns = watakushi
	trial 8: pronouns = atakushi
	trial 9: pronouns = washi
	trial 10: pronouns = uchi
plan 17:
	trial 1: pronouns = washi
	trial 2: pronouns = atashi
	trial 3: pronouns = ore
	trial 4: pronouns = uchi
	trial 5: pronouns = watashi
	trial 6: pronouns = atakushi
	trial 7: pronouns = jibun
	trial 8: pronouns = watashikanji
	trial 9: pronouns = watakushi
	trial 10: pronouns = boku
plan 18:
	trial 1: pronouns = watakushi
	trial 2: pronouns = atakushi
	trial 3: pronouns = washi
	trial 4: pronouns = uchi
	trial 5: pronouns = ore
	trial 6: pronouns = watashi
	trial 7: pronouns = watashikanji
	trial 8: pronouns = atashi
	trial 9: pronouns = boku
	trial 10: pronouns = jibun
plan 19:
	trial 1: pronouns = watashikanji
	trial 2: pronouns = jibun
	trial 3: pronouns = atashi
	trial 4: pronouns = watashi
	trial 5: pronouns = ore
	trial 6: pronouns = watakushi
	trial 7: pronouns = boku
	trial 8: pronouns = washi
	trial 9: pronouns = atakushi
	trial 10: pronouns = uchi
plan 20:
	trial 1: pronouns = watashikanji
	trial 2: pronouns = ore
	trial 3: pronouns = boku
	trial 4: pronouns = washi
	trial 5: pronouns = jibun
	trial 6: pronouns = watashi
	trial 7: pronouns = uchi
	trial 8: pronouns = watakushi
	trial 9: pronouns = atakushi
	trial 10: pronouns = atashi
plan 21:
	trial 1: pronouns = atakushi
	trial 2: pronouns = ore
	trial 3: pronouns = uchi
	trial 4: pronouns = boku
	trial 5: pronouns = watashikanji
	trial 6: pronouns = jibun
	trial 7: pronouns = watashi
	trial 8: pronouns = washi
	trial 9: pronouns = watakushi
	trial 10: pronouns = atashi
plan 22:
	trial 1: pronouns = ore
	trial 2: pronouns = uchi
	trial 3: pronouns = atakushi
	trial 4: pronouns = washi
	trial 5: pronouns = atashi
	trial 6: pronouns = watakushi
	trial 7: pronouns = jibun
	trial 8: pronouns = boku
	trial 9: pronouns = watashi
	trial 10: pronouns = watashikanji
plan 23:
	trial 1: pronouns = watashikanji
	trial 2: pronouns = atashi
	trial 3: pronouns = washi
	trial 4: pronouns = uchi
	trial 5: pronouns = watakushi
	trial 6: pronouns = ore
	trial 7: pronouns = atakushi
	trial 8: pronouns = watashi
	trial 9: pronouns = jibun
	trial 10: pronouns = boku
plan 24:
	trial 1: pronouns = jibun
	trial 2: pronouns = uchi
	trial 3: pronouns = boku
	trial 4: pronouns = ore
	trial 5: pronouns = watashikanji
	trial 6: pronouns = atakushi
	trial 7: pronouns = watakushi
	trial 8: pronouns = washi
	trial 9: pronouns = watashi
	trial 10: pronouns = atashi
plan 25:
	trial 1: pronouns = uchi
	trial 2: pronouns = watashi
	trial 3: pronouns = boku
	trial 4: pronouns = atashi
	trial 5: pronouns = atakushi
	trial 6: pronouns = jibun
	trial 7: pronouns = washi
	trial 8: pronouns = watakushi
	trial 9: pronouns = ore
	trial 10: pronouns = watashikanji
plan 26:
	trial 1: pronouns = watashi
	trial 2: pronouns = atashi
	trial 3: pronouns = boku
	trial 4: pronouns = washi
	trial 5: pronouns = atakushi
	trial 6: pronouns = uchi
	trial 7: pronouns = watashikanji
	trial 8: pronouns = jibun
	trial 9: pronouns = watakushi
	trial 10: pronouns = ore
plan 27:
	trial 1: pronouns = atashi
	trial 2: pronouns = atakushi
	trial 3: pronouns = watakushi
	trial 4: pronouns = watashi
	trial 5: pronouns = watashikanji
	trial 6: pronouns = jibun
	trial 7: pronouns = boku
	trial 8: pronouns = washi
	trial 9: pronouns = ore
	trial 10: pronouns = uchi
plan 28:
	trial 1: pronouns = atashi
	trial 2: pronouns = atakushi
	trial 3: pronouns = washi
	trial 4: pronouns = ore
	trial 5: pronouns = uchi
	trial 6: pronouns = watakushi
	trial 7: pronouns = watashi
	trial 8: pronouns = boku
	trial 9: pronouns = jibun
	trial 10: pronouns = watashikanji
plan 29:
	trial 1: pronouns = boku
	trial 2: pronouns = washi
	trial 3: pronouns = uchi
	trial 4: pronouns = atashi
	trial 5: pronouns = watashikanji
	trial 6: pronouns = ore
	trial 7: pronouns = watashi
	trial 8: pronouns = watakushi
	trial 9: pronouns = jibun
	trial 10: pronouns = atakushi
plan 30:
	trial 1: pronouns = washi
	trial 2: pronouns = boku
	trial 3: pronouns = atakushi
	trial 4: pronouns = ore
	trial 5: pronouns = watashikanji
	trial 6: pronouns = jibun
	trial 7: pronouns = watakushi
	trial 8: pronouns = atashi
	trial 9: pronouns = watashi
	trial 10: pronouns = uchi
plan 31:
	trial 1: pronouns = watashi
	trial 2: pronouns = jibun
	trial 3: pronouns = atashi
	trial 4: pronouns = watakushi
	trial 5: pronouns = atakushi
	trial 6: pronouns = uchi
	trial 7: pronouns = washi
	trial 8: pronouns = ore
	trial 9: pronouns = watashikanji
	trial 10: pronouns = boku
plan 32:
	trial 1: pronouns = atakushi
	trial 2: pronouns = jibun
	trial 3: pronouns = watakushi
	trial 4: pronouns = atashi
	trial 5: pronouns = washi
	trial 6: pronouns = watashikanji
	trial 7: pronouns = ore
	trial 8: pronouns = uchi
	trial 9: pronouns = boku
	trial 10: pronouns = watashi
plan 33:
	trial 1: pronouns = ore
	trial 2: pronouns = atakushi
	trial 3: pronouns = jibun
	trial 4: pronouns = watakushi
	trial 5: pronouns = uchi
	trial 6: pronouns = watashikanji
	trial 7: pronouns = watashi
	trial 8: pronouns = washi
	trial 9: pronouns = atashi
	trial 10: pronouns = boku
plan 34:
	trial 1: pronouns = jibun
	trial 2: pronouns = atakushi
	trial 3: pronouns = washi
	trial 4: pronouns = atashi
	trial 5: pronouns = boku
	trial 6: pronouns = uchi
	trial 7: pronouns = watashikanji
	trial 8: pronouns = watashi
	trial 9: pronouns = watakushi
	trial 10: pronouns = ore
plan 35:
	trial 1: pronouns = washi
	trial 2: pronouns = watakushi
	trial 3: pronouns = watashi
	trial 4: pronouns = watashikanji
	trial 5: pronouns = atashi
	trial 6: pronouns = uchi
	trial 7: pronouns = jibun
	trial 8: pronouns = ore
	trial 9: pronouns = boku
	trial 10: pronouns = atakushi
plan 36:
	trial 1: pronouns = boku
	trial 2: pronouns = watakushi
	trial 3: pronouns = atashi
	trial 4: pronouns = atakushi
	trial 5: pronouns = uchi
	trial 6: pronouns = ore
	trial 7: pronouns = washi
	trial 8: pronouns = watashi
	trial 9: pronouns = jibun
	trial 10: pronouns = watashikanji
plan 37:
	trial 1: pronouns = boku
	trial 2: pronouns = ore
	trial 3: pronouns = watashi
	trial 4: pronouns = atashi
	trial 5: pronouns = jibun
	trial 6: pronouns = watashikanji
	trial 7: pronouns = uchi
	trial 8: pronouns = washi
	trial 9: pronouns = atakushi
	trial 10: pronouns = watakushi
plan 38:
	trial 1: pronouns = ore
	trial 2: pronouns = watashi
	trial 3: pronouns = watashikanji
	trial 4: pronouns = jibun
	trial 5: pronouns = washi
	trial 6: pronouns = atashi
	trial 7: pronouns = uchi
	trial 8: pronouns = watakushi
	trial 9: pronouns = boku
	trial 10: pronouns = atakushi
plan 39:
	trial 1: pronouns = boku
	trial 2: pronouns = washi
	trial 3: pronouns = atakushi
	trial 4: pronouns = jibun
	trial 5: pronouns = watashi
	trial 6: pronouns = watashikanji
	trial 7: pronouns = uchi
	trial 8: pronouns = ore
	trial 9: pronouns = watakushi
	trial 10: pronouns = atashi
plan 40:
	trial 1: pronouns = watakushi
	trial 2: pronouns = watashi
	trial 3: pronouns = uchi
	trial 4: pronouns = boku
	trial 5: pronouns = watashikanji
	trial 6: pronouns = ore
	trial 7: pronouns = atakushi
	trial 8: pronouns = atashi
	trial 9: pronouns = washi
	trial 10: pronouns = jibun
plan 41:
	trial 1: pronouns = washi
	trial 2: pronouns = boku
	trial 3: pronouns = uchi
	trial 4: pronouns = ore
	trial 5: pronouns = atashi
	trial 6: pronouns = watakushi
	trial 7: pronouns = watashi
	trial 8: pronouns = atakushi
	trial 9: pronouns = jibun
	trial 10: pronouns = watashikanji
plan 42:
	trial 1: pronouns = watashikanji
	trial 2: pronouns = watakushi
	trial 3: pronouns = atashi
	trial 4: pronouns = jibun
	trial 5: pronouns = ore
	trial 6: pronouns = boku
	trial 7: pronouns = uchi
	trial 8: pronouns = washi
	trial 9: pronouns = watashi
	trial 10: pronouns = atakushi
plan 43:
	trial 1: pronouns = atakushi
	trial 2: pronouns = washi
	trial 3: pronouns = atashi
	trial 4: pronouns = boku
	trial 5: pronouns = ore
	trial 6: pronouns = watakushi
	trial 7: pronouns = uchi
	trial 8: pronouns = watashi
	trial 9: pronouns = watashikanji
	trial 10: pronouns = jibun
plan 44:
	trial 1: pronouns = washi
	trial 2: pronouns = jibun
	trial 3: pronouns = atakushi
	trial 4: pronouns = ore
	trial 5: pronouns = atashi
	trial 6: pronouns = watakushi
	trial 7: pronouns = watashikanji
	trial 8: pronouns = uchi
	trial 9: pronouns = watashi
	trial 10: pronouns = boku
plan 45:
	trial 1: pronouns = washi
	trial 2: pronouns = jibun
	trial 3: pronouns = atashi
	trial 4: pronouns = atakushi
	trial 5: pronouns = watashi
	trial 6: pronouns = boku
	trial 7: pronouns = ore
	trial 8: pronouns = watakushi
	trial 9: pronouns = watashikanji
	trial 10: pronouns = uchi
plan 46:
	trial 1: pronouns = jibun
	trial 2: pronouns = ore
	trial 3: pronouns = watakushi
	trial 4: pronouns = atakushi
	trial 5: pronouns = watashikanji
	trial 6: pronouns = boku
	trial 7: pronouns = uchi
	trial 8: pronouns = washi
	trial 9: pronouns = atashi
	trial 10: pronouns = watashi
plan 47:
	trial 1: pronouns = atakushi
	trial 2: pronouns = uchi
	trial 3: pronouns = jibun
	trial 4: pronouns = boku
	trial 5: pronouns = ore
	trial 6: pronouns = washi
	trial 7: pronouns = watashikanji
	trial 8: pronouns = watashi
	trial 9: pronouns = watakushi
	trial 10: pronouns = atashi
plan 48:
	trial 1: pronouns = watashi
	trial 2: pronouns = watakushi
	trial 3: pronouns = washi
	trial 4: pronouns = jibun
	trial 5: pronouns = ore
	trial 6: pronouns = atakushi
	trial 7: pronouns = atashi
	trial 8: pronouns = watashikanji
	trial 9: pronouns = boku
	trial 10: pronouns = uchi
plan 49:
	trial 1: pronouns = jibun
	trial 2: pronouns = washi
	trial 3: pronouns = atashi
	trial 4: pronouns = ore
	trial 5: pronouns = uchi
	trial 6: pronouns = watashi
	trial 7: pronouns = watashikanji
	trial 8: pronouns = watakushi
	trial 9: pronouns = atakushi
	trial 10: pronouns = boku
plan 50:
	trial 1: pronouns = washi
	trial 2: pronouns = uchi
	trial 3: pronouns = watakushi
	trial 4: pronouns = watashikanji
	trial 5: pronouns = jibun
	trial 6: pronouns = atashi
	trial 7: pronouns = watashi
	trial 8: pronouns = atakushi
	trial 9: pronouns = boku
	trial 10: pronouns = ore
plan 51:
	trial 1: pronouns = uchi
	trial 2: pronouns = jibun
	trial 3: pronouns = watakushi
	trial 4: pronouns = ore
	trial 5: pronouns = watashikanji
	trial 6: pronouns = boku
	trial 7: pronouns = watashi
	trial 8: pronouns = washi
	trial 9: pronouns = atashi
	trial 10: pronouns = atakushi
plan 52:
	trial 1: pronouns = ore
	trial 2: pronouns = atakushi
	trial 3: pronouns = boku
	trial 4: pronouns = watashikanji
	trial 5: pronouns = atashi
	trial 6: pronouns = uchi
	trial 7: pronouns = watakushi
	trial 8: pronouns = jibun
	trial 9: pronouns = washi
	trial 10: pronouns = watashi
plan 53:
	trial 1: pronouns = uchi
	trial 2: pronouns = ore
	trial 3: pronouns = boku
	trial 4: pronouns = atakushi
	trial 5: pronouns = watashi
	trial 6: pronouns = jibun
	trial 7: pronouns = atashi
	trial 8: pronouns = watashikanji
	trial 9: pronouns = watakushi
	trial 10: pronouns = washi
plan 54:
	trial 1: pronouns = ore
	trial 2: pronouns = atakushi
	trial 3: pronouns = watakushi
	trial 4: pronouns = uchi
	trial 5: pronouns = watashikanji
	trial 6: pronouns = watashi
	trial 7: pronouns = atashi
	trial 8: pronouns = boku
	trial 9: pronouns = washi
	trial 10: pronouns = jibun
plan 55:
	trial 1: pronouns = jibun
	trial 2: pronouns = uchi
	trial 3: pronouns = ore
	trial 4: pronouns = washi
	trial 5: pronouns = boku
	trial 6: pronouns = watakushi
	trial 7: pronouns = atakushi
	trial 8: pronouns = watashikanji
	trial 9: pronouns = atashi
	trial 10: pronouns = watashi
plan 56:
	trial 1: pronouns = jibun
	trial 2: pronouns = atakushi
	trial 3: pronouns = ore
	trial 4: pronouns = watashikanji
	trial 5: pronouns = uchi
	trial 6: pronouns = watashi
	trial 7: pronouns = boku
	trial 8: pronouns = atashi
	trial 9: pronouns = watakushi
	trial 10: pronouns = washi
plan 57:
	trial 1: pronouns = watakushi
	trial 2: pronouns = watashi
	trial 3: pronouns = atashi
	trial 4: pronouns = watashikanji
	trial 5: pronouns = ore
	trial 6: pronouns = atakushi
	trial 7: pronouns = uchi
	trial 8: pronouns = washi
	trial 9: pronouns = boku
	trial 10: pronouns = jibun
plan 58:
	trial 1: pronouns = jibun
	trial 2: pronouns = uchi
	trial 3: pronouns = atakushi
	trial 4: pronouns = watashikanji
	trial 5: pronouns = boku
	trial 6: pronouns = watashi
	trial 7: pronouns = washi
	trial 8: pronouns = atashi
	trial 9: pronouns = ore
	trial 10: pronouns = watakushi
plan 59:
	trial 1: pronouns = washi
	trial 2: pronouns = boku
	trial 3: pronouns = watashi
	trial 4: pronouns = uchi
	trial 5: pronouns = watakushi
	trial 6: pronouns = atashi
	trial 7: pronouns = watashikanji
	trial 8: pronouns = jibun
	trial 9: pronouns = ore
	trial 10: pronouns = atakushi
plan 60:
	trial 1: pronouns = watashi
	trial 2: pronouns = jibun
	trial 3: pronouns = uchi
	trial 4: pronouns = watakushi
	trial 5: pronouns = ore
	trial 6: pronouns = atakushi
	trial 7: pronouns = atashi
	trial 8: pronouns = washi
	trial 9: pronouns = boku
	trial 10: pronouns = watashikanji
plan 61:
	trial 1: pronouns = washi
	trial 2: pronouns = ore
	trial 3: pronouns = watashi
	trial 4: pronouns = uchi
	trial 5: pronouns = atakushi
	trial 6: pronouns = boku
	trial 7: pronouns = atashi
	trial 8: pronouns = watakushi
	trial 9: pronouns = jibun
	trial 10: pronouns = watashikanji
plan 62:
	trial 1: pronouns = boku
	trial 2: pronouns = watashikanji
	trial 3: pronouns = washi
	trial 4: pronouns = atashi
	trial 5: pronouns = watakushi
	trial 6: pronouns = atakushi
	trial 7: pronouns = ore
	trial 8: pronouns = watashi
	trial 9: pronouns = jibun
	trial 10: pronouns = uchi
plan 63:
	trial 1: pronouns = uchi
	trial 2: pronouns = boku
	trial 3: pronouns = washi
	trial 4: pronouns = watashikanji
	trial 5: pronouns = jibun
	trial 6: pronouns = ore
	trial 7: pronouns = atakushi
	trial 8: pronouns = atashi
	trial 9: pronouns = watashi
	trial 10: pronouns = watakushi
plan 64:
	trial 1: pronouns = uchi
	trial 2: pronouns = boku
	trial 3: pronouns = washi
	trial 4: pronouns = watakushi
	trial 5: pronouns = jibun
	trial 6: pronouns = ore
	trial 7: pronouns = watashi
	trial 8: pronouns = atakushi
	trial 9: pronouns = watashikanji
	trial 10: pronouns = atashi
plan 65:
	trial 1: pronouns = ore
	trial 2: pronouns = watakushi
	trial 3: pronouns = boku
	trial 4: pronouns = watashi
	trial 5: pronouns = washi
	trial 6: pronouns = jibun
	trial 7: pronouns = atashi
	trial 8: pronouns = atakushi
	trial 9: pronouns = uchi
	trial 10: pronouns = watashikanji
plan 66:
	trial 1: pronouns = watakushi
	trial 2: pronouns = atakushi
	trial 3: pronouns = atashi
	trial 4: pronouns = boku
	trial 5: pronouns = washi
	trial 6: pronouns = ore
	trial 7: pronouns = watashi
	trial 8: pronouns = watashikanji
	trial 9: pronouns = uchi
	trial 10: pronouns = jibun
plan 67:
	trial 1: pronouns = jibun
	trial 2: pronouns = washi
	trial 3: pronouns = boku
	trial 4: pronouns = watakushi
	trial 5: pronouns = atakushi
	trial 6: pronouns = watashi
	trial 7: pronouns = watashikanji
	trial 8: pronouns = ore
	trial 9: pronouns = uchi
	trial 10: pronouns = atashi
plan 68:
	trial 1: pronouns = watashikanji
	trial 2: pronouns = jibun
	trial 3: pronouns = watakushi
	trial 4: pronouns = watashi
	trial 5: pronouns = atakushi
	trial 6: pronouns = ore
	trial 7: pronouns = boku
	trial 8: pronouns = atashi
	trial 9: pronouns = uchi
	trial 10: pronouns = washi
plan 69:
	trial 1: pronouns = ore
	trial 2: pronouns = uchi
	trial 3: pronouns = boku
	trial 4: pronouns = watashi
	trial 5: pronouns = jibun
	trial 6: pronouns = watakushi
	trial 7: pronouns = watashikanji
	trial 8: pronouns = atashi
	trial 9: pronouns = atakushi
	trial 10: pronouns = washi
plan 70:
	trial 1: pronouns = uchi
	trial 2: pronouns = boku
	trial 3: pronouns = atakushi
	trial 4: pronouns = watashikanji
	trial 5: pronouns = jibun
	trial 6: pronouns = washi
	trial 7: pronouns = ore
	trial 8: pronouns = watakushi
	trial 9: pronouns = watashi
	trial 10: pronouns = atashi
plan 71:
	trial 1: pronouns = ore
	trial 2: pronouns = atashi
	trial 3: pronouns = boku
	trial 4: pronouns = watakushi
	trial 5: pronouns = watashikanji
	trial 6: pronouns = atakushi
	trial 7: pronouns = watashi
	trial 8: pronouns = washi
	trial 9: pronouns = uchi
	trial 10: pronouns = jibun
plan 72:
	trial 1: pronouns = boku
	trial 2: pronouns = uchi
	trial 3: pronouns = watashi
	trial 4: pronouns = watashikanji
	trial 5: pronouns = watakushi
	trial 6: pronouns = jibun
	trial 7: pronouns = atakushi
	trial 8: pronouns = atashi
	trial 9: pronouns = ore
	trial 10: pronouns = washi
plan 73:
	trial 1: pronouns = uchi
	trial 2: pronouns = washi
	trial 3: pronouns = ore
	trial 4: pronouns = watashi
	trial 5: pronouns = atashi
	trial 6: pronouns = boku
	trial 7: pronouns = jibun
	trial 8: pronouns = atakushi
	trial 9: pronouns = watakushi
	trial 10: pronouns = watashikanji
plan 74:
	trial 1: pronouns = washi
	trial 2: pronouns = ore
	trial 3: pronouns = atakushi
	trial 4: pronouns = boku
	trial 5: pronouns = atashi
	trial 6: pronouns = uchi
	trial 7: pronouns = watakushi
	trial 8: pronouns = watashikanji
	trial 9: pronouns = jibun
	trial 10: pronouns = watashi
plan 75:
	trial 1: pronouns = jibun
	trial 2: pronouns = washi
	trial 3: pronouns = ore
	trial 4: pronouns = atakushi
	trial 5: pronouns = watakushi
	trial 6: pronouns = boku
	trial 7: pronouns = watashi
	trial 8: pronouns = atashi
	trial 9: pronouns = uchi
	trial 10: pronouns = watashikanji
plan 76:
	trial 1: pronouns = jibun
	trial 2: pronouns = atakushi
	trial 3: pronouns = washi
	trial 4: pronouns = boku
	trial 5: pronouns = watashikanji
	trial 6: pronouns = atashi
	trial 7: pronouns = watakushi
	trial 8: pronouns = uchi
	trial 9: pronouns = watashi
	trial 10: pronouns = ore
plan 77:
	trial 1: pronouns = watashikanji
	trial 2: pronouns = ore
	trial 3: pronouns = washi
	trial 4: pronouns = watashi
	trial 5: pronouns = watakushi
	trial 6: pronouns = jibun
	trial 7: pronouns = atakushi
	trial 8: pronouns = uchi
	trial 9: pronouns = atashi
	trial 10: pronouns = boku
plan 78:
	trial 1: pronouns = watakushi
	trial 2: pronouns = washi
	trial 3: pronouns = ore
	trial 4: pronouns = uchi
	trial 5: pronouns = watashikanji
	trial 6: pronouns = boku
	trial 7: pronouns = atashi
	trial 8: pronouns = watashi
	trial 9: pronouns = atakushi
	trial 10: pronouns = jibun
plan 79:
	trial 1: pronouns = boku
	trial 2: pronouns = watashikanji
	trial 3: pronouns = watashi
	trial 4: pronouns = atashi
	trial 5: pronouns = washi
	trial 6: pronouns = jibun
	trial 7: pronouns = atakushi
	trial 8: pronouns = uchi
	trial 9: pronouns = watakushi
	trial 10: pronouns = ore
plan 80:
	trial 1: pronouns = atakushi
	trial 2: pronouns = watashi
	trial 3: pronouns = ore
	trial 4: pronouns = boku
	trial 5: pronouns = watakushi
	trial 6: pronouns = jibun
	trial 7: pronouns = atashi
	trial 8: pronouns = uchi
	trial 9: pronouns = watashikanji
	trial 10: pronouns = washi
plan 81:
	trial 1: pronouns = atakushi
	trial 2: pronouns = washi
	trial 3: pronouns = boku
	trial 4: pronouns = ore
	trial 5: pronouns = watakushi
	trial 6: pronouns = watashikanji
	trial 7: pronouns = watashi
	trial 8: pronouns = jibun
	trial 9: pronouns = uchi
	trial 10: pronouns = atashi
plan 82:
	trial 1: pronouns = watakushi
	trial 2: pronouns = ore
	trial 3: pronouns = jibun
	trial 4: pronouns = uchi
	trial 5: pronouns = atakushi
	trial 6: pronouns = boku
	trial 7: pronouns = washi
	trial 8: pronouns = watashikanji
	trial 9: pronouns = atashi
	trial 10: pronouns = watashi
plan 83:
	trial 1: pronouns = watakushi
	trial 2: pronouns = atakushi
	trial 3: pronouns = uchi
	trial 4: pronouns = atashi
	trial 5: pronouns = washi
	trial 6: pronouns = ore
	trial 7: pronouns = watashikanji
	trial 8: pronouns = boku
	trial 9: pronouns = watashi
	trial 10: pronouns = jibun
plan 84:
	trial 1: pronouns = uchi
	trial 2: pronouns = atashi
	trial 3: pronouns = boku
	trial 4: pronouns = watashi
	trial 5: pronouns = washi
	trial 6: pronouns = watakushi
	trial 7: pronouns = atakushi
	trial 8: pronouns = watashikanji
	trial 9: pronouns = jibun
	trial 10: pronouns = ore
plan 85:
	trial 1: pronouns = atakushi
	trial 2: pronouns = washi
	trial 3: pronouns = uchi
	trial 4: pronouns = ore
	trial 5: pronouns = jibun
	trial 6: pronouns = watashikanji
	trial 7: pronouns = watakushi
	trial 8: pronouns = boku
	trial 9: pronouns = atashi
	trial 10: pronouns = watashi
plan 86:
	trial 1: pronouns = jibun
	trial 2: pronouns = ore
	trial 3: pronouns = atashi
	trial 4: pronouns = atakushi
	trial 5: pronouns = washi
	trial 6: pronouns = uchi
	trial 7: pronouns = watakushi
	trial 8: pronouns = boku
	trial 9: pronouns = watashikanji
	trial 10: pronouns = watashi
plan 87:
	trial 1: pronouns = uchi
	trial 2: pronouns = atakushi
	trial 3: pronouns = watashikanji
	trial 4: pronouns = watashi
	trial 5: pronouns = jibun
	trial 6: pronouns = washi
	trial 7: pronouns = boku
	trial 8: pronouns = ore
	trial 9: pronouns = watakushi
	trial 10: pronouns = atashi
plan 88:
	trial 1: pronouns = watashi
	trial 2: pronouns = watashikanji
	trial 3: pronouns = boku
	trial 4: pronouns = jibun
	trial 5: pronouns = ore
	trial 6: pronouns = uchi
	trial 7: pronouns = washi
	trial 8: pronouns = watakushi
	trial 9: pronouns = atakushi
	trial 10: pronouns = atashi
plan 89:
	trial 1: pronouns = watashikanji
	trial 2: pronouns = ore
	trial 3: pronouns = uchi
	trial 4: pronouns = jibun
	trial 5: pronouns = washi
	trial 6: pronouns = atakushi
	trial 7: pronouns = boku
	trial 8: pronouns = atashi
	trial 9: pronouns = watashi
	trial 10: pronouns = watakushi
plan 90:
	trial 1: pronouns = watakushi
	trial 2: pronouns = uchi
	trial 3: pronouns = atashi
	trial 4: pronouns = ore
	trial 5: pronouns = jibun
	trial 6: pronouns = atakushi
	trial 7: pronouns = boku
	trial 8: pronouns = watashi
	trial 9: pronouns = watashikanji
	trial 10: pronouns = washi
plan 91:
	trial 1: pronouns = watashi
	trial 2: pronouns = jibun
	trial 3: pronouns = ore
	trial 4: pronouns = uchi
	trial 5: pronouns = watakushi
	trial 6: pronouns = watashikanji
	trial 7: pronouns = atakushi
	trial 8: pronouns = washi
	trial 9: pronouns = boku
	trial 10: pronouns = atashi
plan 92:
	trial 1: pronouns = uchi
	trial 2: pronouns = watashi
	trial 3: pronouns = washi
	trial 4: pronouns = watashikanji
	trial 5: pronouns = jibun
	trial 6: pronouns = atashi
	trial 7: pronouns = ore
	trial 8: pronouns = boku
	trial 9: pronouns = watakushi
	trial 10: pronouns = atakushi
plan 93:
	trial 1: pronouns = watashi
	trial 2: pronouns = watashikanji
	trial 3: pronouns = atakushi
	trial 4: pronouns = boku
	trial 5: pronouns = jibun
	trial 6: pronouns = atashi
	trial 7: pronouns = uchi
	trial 8: pronouns = washi
	trial 9: pronouns = ore
	trial 10: pronouns = watakushi
plan 94:
	trial 1: pronouns = watashikanji
	trial 2: pronouns = jibun
	trial 3: pronouns = watashi
	trial 4: pronouns = washi
	trial 5: pronouns = boku
	trial 6: pronouns = atashi
	trial 7: pronouns = uchi
	trial 8: pronouns = watakushi
	trial 9: pronouns = ore
	trial 10: pronouns = atakushi
plan 95:
	trial 1: pronouns = atakushi
	trial 2: pronouns = watashi
	trial 3: pronouns = ore
	trial 4: pronouns = washi
	trial 5: pronouns = watakushi
	trial 6: pronouns = uchi
	trial 7: pronouns = atashi
	trial 8: pronouns = jibun
	trial 9: pronouns = watashikanji
	trial 10: pronouns = boku
plan 96:
	trial 1: pronouns = watashikanji
	trial 2: pronouns = jibun
	trial 3: pronouns = washi
	trial 4: pronouns = ore
	trial 5: pronouns = watashi
	trial 6: pronouns = atashi
	trial 7: pronouns = boku
	trial 8: pronouns = atakushi
	trial 9: pronouns = uchi
	trial 10: pronouns = watakushi
plan 97:
	trial 1: pronouns = watashikanji
	trial 2: pronouns = jibun
	trial 3: pronouns = ore
	trial 4: pronouns = atakushi
	trial 5: pronouns = boku
	trial 6: pronouns = atashi
	trial 7: pronouns = watakushi
	trial 8: pronouns = watashi
	trial 9: pronouns = uchi
	trial 10: pronouns = washi
plan 98:
	trial 1: pronouns = watashikanji
	trial 2: pronouns = atashi
	trial 3: pronouns = watashi
	trial 4: pronouns = jibun
	trial 5: pronouns = atakushi
	trial 6: pronouns = uchi
	trial 7: pronouns = washi
	trial 8: pronouns = boku
	trial 9: pronouns = ore
	trial 10: pronouns = watakushi
plan 99:
	trial 1: pronouns = washi
	trial 2: pronouns = boku
	trial 3: pronouns = atakushi
	trial 4: pronouns = uchi
	trial 5: pronouns = watashikanji
	trial 6: pronouns = ore
	trial 7: pronouns = jibun
	trial 8: pronouns = atashi
	trial 9: pronouns = watakushi
	trial 10: pronouns = watashi
plan 100:
	trial 1: pronouns = watashi
	trial 2: pronouns = uchi
	trial 3: pronouns = watashikanji
	trial 4: pronouns = atashi
	trial 5: pronouns = boku
	trial 6: pronouns = washi
	trial 7: pronouns = watakushi
	trial 8: pronouns = atakushi
	trial 9: pronouns = jibun
	trial 10: pronouns = ore
plan 101:
	trial 1: pronouns = watakushi
	trial 2: pronouns = watashi
	trial 3: pronouns = jibun
	trial 4: pronouns = ore
	trial 5: pronouns = washi
	trial 6: pronouns = boku
	trial 7: pronouns = watashikanji
	trial 8: pronouns = atashi
	trial 9: pronouns = uchi
	trial 10: pronouns = atakushi
plan 102:
	trial 1: pronouns = atashi
	trial 2: pronouns = ore
	trial 3: pronouns = washi
	trial 4: pronouns = watashikanji
	trial 5: pronouns = atakushi
	trial 6: pronouns = watakushi
	trial 7: pronouns = jibun
	trial 8: pronouns = boku
	trial 9: pronouns = uchi
	trial 10: pronouns = watashi
plan 103:
	trial 1: pronouns = uchi
	trial 2: pronouns = washi
	trial 3: pronouns = jibun
	trial 4: pronouns = ore
	trial 5: pronouns = boku
	trial 6: pronouns = atakushi
	trial 7: pronouns = watashikanji
	trial 8: pronouns = atashi
	trial 9: pronouns = watakushi
	trial 10: pronouns = watashi
plan 104:
	trial 1: pronouns = atashi
	trial 2: pronouns = washi
	trial 3: pronouns = boku
	trial 4: pronouns = uchi
	trial 5: pronouns = jibun
	trial 6: pronouns = ore
	trial 7: pronouns = watashikanji
	trial 8: pronouns = watashi
	trial 9: pronouns = watakushi
	trial 10: pronouns = atakushi
plan 105:
	trial 1: pronouns = jibun
	trial 2: pronouns = uchi
	trial 3: pronouns = watashikanji
	trial 4: pronouns = boku
	trial 5: pronouns = atashi
	trial 6: pronouns = atakushi
	trial 7: pronouns = watakushi
	trial 8: pronouns = watashi
	trial 9: pronouns = ore
	trial 10: pronouns = washi
plan 106:
	trial 1: pronouns = atashi
	trial 2: pronouns = uchi
	trial 3: pronouns = ore
	trial 4: pronouns = watakushi
	trial 5: pronouns = watashi
	trial 6: pronouns = atakushi
	trial 7: pronouns = jibun
	trial 8: pronouns = washi
	trial 9: pronouns = watashikanji
	trial 10: pronouns = boku
plan 107:
	trial 1: pronouns = atakushi
	trial 2: pronouns = washi
	trial 3: pronouns = jibun
	trial 4: pronouns = atashi
	trial 5: pronouns = watashi
	trial 6: pronouns = ore
	trial 7: pronouns = boku
	trial 8: pronouns = uchi
	trial 9: pronouns = watakushi
	trial 10: pronouns = watashikanji
plan 108:
	trial 1: pronouns = ore
	trial 2: pronouns = watashikanji
	trial 3: pronouns = uchi
	trial 4: pronouns = watakushi
	trial 5: pronouns = washi
	trial 6: pronouns = boku
	trial 7: pronouns = jibun
	trial 8: pronouns = atashi
	trial 9: pronouns = watashi
	trial 10: pronouns = atakushi
plan 109:
	trial 1: pronouns = jibun
	trial 2: pronouns = atashi
	trial 3: pronouns = boku
	trial 4: pronouns = atakushi
	trial 5: pronouns = uchi
	trial 6: pronouns = washi
	trial 7: pronouns = ore
	trial 8: pronouns = watashi
	trial 9: pronouns = watashikanji
	trial 10: pronouns = watakushi
plan 110:
	trial 1: pronouns = washi
	trial 2: pronouns = atashi
	trial 3: pronouns = uchi
	trial 4: pronouns = watakushi
	trial 5: pronouns = ore
	trial 6: pronouns = jibun
	trial 7: pronouns = atakushi
	trial 8: pronouns = watashi
	trial 9: pronouns = watashikanji
	trial 10: pronouns = boku
plan 111:
	trial 1: pronouns = watashikanji
	trial 2: pronouns = atakushi
	trial 3: pronouns = atashi
	trial 4: pronouns = watashi
	trial 5: pronouns = boku
	trial 6: pronouns = ore
	trial 7: pronouns = watakushi
	trial 8: pronouns = washi
	trial 9: pronouns = jibun
	trial 10: pronouns = uchi
plan 112:
	trial 1: pronouns = uchi
	trial 2: pronouns = atakushi
	trial 3: pronouns = washi
	trial 4: pronouns = ore
	trial 5: pronouns = watakushi
	trial 6: pronouns = jibun
	trial 7: pronouns = watashi
	trial 8: pronouns = boku
	trial 9: pronouns = atashi
	trial 10: pronouns = watashikanji
plan 113:
	trial 1: pronouns = watashikanji
	trial 2: pronouns = atashi
	trial 3: pronouns = boku
	trial 4: pronouns = watakushi
	trial 5: pronouns = ore
	trial 6: pronouns = watashi
	trial 7: pronouns = jibun
	trial 8: pronouns = uchi
	trial 9: pronouns = washi
	trial 10: pronouns = atakushi
plan 114:
	trial 1: pronouns = ore
	trial 2: pronouns = uchi
	trial 3: pronouns = jibun
	trial 4: pronouns = watakushi
	trial 5: pronouns = watashi
	trial 6: pronouns = boku
	trial 7: pronouns = watashikanji
	trial 8: pronouns = atashi
	trial 9: pronouns = washi
	trial 10: pronouns = atakushi
plan 115:
	trial 1: pronouns = washi
	trial 2: pronouns = watashikanji
	trial 3: pronouns = atashi
	trial 4: pronouns = uchi
	trial 5: pronouns = jibun
	trial 6: pronouns = watakushi
	trial 7: pronouns = watashi
	trial 8: pronouns = boku
	trial 9: pronouns = atakushi
	trial 10: pronouns = ore
plan 116:
	trial 1: pronouns = ore
	trial 2: pronouns = jibun
	trial 3: pronouns = atakushi
	trial 4: pronouns = atashi
	trial 5: pronouns = uchi
	trial 6: pronouns = watashikanji
	trial 7: pronouns = watakushi
	trial 8: pronouns = watashi
	trial 9: pronouns = boku
	trial 10: pronouns = washi
plan 117:
	trial 1: pronouns = boku
	trial 2: pronouns = washi
	trial 3: pronouns = watashi
	trial 4: pronouns = uchi
	trial 5: pronouns = atakushi
	trial 6: pronouns = jibun
	trial 7: pronouns = atashi
	trial 8: pronouns = watakushi
	trial 9: pronouns = ore
	trial 10: pronouns = watashikanji
plan 118:
	trial 1: pronouns = watashikanji
	trial 2: pronouns = washi
	trial 3: pronouns = watakushi
	trial 4: pronouns = jibun
	trial 5: pronouns = boku
	trial 6: pronouns = atakushi
	trial 7: pronouns = uchi
	trial 8: pronouns = ore
	trial 9: pronouns = atashi
	trial 10: pronouns = watashi
plan 119:
	trial 1: pronouns = watakushi
	trial 2: pronouns = watashikanji
	trial 3: pronouns = atashi
	trial 4: pronouns = watashi
	trial 5: pronouns = jibun
	trial 6: pronouns = boku
	trial 7: pronouns = washi
	trial 8: pronouns = uchi
	trial 9: pronouns = atakushi
	trial 10: pronouns = ore
plan 120:
	trial 1: pronouns = ore
	trial 2: pronouns = uchi
	trial 3: pronouns = atakushi
	trial 4: pronouns = atashi
	trial 5: pronouns = boku
	trial 6: pronouns = jibun
	trial 7: pronouns = watashikanji
	trial 8: pronouns = washi
	trial 9: pronouns = watashi
	trial 10: pronouns = watakushi
plan 121:
	trial 1: pronouns = ore
	trial 2: pronouns = boku
	trial 3: pronouns = atashi
	trial 4: pronouns = watashikanji
	trial 5: pronouns = watakushi
	trial 6: pronouns = uchi
	trial 7: pronouns = atakushi
	trial 8: pronouns = washi
	trial 9: pronouns = jibun
	trial 10: pronouns = watashi
plan 122:
	trial 1: pronouns = atakushi
	trial 2: pronouns = watakushi
	trial 3: pronouns = ore
	trial 4: pronouns = jibun
	trial 5: pronouns = washi
	trial 6: pronouns = uchi
	trial 7: pronouns = boku
	trial 8: pronouns = watashikanji
	trial 9: pronouns = watashi
	trial 10: pronouns = atashi
plan 123:
	trial 1: pronouns = atashi
	trial 2: pronouns = ore
	trial 3: pronouns = atakushi
	trial 4: pronouns = jibun
	trial 5: pronouns = watashi
	trial 6: pronouns = washi
	trial 7: pronouns = uchi
	trial 8: pronouns = boku
	trial 9: pronouns = watakushi
	trial 10: pronouns = watashikanji
plan 124:
	trial 1: pronouns = jibun
	trial 2: pronouns = boku
	trial 3: pronouns = watashi
	trial 4: pronouns = atakushi
	trial 5: pronouns = watashikanji
	trial 6: pronouns = watakushi
	trial 7: pronouns = washi
	trial 8: pronouns = ore
	trial 9: pronouns = atashi
	trial 10: pronouns = uchi
plan 125:
	trial 1: pronouns = watakushi
	trial 2: pronouns = uchi
	trial 3: pronouns = ore
	trial 4: pronouns = atashi
	trial 5: pronouns = watashikanji
	trial 6: pronouns = washi
	trial 7: pronouns = watashi
	trial 8: pronouns = jibun
	trial 9: pronouns = atakushi
	trial 10: pronouns = boku
plan 126:
	trial 1: pronouns = boku
	trial 2: pronouns = watakushi
	trial 3: pronouns = watashi
	trial 4: pronouns = atakushi
	trial 5: pronouns = atashi
	trial 6: pronouns = watashikanji
	trial 7: pronouns = jibun
	trial 8: pronouns = washi
	trial 9: pronouns = uchi
	trial 10: pronouns = ore
plan 127:
	trial 1: pronouns = washi
	trial 2: pronouns = boku
	trial 3: pronouns = atashi
	trial 4: pronouns = atakushi
	trial 5: pronouns = watashikanji
	trial 6: pronouns = watakushi
	trial 7: pronouns = jibun
	trial 8: pronouns = uchi
	trial 9: pronouns = ore
	trial 10: pronouns = watashi
plan 128:
	trial 1: pronouns = ore
	trial 2: pronouns = jibun
	trial 3: pronouns = watakushi
	trial 4: pronouns = atakushi
	trial 5: pronouns = boku
	trial 6: pronouns = watashi
	trial 7: pronouns = watashikanji
	trial 8: pronouns = uchi
	trial 9: pronouns = atashi
	trial 10: pronouns = washi
plan 129:
	trial 1: pronouns = watakushi
	trial 2: pronouns = atashi
	trial 3: pronouns = ore
	trial 4: pronouns = atakushi
	trial 5: pronouns = watashikanji
	trial 6: pronouns = uchi
	trial 7: pronouns = watashi
	trial 8: pronouns = boku
	trial 9: pronouns = jibun
	trial 10: pronouns = washi
plan 130:
	trial 1: pronouns = watakushi
	trial 2: pronouns = atakushi
	trial 3: pronouns = atashi
	trial 4: pronouns = jibun
	trial 5: pronouns = watashikanji
	trial 6: pronouns = ore
	trial 7: pronouns = watashi
	trial 8: pronouns = uchi
	trial 9: pronouns = washi
	trial 10: pronouns = boku
plan 131:
	trial 1: pronouns = boku
	trial 2: pronouns = jibun
	trial 3: pronouns = ore
	trial 4: pronouns = atashi
	trial 5: pronouns = uchi
	trial 6: pronouns = watashi
	trial 7: pronouns = washi
	trial 8: pronouns = watashikanji
	trial 9: pronouns = atakushi
	trial 10: pronouns = watakushi
plan 132:
	trial 1: pronouns = washi
	trial 2: pronouns = atakushi
	trial 3: pronouns = jibun
	trial 4: pronouns = boku
	trial 5: pronouns = uchi
	trial 6: pronouns = watashi
	trial 7: pronouns = watakushi
	trial 8: pronouns = atashi
	trial 9: pronouns = ore
	trial 10: pronouns = watashikanji
plan 133:
	trial 1: pronouns = boku
	trial 2: pronouns = atakushi
	trial 3: pronouns = jibun
	trial 4: pronouns = ore
	trial 5: pronouns = watashikanji
	trial 6: pronouns = uchi
	trial 7: pronouns = watashi
	trial 8: pronouns = atashi
	trial 9: pronouns = watakushi
	trial 10: pronouns = washi
plan 134:
	trial 1: pronouns = uchi
	trial 2: pronouns = washi
	trial 3: pronouns = watashi
	trial 4: pronouns = atakushi
	trial 5: pronouns = watakushi
	trial 6: pronouns = ore
	trial 7: pronouns = watashikanji
	trial 8: pronouns = atashi
	trial 9: pronouns = boku
	trial 10: pronouns = jibun
plan 135:
	trial 1: pronouns = boku
	trial 2: pronouns = atakushi
	trial 3: pronouns = watashi
	trial 4: pronouns = ore
	trial 5: pronouns = watashikanji
	trial 6: pronouns = watakushi
	trial 7: pronouns = jibun
	trial 8: pronouns = uchi
	trial 9: pronouns = atashi
	trial 10: pronouns = washi
plan 136:
	trial 1: pronouns = uchi
	trial 2: pronouns = watakushi
	trial 3: pronouns = watashi
	trial 4: pronouns = boku
	trial 5: pronouns = washi
	trial 6: pronouns = watashikanji
	trial 7: pronouns = jibun
	trial 8: pronouns = atashi
	trial 9: pronouns = ore
	trial 10: pronouns = atakushi
plan 137:
	trial 1: pronouns = watakushi
	trial 2: pronouns = jibun
	trial 3: pronouns = atakushi
	trial 4: pronouns = boku
	trial 5: pronouns = uchi
	trial 6: pronouns = ore
	trial 7: pronouns = watashi
	trial 8: pronouns = washi
	trial 9: pronouns = watashikanji
	trial 10: pronouns = atashi
plan 138:
	trial 1: pronouns = boku
	trial 2: pronouns = ore
	trial 3: pronouns = jibun
	trial 4: pronouns = washi
	trial 5: pronouns = watashikanji
	trial 6: pronouns = atakushi
	trial 7: pronouns = uchi
	trial 8: pronouns = atashi
	trial 9: pronouns = watashi
	trial 10: pronouns = watakushi
plan 139:
	trial 1: pronouns = ore
	trial 2: pronouns = atakushi
	trial 3: pronouns = watashi
	trial 4: pronouns = watashikanji
	trial 5: pronouns = watakushi
	trial 6: pronouns = washi
	trial 7: pronouns = atashi
	trial 8: pronouns = jibun
	trial 9: pronouns = boku
	trial 10: pronouns = uchi
plan 140:
	trial 1: pronouns = watakushi
	trial 2: pronouns = atashi
	trial 3: pronouns = watashikanji
	trial 4: pronouns = ore
	trial 5: pronouns = uchi
	trial 6: pronouns = watashi
	trial 7: pronouns = atakushi
	trial 8: pronouns = boku
	trial 9: pronouns = washi
	trial 10: pronouns = jibun
plan 141:
	trial 1: pronouns = boku
	trial 2: pronouns = watakushi
	trial 3: pronouns = ore
	trial 4: pronouns = washi
	trial 5: pronouns = uchi
	trial 6: pronouns = watashikanji
	trial 7: pronouns = atakushi
	trial 8: pronouns = watashi
	trial 9: pronouns = jibun
	trial 10: pronouns = atashi
plan 142:
	trial 1: pronouns = atashi
	trial 2: pronouns = jibun
	trial 3: pronouns = boku
	trial 4: pronouns = watakushi
	trial 5: pronouns = watashikanji
	trial 6: pronouns = ore
	trial 7: pronouns = watashi
	trial 8: pronouns = uchi
	trial 9: pronouns = atakushi
	trial 10: pronouns = washi
plan 143:
	trial 1: pronouns = watashi
	trial 2: pronouns = atashi
	trial 3: pronouns = atakushi
	trial 4: pronouns = watakushi
	trial 5: pronouns = washi
	trial 6: pronouns = ore
	trial 7: pronouns = watashikanji
	trial 8: pronouns = boku
	trial 9: pronouns = jibun
	trial 10: pronouns = uchi
plan 144:
	trial 1: pronouns = jibun
	trial 2: pronouns = boku
	trial 3: pronouns = uchi
	trial 4: pronouns = atashi
	trial 5: pronouns = watashi
	trial 6: pronouns = atakushi
	trial 7: pronouns = watashikanji
	trial 8: pronouns = ore
	trial 9: pronouns = washi
	trial 10: pronouns = watakushi
plan 145:
	trial 1: pronouns = watakushi
	trial 2: pronouns = atashi
	trial 3: pronouns = uchi
	trial 4: pronouns = boku
	trial 5: pronouns = washi
	trial 6: pronouns = ore
	trial 7: pronouns = watashi
	trial 8: pronouns = jibun
	trial 9: pronouns = watashikanji
	trial 10: pronouns = atakushi
plan 146:
	trial 1: pronouns = watashi
	trial 2: pronouns = washi
	trial 3: pronouns = atashi
	trial 4: pronouns = uchi
	trial 5: pronouns = ore
	trial 6: pronouns = boku
	trial 7: pronouns = watakushi
	trial 8: pronouns = watashikanji
	trial 9: pronouns = atakushi
	trial 10: pronouns = jibun
plan 147:
	trial 1: pronouns = ore
	trial 2: pronouns = jibun
	trial 3: pronouns = washi
	trial 4: pronouns = watakushi
	trial 5: pronouns = atashi
	trial 6: pronouns = uchi
	trial 7: pronouns = watashi
	trial 8: pronouns = boku
	trial 9: pronouns = atakushi
	trial 10: pronouns = watashikanji
plan 148:
	trial 1: pronouns = watashi
	trial 2: pronouns = jibun
	trial 3: pronouns = watashikanji
	trial 4: pronouns = watakushi
	trial 5: pronouns = atashi
	trial 6: pronouns = uchi
	trial 7: pronouns = atakushi
	trial 8: pronouns = boku
	trial 9: pronouns = ore
	trial 10: pronouns = washi
plan 149:
	trial 1: pronouns = boku
	trial 2: pronouns = watashi
	trial 3: pronouns = watakushi
	trial 4: pronouns = atashi
	trial 5: pronouns = watashikanji
	trial 6: pronouns = jibun
	trial 7: pronouns = ore
	trial 8: pronouns = washi
	trial 9: pronouns = atakushi
	trial 10: pronouns = uchi
plan 150:
	trial 1: pronouns = watakushi
	trial 2: pronouns = ore
	trial 3: pronouns = jibun
	trial 4: pronouns = uchi
	trial 5: pronouns = washi
	trial 6: pronouns = atashi
	trial 7: pronouns = atakushi
	trial 8: pronouns = boku
	trial 9: pronouns = watashikanji
	trial 10: pronouns = watashi
plan 151:
	trial 1: pronouns = atashi
	trial 2: pronouns = watakushi
	trial 3: pronouns = washi
	trial 4: pronouns = boku
	trial 5: pronouns = ore
	trial 6: pronouns = uchi
	trial 7: pronouns = atakushi
	trial 8: pronouns = watashi
	trial 9: pronouns = watashikanji
	trial 10: pronouns = jibun
plan 152:
	trial 1: pronouns = watakushi
	trial 2: pronouns = atashi
	trial 3: pronouns = ore
	trial 4: pronouns = watashi
	trial 5: pronouns = jibun
	trial 6: pronouns = boku
	trial 7: pronouns = uchi
	trial 8: pronouns = watashikanji
	trial 9: pronouns = atakushi
	trial 10: pronouns = washi
plan 153:
	trial 1: pronouns = washi
	trial 2: pronouns = atakushi
	trial 3: pronouns = uchi
	trial 4: pronouns = atashi
	trial 5: pronouns = boku
	trial 6: pronouns = watakushi
	trial 7: pronouns = jibun
	trial 8: pronouns = ore
	trial 9: pronouns = watashi
	trial 10: pronouns = watashikanji
plan 154:
	trial 1: pronouns = uchi
	trial 2: pronouns = jibun
	trial 3: pronouns = watashikanji
	trial 4: pronouns = ore
	trial 5: pronouns = boku
	trial 6: pronouns = watakushi
	trial 7: pronouns = atakushi
	trial 8: pronouns = watashi
	trial 9: pronouns = washi
	trial 10: pronouns = atashi
plan 155:
	trial 1: pronouns = washi
	trial 2: pronouns = watashikanji
	trial 3: pronouns = atakushi
	trial 4: pronouns = watakushi
	trial 5: pronouns = atashi
	trial 6: pronouns = boku
	trial 7: pronouns = watashi
	trial 8: pronouns = uchi
	trial 9: pronouns = jibun
	trial 10: pronouns = ore
plan 156:
	trial 1: pronouns = ore
	trial 2: pronouns = watashikanji
	trial 3: pronouns = atakushi
	trial 4: pronouns = watashi
	trial 5: pronouns = jibun
	trial 6: pronouns = washi
	trial 7: pronouns = uchi
	trial 8: pronouns = watakushi
	trial 9: pronouns = boku
	trial 10: pronouns = atashi
plan 157:
	trial 1: pronouns = jibun
	trial 2: pronouns = uchi
	trial 3: pronouns = watashi
	trial 4: pronouns = atashi
	trial 5: pronouns = watakushi
	trial 6: pronouns = ore
	trial 7: pronouns = watashikanji
	trial 8: pronouns = atakushi
	trial 9: pronouns = washi
	trial 10: pronouns = boku
plan 158:
	trial 1: pronouns = uchi
	trial 2: pronouns = watakushi
	trial 3: pronouns = washi
	trial 4: pronouns = watashi
	trial 5: pronouns = watashikanji
	trial 6: pronouns = atakushi
	trial 7: pronouns = ore
	trial 8: pronouns = jibun
	trial 9: pronouns = boku
	trial 10: pronouns = atashi
plan 159:
	trial 1: pronouns = atakushi
	trial 2: pronouns = watashi
	trial 3: pronouns = atashi
	trial 4: pronouns = jibun
	trial 5: pronouns = watakushi
	trial 6: pronouns = ore
	trial 7: pronouns = washi
	trial 8: pronouns = watashikanji
	trial 9: pronouns = uchi
	trial 10: pronouns = boku
plan 160:
	trial 1: pronouns = watakushi
	trial 2: pronouns = watashi
	trial 3: pronouns = uchi
	trial 4: pronouns = atakushi
	trial 5: pronouns = atashi
	trial 6: pronouns = jibun
	trial 7: pronouns = boku
	trial 8: pronouns = watashikanji
	trial 9: pronouns = ore
	trial 10: pronouns = washi
plan 161:
	trial 1: pronouns = atashi
	trial 2: pronouns = watashi
	trial 3: pronouns = washi
	trial 4: pronouns = atakushi
	trial 5: pronouns = jibun
	trial 6: pronouns = watakushi
	trial 7: pronouns = ore
	trial 8: pronouns = boku
	trial 9: pronouns = uchi
	trial 10: pronouns = watashikanji
plan 162:
	trial 1: pronouns = washi
	trial 2: pronouns = atakushi
	trial 3: pronouns = jibun
	trial 4: pronouns = watakushi
	trial 5: pronouns = watashikanji
	trial 6: pronouns = boku
	trial 7: pronouns = uchi
	trial 8: pronouns = atashi
	trial 9: pronouns = watashi
	trial 10: pronouns = ore
plan 163:
	trial 1: pronouns = watashikanji
	trial 2: pronouns = atakushi
	trial 3: pronouns = ore
	trial 4: pronouns = atashi
	trial 5: pronouns = watakushi
	trial 6: pronouns = jibun
	trial 7: pronouns = boku
	trial 8: pronouns = watashi
	trial 9: pronouns = uchi
	trial 10: pronouns = washi
plan 164:
	trial 1: pronouns = boku
	trial 2: pronouns = washi
	trial 3: pronouns = uchi
	trial 4: pronouns = watakushi
	trial 5: pronouns = atashi
	trial 6: pronouns = watashi
	trial 7: pronouns = watashikanji
	trial 8: pronouns = ore
	trial 9: pronouns = atakushi
	trial 10: pronouns = jibun
plan 165:
	trial 1: pronouns = watashikanji
	trial 2: pronouns = watashi
	trial 3: pronouns = ore
	trial 4: pronouns = atakushi
	trial 5: pronouns = boku
	trial 6: pronouns = jibun
	trial 7: pronouns = washi
	trial 8: pronouns = watakushi
	trial 9: pronouns = uchi
	trial 10: pronouns = atashi
plan 166:
	trial 1: pronouns = watashikanji
	trial 2: pronouns = uchi
	trial 3: pronouns = ore
	trial 4: pronouns = watakushi
	trial 5: pronouns = boku
	trial 6: pronouns = atashi
	trial 7: pronouns = jibun
	trial 8: pronouns = atakushi
	trial 9: pronouns = washi
	trial 10: pronouns = watashi
plan 167:
	trial 1: pronouns = watashi
	trial 2: pronouns = watakushi
	trial 3: pronouns = watashikanji
	trial 4: pronouns = atakushi
	trial 5: pronouns = uchi
	trial 6: pronouns = ore
	trial 7: pronouns = washi
	trial 8: pronouns = jibun
	trial 9: pronouns = atashi
	trial 10: pronouns = boku
plan 168:
	trial 1: pronouns = uchi
	trial 2: pronouns = ore
	trial 3: pronouns = atashi
	trial 4: pronouns = atakushi
	trial 5: pronouns = washi
	trial 6: pronouns = watakushi
	trial 7: pronouns = jibun
	trial 8: pronouns = boku
	trial 9: pronouns = watashikanji
	trial 10: pronouns = watashi
plan 169:
	trial 1: pronouns = atakushi
	trial 2: pronouns = boku
	trial 3: pronouns = washi
	trial 4: pronouns = watakushi
	trial 5: pronouns = watashikanji
	trial 6: pronouns = uchi
	trial 7: pronouns = jibun
	trial 8: pronouns = watashi
	trial 9: pronouns = ore
	trial 10: pronouns = atashi
plan 170:
	trial 1: pronouns = boku
	trial 2: pronouns = atashi
	trial 3: pronouns = watakushi
	trial 4: pronouns = washi
	trial 5: pronouns = ore
	trial 6: pronouns = uchi
	trial 7: pronouns = atakushi
	trial 8: pronouns = watashi
	trial 9: pronouns = jibun
	trial 10: pronouns = watashikanji
plan 171:
	trial 1: pronouns = boku
	trial 2: pronouns = watakushi
	trial 3: pronouns = watashi
	trial 4: pronouns = jibun
	trial 5: pronouns = atashi
	trial 6: pronouns = uchi
	trial 7: pronouns = watashikanji
	trial 8: pronouns = ore
	trial 9: pronouns = washi
	trial 10: pronouns = atakushi
plan 172:
	trial 1: pronouns = jibun
	trial 2: pronouns = uchi
	trial 3: pronouns = watakushi
	trial 4: pronouns = watashikanji
	trial 5: pronouns = washi
	trial 6: pronouns = watashi
	trial 7: pronouns = boku
	trial 8: pronouns = atashi
	trial 9: pronouns = ore
	trial 10: pronouns = atakushi
plan 173:
	trial 1: pronouns = ore
	trial 2: pronouns = atashi
	trial 3: pronouns = boku
	trial 4: pronouns = uchi
	trial 5: pronouns = watashikanji
	trial 6: pronouns = watashi
	trial 7: pronouns = atakushi
	trial 8: pronouns = watakushi
	trial 9: pronouns = washi
	trial 10: pronouns = jibun
plan 174:
	trial 1: pronouns = washi
	trial 2: pronouns = atashi
	trial 3: pronouns = jibun
	trial 4: pronouns = ore
	trial 5: pronouns = atakushi
	trial 6: pronouns = boku
	trial 7: pronouns = watashi
	trial 8: pronouns = watakushi
	trial 9: pronouns = watashikanji
	trial 10: pronouns = uchi
plan 175:
	trial 1: pronouns = watakushi
	trial 2: pronouns = washi
	trial 3: pronouns = jibun
	trial 4: pronouns = atashi
	trial 5: pronouns = boku
	trial 6: pronouns = watashikanji
	trial 7: pronouns = ore
	trial 8: pronouns = watashi
	trial 9: pronouns = uchi
	trial 10: pronouns = atakushi
plan 176:
	trial 1: pronouns = washi
	trial 2: pronouns = atashi
	trial 3: pronouns = uchi
	trial 4: pronouns = jibun
	trial 5: pronouns = ore
	trial 6: pronouns = boku
	trial 7: pronouns = atakushi
	trial 8: pronouns = watashikanji
	trial 9: pronouns = watakushi
	trial 10: pronouns = watashi
plan 177:
	trial 1: pronouns = washi
	trial 2: pronouns = jibun
	trial 3: pronouns = atakushi
	trial 4: pronouns = ore
	trial 5: pronouns = watakushi
	trial 6: pronouns = boku
	trial 7: pronouns = watashi
	trial 8: pronouns = atashi
	trial 9: pronouns = watashikanji
	trial 10: pronouns = uchi
plan 178:
	trial 1: pronouns = uchi
	trial 2: pronouns = washi
	trial 3: pronouns = watakushi
	trial 4: pronouns = boku
	trial 5: pronouns = watashikanji
	trial 6: pronouns = atashi
	trial 7: pronouns = ore
	trial 8: pronouns = atakushi
	trial 9: pronouns = watashi
	trial 10: pronouns = jibun
plan 179:
	trial 1: pronouns = watakushi
	trial 2: pronouns = jibun
	trial 3: pronouns = uchi
	trial 4: pronouns = ore
	trial 5: pronouns = watashikanji
	trial 6: pronouns = watashi
	trial 7: pronouns = atashi
	trial 8: pronouns = washi
	trial 9: pronouns = atakushi
	trial 10: pronouns = boku
plan 180:
	trial 1: pronouns = boku
	trial 2: pronouns = watashikanji
	trial 3: pronouns = atashi
	trial 4: pronouns = watashi
	trial 5: pronouns = atakushi
	trial 6: pronouns = ore
	trial 7: pronouns = jibun
	trial 8: pronouns = uchi
	trial 9: pronouns = watakushi
	trial 10: pronouns = washi
plan 181:
	trial 1: pronouns = watakushi
	trial 2: pronouns = uchi
	trial 3: pronouns = ore
	trial 4: pronouns = washi
	trial 5: pronouns = atashi
	trial 6: pronouns = watashikanji
	trial 7: pronouns = watashi
	trial 8: pronouns = boku
	trial 9: pronouns = jibun
	trial 10: pronouns = atakushi
plan 182:
	trial 1: pronouns = atashi
	trial 2: pronouns = jibun
	trial 3: pronouns = washi
	trial 4: pronouns = watakushi
	trial 5: pronouns = watashikanji
	trial 6: pronouns = uchi
	trial 7: pronouns = ore
	trial 8: pronouns = boku
	trial 9: pronouns = watashi
	trial 10: pronouns = atakushi
plan 183:
	trial 1: pronouns = watashikanji
	trial 2: pronouns = washi
	trial 3: pronouns = boku
	trial 4: pronouns = ore
	trial 5: pronouns = atakushi
	trial 6: pronouns = watashi
	trial 7: pronouns = watakushi
	trial 8: pronouns = jibun
	trial 9: pronouns = uchi
	trial 10: pronouns = atashi
plan 184:
	trial 1: pronouns = jibun
	trial 2: pronouns = washi
	trial 3: pronouns = watashikanji
	trial 4: pronouns = watakushi
	trial 5: pronouns = atashi
	trial 6: pronouns = uchi
	trial 7: pronouns = boku
	trial 8: pronouns = atakushi
	trial 9: pronouns = watashi
	trial 10: pronouns = ore
plan 185:
	trial 1: pronouns = atashi
	trial 2: pronouns = uchi
	trial 3: pronouns = watashi
	trial 4: pronouns = washi
	trial 5: pronouns = ore
	trial 6: pronouns = jibun
	trial 7: pronouns = watakushi
	trial 8: pronouns = watashikanji
	trial 9: pronouns = boku
	trial 10: pronouns = atakushi
plan 186:
	trial 1: pronouns = boku
	trial 2: pronouns = ore
	trial 3: pronouns = uchi
	trial 4: pronouns = watashi
	trial 5: pronouns = washi
	trial 6: pronouns = atashi
	trial 7: pronouns = watashikanji
	trial 8: pronouns = jibun
	trial 9: pronouns = watakushi
	trial 10: pronouns = atakushi
plan 187:
	trial 1: pronouns = atashi
	trial 2: pronouns = washi
	trial 3: pronouns = boku
	trial 4: pronouns = watashikanji
	trial 5: pronouns = watashi
	trial 6: pronouns = ore
	trial 7: pronouns = uchi
	trial 8: pronouns = watakushi
	trial 9: pronouns = atakushi
	trial 10: pronouns = jibun
plan 188:
	trial 1: pronouns = uchi
	trial 2: pronouns = atakushi
	trial 3: pronouns = watashikanji
	trial 4: pronouns = watashi
	trial 5: pronouns = ore
	trial 6: pronouns = washi
	trial 7: pronouns = boku
	trial 8: pronouns = jibun
	trial 9: pronouns = atashi
	trial 10: pronouns = watakushi
plan 189:
	trial 1: pronouns = watakushi
	trial 2: pronouns = watashikanji
	trial 3: pronouns = uchi
	trial 4: pronouns = atashi
	trial 5: pronouns = watashi
	trial 6: pronouns = atakushi
	trial 7: pronouns = boku
	trial 8: pronouns = jibun
	trial 9: pronouns = ore
	trial 10: pronouns = washi
plan 190:
	trial 1: pronouns = atashi
	trial 2: pronouns = atakushi
	trial 3: pronouns = uchi
	trial 4: pronouns = watashi
	trial 5: pronouns = watakushi
	trial 6: pronouns = washi
	trial 7: pronouns = jibun
	trial 8: pronouns = watashikanji
	trial 9: pronouns = boku
	trial 10: pronouns = ore
plan 191:
	trial 1: pronouns = uchi
	trial 2: pronouns = ore
	trial 3: pronouns = atashi
	trial 4: pronouns = watashi
	trial 5: pronouns = washi
	trial 6: pronouns = watakushi
	trial 7: pronouns = jibun
	trial 8: pronouns = boku
	trial 9: pronouns = watashikanji
	trial 10: pronouns = atakushi
plan 192:
	trial 1: pronouns = ore
	trial 2: pronouns = atashi
	trial 3: pronouns = watashikanji
	trial 4: pronouns = uchi
	trial 5: pronouns = jibun
	trial 6: pronouns = washi
	trial 7: pronouns = boku
	trial 8: pronouns = watashi
	trial 9: pronouns = watakushi
	trial 10: pronouns = atakushi
plan 193:
	trial 1: pronouns = watashikanji
	trial 2: pronouns = atakushi
	trial 3: pronouns = boku
	trial 4: pronouns = washi
	trial 5: pronouns = atashi
	trial 6: pronouns = watashi
	trial 7: pronouns = watakushi
	trial 8: pronouns = uchi
	trial 9: pronouns = ore
	trial 10: pronouns = jibun
plan 194:
	trial 1: pronouns = watashikanji
	trial 2: pronouns = atakushi
	trial 3: pronouns = watakushi
	trial 4: pronouns = boku
	trial 5: pronouns = atashi
	trial 6: pronouns = uchi
	trial 7: pronouns = washi
	trial 8: pronouns = jibun
	trial 9: pronouns = watashi
	trial 10: pronouns = ore
plan 195:
	trial 1: pronouns = jibun
	trial 2: pronouns = watashi
	trial 3: pronouns = atashi
	trial 4: pronouns = atakushi
	trial 5: pronouns = watakushi
	trial 6: pronouns = ore
	trial 7: pronouns = uchi
	trial 8: pronouns = watashikanji
	trial 9: pronouns = washi
	trial 10: pronouns = boku
plan 196:
	trial 1: pronouns = watakushi
	trial 2: pronouns = watashikanji
	trial 3: pronouns = ore
	trial 4: pronouns = watashi
	trial 5: pronouns = boku
	trial 6: pronouns = washi
	trial 7: pronouns = jibun
	trial 8: pronouns = uchi
	trial 9: pronouns = atashi
	trial 10: pronouns = atakushi
plan 197:
	trial 1: pronouns = jibun
	trial 2: pronouns = atakushi
	trial 3: pronouns = ore
	trial 4: pronouns = watashikanji
	trial 5: pronouns = boku
	trial 6: pronouns = watakushi
	trial 7: pronouns = washi
	trial 8: pronouns = atashi
	trial 9: pronouns = uchi
	trial 10: pronouns = watashi
plan 198:
	trial 1: pronouns = watashikanji
	trial 2: pronouns = watashi
	trial 3: pronouns = uchi
	trial 4: pronouns = boku
	trial 5: pronouns = atashi
	trial 6: pronouns = washi
	trial 7: pronouns = watakushi
	trial 8: pronouns = atakushi
	trial 9: pronouns = jibun
	trial 10: pronouns = ore
plan 199:
	trial 1: pronouns = ore
	trial 2: pronouns = jibun
	trial 3: pronouns = atakushi
	trial 4: pronouns = watashi
	trial 5: pronouns = watashikanji
	trial 6: pronouns = washi
	trial 7: pronouns = boku
	trial 8: pronouns = watakushi
	trial 9: pronouns = atashi
	trial 10: pronouns = uchi
plan 200:
	trial 1: pronouns = uchi
	trial 2: pronouns = washi
	trial 3: pronouns = ore
	trial 4: pronouns = atashi
	trial 5: pronouns = atakushi
	trial 6: pronouns = watashi
	trial 7: pronouns = watakushi
	trial 8: pronouns = jibun
	trial 9: pronouns = boku
	trial 10: pronouns = watashikanji
plan 201:
	trial 1: pronouns = watashi
	trial 2: pronouns = watashikanji
	trial 3: pronouns = jibun
	trial 4: pronouns = ore
	trial 5: pronouns = boku
	trial 6: pronouns = washi
	trial 7: pronouns = watakushi
	trial 8: pronouns = atakushi
	trial 9: pronouns = atashi
	trial 10: pronouns = uchi
plan 202:
	trial 1: pronouns = boku
	trial 2: pronouns = watashi
	trial 3: pronouns = uchi
	trial 4: pronouns = washi
	trial 5: pronouns = watashikanji
	trial 6: pronouns = watakushi
	trial 7: pronouns = jibun
	trial 8: pronouns = atashi
	trial 9: pronouns = atakushi
	trial 10: pronouns = ore
plan 203:
	trial 1: pronouns = atashi
	trial 2: pronouns = atakushi
	trial 3: pronouns = uchi
	trial 4: pronouns = watakushi
	trial 5: pronouns = boku
	trial 6: pronouns = jibun
	trial 7: pronouns = watashi
	trial 8: pronouns = ore
	trial 9: pronouns = watashikanji
	trial 10: pronouns = washi
plan 204:
	trial 1: pronouns = boku
	trial 2: pronouns = jibun
	trial 3: pronouns = ore
	trial 4: pronouns = atashi
	trial 5: pronouns = uchi
	trial 6: pronouns = watakushi
	trial 7: pronouns = watashi
	trial 8: pronouns = watashikanji
	trial 9: pronouns = washi
	trial 10: pronouns = atakushi
plan 205:
	trial 1: pronouns = watakushi
	trial 2: pronouns = atakushi
	trial 3: pronouns = atashi
	trial 4: pronouns = watashi
	trial 5: pronouns = jibun
	trial 6: pronouns = watashikanji
	trial 7: pronouns = boku
	trial 8: pronouns = uchi
	trial 9: pronouns = washi
	trial 10: pronouns = ore
plan 206:
	trial 1: pronouns = ore
	trial 2: pronouns = boku
	trial 3: pronouns = washi
	trial 4: pronouns = uchi
	trial 5: pronouns = jibun
	trial 6: pronouns = atashi
	trial 7: pronouns = watakushi
	trial 8: pronouns = watashi
	trial 9: pronouns = atakushi
	trial 10: pronouns = watashikanji
plan 207:
	trial 1: pronouns = watashi
	trial 2: pronouns = boku
	trial 3: pronouns = ore
	trial 4: pronouns = washi
	trial 5: pronouns = uchi
	trial 6: pronouns = jibun
	trial 7: pronouns = watashikanji
	trial 8: pronouns = atashi
	trial 9: pronouns = watakushi
	trial 10: pronouns = atakushi
plan 208:
	trial 1: pronouns = uchi
	trial 2: pronouns = boku
	trial 3: pronouns = jibun
	trial 4: pronouns = watashikanji
	trial 5: pronouns = washi
	trial 6: pronouns = atakushi
	trial 7: pronouns = watashi
	trial 8: pronouns = watakushi
	trial 9: pronouns = ore
	trial 10: pronouns = atashi
plan 209:
	trial 1: pronouns = ore
	trial 2: pronouns = atakushi
	trial 3: pronouns = boku
	trial 4: pronouns = uchi
	trial 5: pronouns = washi
	trial 6: pronouns = atashi
	trial 7: pronouns = jibun
	trial 8: pronouns = watashi
	trial 9: pronouns = watakushi
	trial 10: pronouns = watashikanji
plan 210:
	trial 1: pronouns = watakushi
	trial 2: pronouns = watashikanji
	trial 3: pronouns = atashi
	trial 4: pronouns = jibun
	trial 5: pronouns = ore
	trial 6: pronouns = uchi
	trial 7: pronouns = boku
	trial 8: pronouns = watashi
	trial 9: pronouns = atakushi
	trial 10: pronouns = washi
 

***ASSIGNMENT***

     pid  plan
0      1    43
1      2   161
2      3   107
3      4    79
4      5    11
..   ...   ...
205  206   130
206  207    10
207  208   169
208  209   183
209  210    14

[210 rows x 2 columns]
