[ [ 'low' ], [ 'medium' ], [ 'high' ] ]
[ [ 'happiness' ], [ 'sadness' ], [ 'stress' ], [ 'calmness' ] ]
[
  [
    [ 'medium', 'calmness', [length]: 2 ],
    [ 'medium', 'happiness', [length]: 2 ],
    [ 'medium', 'stress', [length]: 2 ],
    [ 'medium', 'sadness', [length]: 2 ],
    [ 'low', 'calmness', [length]: 2 ],
    [ 'low', 'happiness', [length]: 2 ],
    [ 'low', 'stress', [length]: 2 ],
    [ 'low', 'sadness', [length]: 2 ],
    [ 'high', 'calmness', [length]: 2 ],
    [ 'high', 'happiness', [length]: 2 ],
    [ 'high', 'stress', [length]: 2 ],
    [ 'high', 'sadness', [length]: 2 ],
    [length]: 12
  ],
  [
    [ 'high', 'happiness', [length]: 2 ],
    [ 'high', 'sadness', [length]: 2 ],
    [ 'high', 'calmness', [length]: 2 ],
    [ 'high', 'stress', [length]: 2 ],
    [ 'medium', 'happiness', [length]: 2 ],
    [ 'medium', 'sadness', [length]: 2 ],
    [ 'medium', 'calmness', [length]: 2 ],
    [ 'medium', 'stress', [length]: 2 ],
    [ 'low', 'happiness', [length]: 2 ],
    [ 'low', 'sadness', [length]: 2 ],
    [ 'low', 'calmness', [length]: 2 ],
    [ 'low', 'stress', [length]: 2 ],
    [length]: 12
  ],
  [
    [ 'low', 'sadness', [length]: 2 ],
    [ 'low', 'stress', [length]: 2 ],
    [ 'low', 'happiness', [length]: 2 ],
    [ 'low', 'calmness', [length]: 2 ],
    [ 'high', 'sadness', [length]: 2 ],
    [ 'high', 'stress', [length]: 2 ],
    [ 'high', 'happiness', [length]: 2 ],
    [ 'high', 'calmness', [length]: 2 ],
    [ 'medium', 'sadness', [length]: 2 ],
    [ 'medium', 'stress', [length]: 2 ],
    [ 'medium', 'happiness', [length]: 2 ],
    [ 'medium', 'calmness', [length]: 2 ],
    [length]: 12
  ],
  [
    [ 'medium', 'stress', [length]: 2 ],
    [ 'medium', 'calmness', [length]: 2 ],
    [ 'medium', 'sadness', [length]: 2 ],
    [ 'medium', 'happiness', [length]: 2 ],
    [ 'low', 'stress', [length]: 2 ],
    [ 'low', 'calmness', [length]: 2 ],
    [ 'low', 'sadness', [length]: 2 ],
    [ 'low', 'happiness', [length]: 2 ],
    [ 'high', 'stress', [length]: 2 ],
    [ 'high', 'calmness', [length]: 2 ],
    [ 'high', 'sadness', [length]: 2 ],
    [ 'high', 'happiness', [length]: 2 ],
    [length]: 12
  ],
  [
    [ 'high', 'calmness', [length]: 2 ],
    [ 'high', 'happiness', [length]: 2 ],
    [ 'high', 'stress', [length]: 2 ],
    [ 'high', 'sadness', [length]: 2 ],
    [ 'medium', 'calmness', [length]: 2 ],
    [ 'medium', 'happiness', [length]: 2 ],
    [ 'medium', 'stress', [length]: 2 ],
    [ 'medium', 'sadness', [length]: 2 ],
    [ 'low', 'calmness', [length]: 2 ],
    [ 'low', 'happiness', [length]: 2 ],
    [ 'low', 'stress', [length]: 2 ],
    [ 'low', 'sadness', [length]: 2 ],
    [length]: 12
  ],
  [
    [ 'low', 'happiness', [length]: 2 ],
    [ 'low', 'sadness', [length]: 2 ],
    [ 'low', 'calmness', [length]: 2 ],
    [ 'low', 'stress', [length]: 2 ],
    [ 'high', 'happiness', [length]: 2 ],
    [ 'high', 'sadness', [length]: 2 ],
    [ 'high', 'calmness', [length]: 2 ],
    [ 'high', 'stress', [length]: 2 ],
    [ 'medium', 'happiness', [length]: 2 ],
    [ 'medium', 'sadness', [length]: 2 ],
    [ 'medium', 'calmness', [length]: 2 ],
    [ 'medium', 'stress', [length]: 2 ],
    [length]: 12
  ],
  [
    [ 'medium', 'sadness', [length]: 2 ],
    [ 'medium', 'stress', [length]: 2 ],
    [ 'medium', 'happiness', [length]: 2 ],
    [ 'medium', 'calmness', [length]: 2 ],
    [ 'low', 'sadness', [length]: 2 ],
    [ 'low', 'stress', [length]: 2 ],
    [ 'low', 'happiness', [length]: 2 ],
    [ 'low', 'calmness', [length]: 2 ],
    [ 'high', 'sadness', [length]: 2 ],
    [ 'high', 'stress', [length]: 2 ],
    [ 'high', 'happiness', [length]: 2 ],
    [ 'high', 'calmness', [length]: 2 ],
    [length]: 12
  ],
  [
    [ 'high', 'stress', [length]: 2 ],
    [ 'high', 'calmness', [length]: 2 ],
    [ 'high', 'sadness', [length]: 2 ],
    [ 'high', 'happiness', [length]: 2 ],
    [ 'medium', 'stress', [length]: 2 ],
    [ 'medium', 'calmness', [length]: 2 ],
    [ 'medium', 'sadness', [length]: 2 ],
    [ 'medium', 'happiness', [length]: 2 ],
    [ 'low', 'stress', [length]: 2 ],
    [ 'low', 'calmness', [length]: 2 ],
    [ 'low', 'sadness', [length]: 2 ],
    [ 'low', 'happiness', [length]: 2 ],
    [length]: 12
  ],
  [
    [ 'low', 'calmness', [length]: 2 ],
    [ 'low', 'happiness', [length]: 2 ],
    [ 'low', 'stress', [length]: 2 ],
    [ 'low', 'sadness', [length]: 2 ],
    [ 'high', 'calmness', [length]: 2 ],
    [ 'high', 'happiness', [length]: 2 ],
    [ 'high', 'stress', [length]: 2 ],
    [ 'high', 'sadness', [length]: 2 ],
    [ 'medium', 'calmness', [length]: 2 ],
    [ 'medium', 'happiness', [length]: 2 ],
    [ 'medium', 'stress', [length]: 2 ],
    [ 'medium', 'sadness', [length]: 2 ],
    [length]: 12
  ],
  [
    [ 'medium', 'happiness', [length]: 2 ],
    [ 'medium', 'sadness', [length]: 2 ],
    [ 'medium', 'calmness', [length]: 2 ],
    [ 'medium', 'stress', [length]: 2 ],
    [ 'low', 'happiness', [length]: 2 ],
    [ 'low', 'sadness', [length]: 2 ],
    [ 'low', 'calmness', [length]: 2 ],
    [ 'low', 'stress', [length]: 2 ],
    [ 'high', 'happiness', [length]: 2 ],
    [ 'high', 'sadness', [length]: 2 ],
    [ 'high', 'calmness', [length]: 2 ],
    [ 'high', 'stress', [length]: 2 ],
    [length]: 12
  ],
  [
    [ 'high', 'sadness', [length]: 2 ],
    [ 'high', 'stress', [length]: 2 ],
    [ 'high', 'happiness', [length]: 2 ],
    [ 'high', 'calmness', [length]: 2 ],
    [ 'medium', 'sadness', [length]: 2 ],
    [ 'medium', 'stress', [length]: 2 ],
    [ 'medium', 'happiness', [length]: 2 ],
    [ 'medium', 'calmness', [length]: 2 ],
    [ 'low', 'sadness', [length]: 2 ],
    [ 'low', 'stress', [length]: 2 ],
    [ 'low', 'happiness', [length]: 2 ],
    [ 'low', 'calmness', [length]: 2 ],
    [length]: 12
  ],
  [
    [ 'low', 'stress', [length]: 2 ],
    [ 'low', 'calmness', [length]: 2 ],
    [ 'low', 'sadness', [length]: 2 ],
    [ 'low', 'happiness', [length]: 2 ],
    [ 'high', 'stress', [length]: 2 ],
    [ 'high', 'calmness', [length]: 2 ],
    [ 'high', 'sadness', [length]: 2 ],
    [ 'high', 'happiness', [length]: 2 ],
    [ 'medium', 'stress', [length]: 2 ],
    [ 'medium', 'calmness', [length]: 2 ],
    [ 'medium', 'sadness', [length]: 2 ],
    [ 'medium', 'happiness', [length]: 2 ],
    [length]: 12
  ],
  [length]: 12
]
