[
  [
    [ 'horizontal', [length]: 1 ],
    [ 'triangle', [length]: 1 ],
    [ 'vertical', [length]: 1 ],
    [ 'small', [length]: 1 ],
    [ 'vertical', [length]: 1 ],
    [ 'horizontal', [length]: 1 ],
    [ 'large', [length]: 1 ],
    [ 'triangle', [length]: 1 ],
    [ 'large', [length]: 1 ],
    [ 'triangle', [length]: 1 ],
    [ 'vertical', [length]: 1 ],
    [ 'small', [length]: 1 ],
    [ 'large', [length]: 1 ],
    [ 'horizontal', [length]: 1 ],
    [ 'small', [length]: 1 ],
    [length]: 15
  ],
  [
    [ 'horizontal', [length]: 1 ],
    [ 'triangle', [length]: 1 ],
    [ 'vertical', [length]: 1 ],
    [ 'small', [length]: 1 ],
    [ 'vertical', [length]: 1 ],
    [ 'horizontal', [length]: 1 ],
    [ 'large', [length]: 1 ],
    [ 'triangle', [length]: 1 ],
    [ 'large', [length]: 1 ],
    [ 'triangle', [length]: 1 ],
    [ 'vertical', [length]: 1 ],
    [ 'small', [length]: 1 ],
    [ 'large', [length]: 1 ],
    [ 'horizontal', [length]: 1 ],
    [ 'small', [length]: 1 ],
    [length]: 15
  ],
  [
    [ 'horizontal', [length]: 1 ],
    [ 'triangle', [length]: 1 ],
    [ 'vertical', [length]: 1 ],
    [ 'small', [length]: 1 ],
    [ 'vertical', [length]: 1 ],
    [ 'horizontal', [length]: 1 ],
    [ 'large', [length]: 1 ],
    [ 'triangle', [length]: 1 ],
    [ 'large', [length]: 1 ],
    [ 'triangle', [length]: 1 ],
    [ 'vertical', [length]: 1 ],
    [ 'small', [length]: 1 ],
    [ 'large', [length]: 1 ],
    [ 'horizontal', [length]: 1 ],
    [ 'small', [length]: 1 ],
    [length]: 15
  ],
  [
    [ 'horizontal', [length]: 1 ],
    [ 'triangle', [length]: 1 ],
    [ 'vertical', [length]: 1 ],
    [ 'small', [length]: 1 ],
    [ 'vertical', [length]: 1 ],
    [ 'horizontal', [length]: 1 ],
    [ 'large', [length]: 1 ],
    [ 'triangle', [length]: 1 ],
    [ 'large', [length]: 1 ],
    [ 'triangle', [length]: 1 ],
    [ 'vertical', [length]: 1 ],
    [ 'small', [length]: 1 ],
    [ 'large', [length]: 1 ],
    [ 'horizontal', [length]: 1 ],
    [ 'small', [length]: 1 ],
    [length]: 15
  ],
  [
    [ 'horizontal', [length]: 1 ],
    [ 'triangle', [length]: 1 ],
    [ 'vertical', [length]: 1 ],
    [ 'small', [length]: 1 ],
    [ 'vertical', [length]: 1 ],
    [ 'horizontal', [length]: 1 ],
    [ 'large', [length]: 1 ],
    [ 'triangle', [length]: 1 ],
    [ 'large', [length]: 1 ],
    [ 'triangle', [length]: 1 ],
    [ 'vertical', [length]: 1 ],
    [ 'small', [length]: 1 ],
    [ 'large', [length]: 1 ],
    [ 'horizontal', [length]: 1 ],
    [ 'small', [length]: 1 ],
    [length]: 15
  ],
  [
    [ 'horizontal', [length]: 1 ],
    [ 'triangle', [length]: 1 ],
    [ 'vertical', [length]: 1 ],
    [ 'small', [length]: 1 ],
    [ 'vertical', [length]: 1 ],
    [ 'horizontal', [length]: 1 ],
    [ 'large', [length]: 1 ],
    [ 'triangle', [length]: 1 ],
    [ 'large', [length]: 1 ],
    [ 'triangle', [length]: 1 ],
    [ 'vertical', [length]: 1 ],
    [ 'small', [length]: 1 ],
    [ 'large', [length]: 1 ],
    [ 'horizontal', [length]: 1 ],
    [ 'small', [length]: 1 ],
    [length]: 15
  ],
  [
    [ 'horizontal', [length]: 1 ],
    [ 'triangle', [length]: 1 ],
    [ 'vertical', [length]: 1 ],
    [ 'small', [length]: 1 ],
    [ 'vertical', [length]: 1 ],
    [ 'horizontal', [length]: 1 ],
    [ 'large', [length]: 1 ],
    [ 'triangle', [length]: 1 ],
    [ 'large', [length]: 1 ],
    [ 'triangle', [length]: 1 ],
    [ 'vertical', [length]: 1 ],
    [ 'small', [length]: 1 ],
    [ 'large', [length]: 1 ],
    [ 'horizontal', [length]: 1 ],
    [ 'small', [length]: 1 ],
    [length]: 15
  ],
  [
    [ 'horizontal', [length]: 1 ],
    [ 'triangle', [length]: 1 ],
    [ 'vertical', [length]: 1 ],
    [ 'small', [length]: 1 ],
    [ 'vertical', [length]: 1 ],
    [ 'horizontal', [length]: 1 ],
    [ 'large', [length]: 1 ],
    [ 'triangle', [length]: 1 ],
    [ 'large', [length]: 1 ],
    [ 'triangle', [length]: 1 ],
    [ 'vertical', [length]: 1 ],
    [ 'small', [length]: 1 ],
    [ 'large', [length]: 1 ],
    [ 'horizontal', [length]: 1 ],
    [ 'small', [length]: 1 ],
    [length]: 15
  ],
  [
    [ 'horizontal', [length]: 1 ],
    [ 'triangle', [length]: 1 ],
    [ 'vertical', [length]: 1 ],
    [ 'small', [length]: 1 ],
    [ 'vertical', [length]: 1 ],
    [ 'horizontal', [length]: 1 ],
    [ 'large', [length]: 1 ],
    [ 'triangle', [length]: 1 ],
    [ 'large', [length]: 1 ],
    [ 'triangle', [length]: 1 ],
    [ 'vertical', [length]: 1 ],
    [ 'small', [length]: 1 ],
    [ 'large', [length]: 1 ],
    [ 'horizontal', [length]: 1 ],
    [ 'small', [length]: 1 ],
    [length]: 15
  ],
  [
    [ 'horizontal', [length]: 1 ],
    [ 'triangle', [length]: 1 ],
    [ 'vertical', [length]: 1 ],
    [ 'small', [length]: 1 ],
    [ 'vertical', [length]: 1 ],
    [ 'horizontal', [length]: 1 ],
    [ 'large', [length]: 1 ],
    [ 'triangle', [length]: 1 ],
    [ 'large', [length]: 1 ],
    [ 'triangle', [length]: 1 ],
    [ 'vertical', [length]: 1 ],
    [ 'small', [length]: 1 ],
    [ 'large', [length]: 1 ],
    [ 'horizontal', [length]: 1 ],
    [ 'small', [length]: 1 ],
    [length]: 15
  ],
  [
    [ 'horizontal', [length]: 1 ],
    [ 'triangle', [length]: 1 ],
    [ 'vertical', [length]: 1 ],
    [ 'small', [length]: 1 ],
    [ 'vertical', [length]: 1 ],
    [ 'horizontal', [length]: 1 ],
    [ 'large', [length]: 1 ],
    [ 'triangle', [length]: 1 ],
    [ 'large', [length]: 1 ],
    [ 'triangle', [length]: 1 ],
    [ 'vertical', [length]: 1 ],
    [ 'small', [length]: 1 ],
    [ 'large', [length]: 1 ],
    [ 'horizontal', [length]: 1 ],
    [ 'small', [length]: 1 ],
    [length]: 15
  ],
  [
    [ 'horizontal', [length]: 1 ],
    [ 'triangle', [length]: 1 ],
    [ 'vertical', [length]: 1 ],
    [ 'small', [length]: 1 ],
    [ 'vertical', [length]: 1 ],
    [ 'horizontal', [length]: 1 ],
    [ 'large', [length]: 1 ],
    [ 'triangle', [length]: 1 ],
    [ 'large', [length]: 1 ],
    [ 'triangle', [length]: 1 ],
    [ 'vertical', [length]: 1 ],
    [ 'small', [length]: 1 ],
    [ 'large', [length]: 1 ],
    [ 'horizontal', [length]: 1 ],
    [ 'small', [length]: 1 ],
    [length]: 15
  ],
  [length]: 12
]
