[
  [
    [ 'CounterclockwiseSwipe', [length]: 1 ],
    [ 'SwipeRight', [length]: 1 ],
    [ 'Rest', [length]: 1 ],
    [ 'SwipeUp', [length]: 1 ],
    [ 'SwipeDown', [length]: 1 ],
    [ 'ClockwiseSwipe', [length]: 1 ],
    [ 'Tap', [length]: 1 ],
    [ 'Pinch', [length]: 1 ],
    [ 'DoubleTap', [length]: 1 ],
    [ 'SwipeLeft', [length]: 1 ],
    [ 'Spread', [length]: 1 ],
    [length]: 11
  ],
  [
    [ 'CounterclockwiseSwipe', [length]: 1 ],
    [ 'SwipeRight', [length]: 1 ],
    [ 'Rest', [length]: 1 ],
    [ 'SwipeUp', [length]: 1 ],
    [ 'SwipeDown', [length]: 1 ],
    [ 'ClockwiseSwipe', [length]: 1 ],
    [ 'Tap', [length]: 1 ],
    [ 'Pinch', [length]: 1 ],
    [ 'DoubleTap', [length]: 1 ],
    [ 'SwipeLeft', [length]: 1 ],
    [ 'Spread', [length]: 1 ],
    [length]: 11
  ],
  [
    [ 'CounterclockwiseSwipe', [length]: 1 ],
    [ 'SwipeRight', [length]: 1 ],
    [ 'Rest', [length]: 1 ],
    [ 'SwipeUp', [length]: 1 ],
    [ 'SwipeDown', [length]: 1 ],
    [ 'ClockwiseSwipe', [length]: 1 ],
    [ 'Tap', [length]: 1 ],
    [ 'Pinch', [length]: 1 ],
    [ 'DoubleTap', [length]: 1 ],
    [ 'SwipeLeft', [length]: 1 ],
    [ 'Spread', [length]: 1 ],
    [length]: 11
  ],
  [
    [ 'CounterclockwiseSwipe', [length]: 1 ],
    [ 'SwipeRight', [length]: 1 ],
    [ 'Rest', [length]: 1 ],
    [ 'SwipeUp', [length]: 1 ],
    [ 'SwipeDown', [length]: 1 ],
    [ 'ClockwiseSwipe', [length]: 1 ],
    [ 'Tap', [length]: 1 ],
    [ 'Pinch', [length]: 1 ],
    [ 'DoubleTap', [length]: 1 ],
    [ 'SwipeLeft', [length]: 1 ],
    [ 'Spread', [length]: 1 ],
    [length]: 11
  ],
  [
    [ 'CounterclockwiseSwipe', [length]: 1 ],
    [ 'SwipeRight', [length]: 1 ],
    [ 'Rest', [length]: 1 ],
    [ 'SwipeUp', [length]: 1 ],
    [ 'SwipeDown', [length]: 1 ],
    [ 'ClockwiseSwipe', [length]: 1 ],
    [ 'Tap', [length]: 1 ],
    [ 'Pinch', [length]: 1 ],
    [ 'DoubleTap', [length]: 1 ],
    [ 'SwipeLeft', [length]: 1 ],
    [ 'Spread', [length]: 1 ],
    [length]: 11
  ],
  [
    [ 'CounterclockwiseSwipe', [length]: 1 ],
    [ 'SwipeRight', [length]: 1 ],
    [ 'Rest', [length]: 1 ],
    [ 'SwipeUp', [length]: 1 ],
    [ 'SwipeDown', [length]: 1 ],
    [ 'ClockwiseSwipe', [length]: 1 ],
    [ 'Tap', [length]: 1 ],
    [ 'Pinch', [length]: 1 ],
    [ 'DoubleTap', [length]: 1 ],
    [ 'SwipeLeft', [length]: 1 ],
    [ 'Spread', [length]: 1 ],
    [length]: 11
  ],
  [
    [ 'CounterclockwiseSwipe', [length]: 1 ],
    [ 'SwipeRight', [length]: 1 ],
    [ 'Rest', [length]: 1 ],
    [ 'SwipeUp', [length]: 1 ],
    [ 'SwipeDown', [length]: 1 ],
    [ 'ClockwiseSwipe', [length]: 1 ],
    [ 'Tap', [length]: 1 ],
    [ 'Pinch', [length]: 1 ],
    [ 'DoubleTap', [length]: 1 ],
    [ 'SwipeLeft', [length]: 1 ],
    [ 'Spread', [length]: 1 ],
    [length]: 11
  ],
  [
    [ 'CounterclockwiseSwipe', [length]: 1 ],
    [ 'SwipeRight', [length]: 1 ],
    [ 'Rest', [length]: 1 ],
    [ 'SwipeUp', [length]: 1 ],
    [ 'SwipeDown', [length]: 1 ],
    [ 'ClockwiseSwipe', [length]: 1 ],
    [ 'Tap', [length]: 1 ],
    [ 'Pinch', [length]: 1 ],
    [ 'DoubleTap', [length]: 1 ],
    [ 'SwipeLeft', [length]: 1 ],
    [ 'Spread', [length]: 1 ],
    [length]: 11
  ],
  [
    [ 'CounterclockwiseSwipe', [length]: 1 ],
    [ 'SwipeRight', [length]: 1 ],
    [ 'Rest', [length]: 1 ],
    [ 'SwipeUp', [length]: 1 ],
    [ 'SwipeDown', [length]: 1 ],
    [ 'ClockwiseSwipe', [length]: 1 ],
    [ 'Tap', [length]: 1 ],
    [ 'Pinch', [length]: 1 ],
    [ 'DoubleTap', [length]: 1 ],
    [ 'SwipeLeft', [length]: 1 ],
    [ 'Spread', [length]: 1 ],
    [length]: 11
  ],
  [
    [ 'CounterclockwiseSwipe', [length]: 1 ],
    [ 'SwipeRight', [length]: 1 ],
    [ 'Rest', [length]: 1 ],
    [ 'SwipeUp', [length]: 1 ],
    [ 'SwipeDown', [length]: 1 ],
    [ 'ClockwiseSwipe', [length]: 1 ],
    [ 'Tap', [length]: 1 ],
    [ 'Pinch', [length]: 1 ],
    [ 'DoubleTap', [length]: 1 ],
    [ 'SwipeLeft', [length]: 1 ],
    [ 'Spread', [length]: 1 ],
    [length]: 11
  ],
  [
    [ 'CounterclockwiseSwipe', [length]: 1 ],
    [ 'SwipeRight', [length]: 1 ],
    [ 'Rest', [length]: 1 ],
    [ 'SwipeUp', [length]: 1 ],
    [ 'SwipeDown', [length]: 1 ],
    [ 'ClockwiseSwipe', [length]: 1 ],
    [ 'Tap', [length]: 1 ],
    [ 'Pinch', [length]: 1 ],
    [ 'DoubleTap', [length]: 1 ],
    [ 'SwipeLeft', [length]: 1 ],
    [ 'Spread', [length]: 1 ],
    [length]: 11
  ],
  [
    [ 'CounterclockwiseSwipe', [length]: 1 ],
    [ 'SwipeRight', [length]: 1 ],
    [ 'Rest', [length]: 1 ],
    [ 'SwipeUp', [length]: 1 ],
    [ 'SwipeDown', [length]: 1 ],
    [ 'ClockwiseSwipe', [length]: 1 ],
    [ 'Tap', [length]: 1 ],
    [ 'Pinch', [length]: 1 ],
    [ 'DoubleTap', [length]: 1 ],
    [ 'SwipeLeft', [length]: 1 ],
    [ 'Spread', [length]: 1 ],
    [length]: 11
  ],
  [length]: 12
]
